######## begin of glide-dock_XP_1-0001.log #########
Glide version 88139 (mmshare version 51139)
Copyright (c) Schrodinger, LLC.
All Rights Reserved.

--------------------------------------------------------------------------------
JobId          : JovelVargheseJose718-0-612a5701
Name           : glide-dock_XP_1-0001
Program        : Glide
Host           : JovelVargheseJose718
Dir            : C:\Users\hp\AppData\Local\Schrodinger\tmp\glide-dock_XP_1
HostEntry      : localhost
JobHost        : JovelVargheseJose718
JobDir         : C:\Users\hp\AppData\Local\Schrodinger\tmp\glide-dock_XP_1-0001
JobSchrodinger : C:\Program Files\Schrodinger2020-3
Commandline    : C:\Program Files\Schrodinger2020-3\glide.exe -RESTART -serial glide-dock_XP_1-0001.inp -HOST localhost
StartTime      : 2021-08-28-21:02:18
--------------------------------------------------------------------------------

[running at reduced cpu priority]
 VdW radii of ligand atoms scaled by   0.800000000000000     
 Charge cutoff for polarity   0.150000000000000     
 After readscreen, (nx, ny, nz) = (          27 ,           27 ,           27 ).
  Receptor setup: (nsites, nx, ny, nz, bsize)=(         125 ,           27 , 
          27 ,           27 ,    1.00000000000000      ).
 Screening setup finished.
 DOCKMAIN: getting receptor.
  DOCKMAIN after grid: (nx, ny, nz) = (          72 ,           72 , 
          72 ).

 Metal   At. Num.  Eff. Charge  Category    x         y         z
 7271      20       -1.00          -1    88.123   -21.467    39.640
 7300      20       -1.00          -1    17.065    10.568    52.540
  
 DOCKMAIN: Grid setup finished
Calling OPLS3e atomtyping ...
Finished parameter assignment

Reading torsion control file 'C:\Program Files\Schrodinger2020-3\glide-v8.8\bin\Windows-x64\..\..\data\torcontrol.txt':
  
  Using generalized torsion control 
  
 Number of rotatable bonds            1
 Using templates for ring conformations.
Glide Extra Precision Mode active.

GlideScore version XP5.0 will be used

  
 Buried polar penalty      0.000
 Coulomb vdW cutoff        0.000
 H bond cutoff             0.000
 Metal-ligand cutoff      10.000
Assigning GlideScore XP5.0 parameters
For Glide Extra Precision mode, will use maxref = 800
 Use grow mode-p
  
 REPORT POSE ANCH_2           1           0           2
 REPORT POSE ANCH_2           2           0          12
 REPORT POSE ANCH_2           3           0          19
 REPORT POSE ANCH_2           4           0          20
Full force-field refinement in receptor field for up to   10 poses
    4 poses will be postminimized for this ligand
Reporting postminimized pose   4 GlideScore =     -2.637
GlideScore(   -2.64)+Epik State Penalty(    2.45) =    -0.19 kcal/mol
DOCKING RESULTS FOR LIGAND        1 (favipiravir)
Best XP pose:    20;  GlideScore =     -2.64 Emodel =    -23.68 E =    -20.21 Eint =     1.57
  
 REPORT OF DOCKED POSES
  
 The ligand structures were written to the file
glide-dock_XP_1-0001_raw.maegz

Exiting Glide
Date: Saturday, August 28 2021, at 21:02:37 India Standard Time
CPU time (s): 9.7 user, 0.6 system, 10.6 real
Total elapsed time = 11 seconds
[running at reduced cpu priority]
######## end of glide-dock_XP_1-0001.log #########
######## begin of glide-dock_XP_1-0002.log #########
Glide version 88139 (mmshare version 51139)
Copyright (c) Schrodinger, LLC.
All Rights Reserved.

--------------------------------------------------------------------------------
JobId          : JovelVargheseJose718-0-612a571a
Name           : glide-dock_XP_1-0002
Program        : Glide
Host           : JovelVargheseJose718
Dir            : C:\Users\hp\AppData\Local\Schrodinger\tmp\glide-dock_XP_1
HostEntry      : localhost
JobHost        : JovelVargheseJose718
JobDir         : C:\Users\hp\AppData\Local\Schrodinger\tmp\glide-dock_XP_1-0002
JobSchrodinger : C:\Program Files\Schrodinger2020-3
Commandline    : C:\Program Files\Schrodinger2020-3\glide.exe -RESTART -serial glide-dock_XP_1-0002.inp -HOST localhost
StartTime      : 2021-08-28-21:02:44
--------------------------------------------------------------------------------

[running at reduced cpu priority]
Offsetting ligand numbers by 1
 VdW radii of ligand atoms scaled by   0.800000000000000     
 Charge cutoff for polarity   0.150000000000000     
 After readscreen, (nx, ny, nz) = (          27 ,           27 ,           27 ).
  Receptor setup: (nsites, nx, ny, nz, bsize)=(         125 ,           27 , 
          27 ,           27 ,    1.00000000000000      ).
 Screening setup finished.
 DOCKMAIN: getting receptor.
  DOCKMAIN after grid: (nx, ny, nz) = (          72 ,           72 , 
          72 ).

 Metal   At. Num.  Eff. Charge  Category    x         y         z
 7271      20       -1.00          -1    88.123   -21.467    39.640
 7300      20       -1.00          -1    17.065    10.568    52.540
  
 DOCKMAIN: Grid setup finished
Calling OPLS3e atomtyping ...
Finished parameter assignment

Reading torsion control file 'C:\Program Files\Schrodinger2020-3\glide-v8.8\bin\Windows-x64\..\..\data\torcontrol.txt':
  
  Using generalized torsion control 
  
 Number of rotatable bonds            1
 Using templates for ring conformations.
Glide Extra Precision Mode active.

GlideScore version XP5.0 will be used

  
 Buried polar penalty      0.000
 Coulomb vdW cutoff        0.000
 H bond cutoff             0.000
 Metal-ligand cutoff      10.000
Assigning GlideScore XP5.0 parameters
For Glide Extra Precision mode, will use maxref = 800
 Use grow mode-p
  
 REPORT POSE ANCH_2           1           0           3
 REPORT POSE ANCH_2           2           0           1
 REPORT POSE ANCH_2           3           0           7
 REPORT POSE ANCH_2           4           0          16
 REPORT POSE ANCH_2           5           0          14
 REPORT POSE ANCH_2           6           0           5
Full force-field refinement in receptor field for up to   10 poses
    6 poses will be postminimized for this ligand
Reporting original pose   5 GlideScore =     -3.072
GlideScore(   -3.07)+Epik State Penalty(    0.01) =    -3.06 kcal/mol
DOCKING RESULTS FOR LIGAND        2 (favipiravir)
Best XP pose:    14;  GlideScore =     -3.07 Emodel =    -20.34 E =    -17.56 Eint =     1.77
  
 REPORT OF DOCKED POSES
  
 The ligand structures were written to the file
glide-dock_XP_1-0002_raw.maegz

Exiting Glide
Date: Saturday, August 28 2021, at 21:03:01 India Standard Time
CPU time (s): 11.5 user, 0.8 system, 12.9 real
Total elapsed time = 13 seconds
[running at reduced cpu priority]
######## end of glide-dock_XP_1-0002.log #########
