
====================================
            Glide Script            
====================================

--------------------------------------------------------------------------------
JobId          : JovelVargheseJose718-0-612a56fb
Name           : glide-dock_XP_1
Program        : Glide
Host           : JovelVargheseJose718
Dir            : C:\Users\hp\Desktop\Hackbio\6GH8_favipiravir\glide-dock_XP_1
HostEntry      : localhost
JobHost        : JovelVargheseJose718
JobDir         : C:\Users\hp\AppData\Local\Schrodinger\tmp\glide-dock_XP_1
JobSchrodinger : C:\Program Files\Schrodinger2020-3
Commandline    : C:\Program Files\Schrodinger2020-3\glide.exe glide-dock_XP_1.in -OVERWRITE -adjust -HOST localhost:1 -PROJ C:\Users\hp\Desktop\Hackbio\6GH8_favipiravir\6gh8_favipiravir.prj -DISP append -VIEWNAME glide_docking_gui.DockingPanel -TMPLAUNCHDIR
StartTime      : 2021-08-28-21:02:12
--------------------------------------------------------------------------------

Running locally: False
Max retries: 2
Input file: glide-dock_XP_1.in

Setting up docking job
Separating ligands...
Number of structures that are to be docked: 2
Setting up Glide docking jobs...

Running subjobs on hosts:
  localhost (Max: 1)
Number of jobs:       2
Max retries per job:  2
Max allowed failures: unlimited
Run with -LOCAL:      False
Verbosity:            normal

Starting JobDJ...

Keep one job on driver host: False
JobDJ columns:
  C: Number of completed subjobs
  A: Number of active subjobs (e.g., submitted, running)
  W: Number of waiting/pending subjobs

C A W | Activity  JobId  JobName  JobHost
- - - | --------- -----------------------
0 1 1 | launched  JovelVargheseJose718-0-612a5701 glide-dock_XP_1-0001 localhost [JovelVargheseJose718]
1 0 1 | finished  JovelVargheseJose718-0-612a5701 glide-dock_XP_1-0001 localhost [JovelVargheseJose718]
1 1 0 | launched  JovelVargheseJose718-0-612a571a glide-dock_XP_1-0002 localhost [JovelVargheseJose718]
2 0 0 | finished  JovelVargheseJose718-0-612a571a glide-dock_XP_1-0002 localhost [JovelVargheseJose718]

All jobs have completed.

2 of 2 job(s) succeeded; 0 job(s) failed.

All jobs succeeded: 2 ligands done.
Writing poses to glide-dock_XP_1_pv.maegz
Combining log files to glide-dock_XP_1_subjobs.log
Archiving subjob pose files in glide-dock_XP_1_subjob_poses.zip
Archiving subjob input and log files in glide-dock_XP_1_subjobs.tar.gz
Cleaning up...

Elapsed times:
- preprocessing: 0.1 s
- running subjobs: 47.8 s
- postprocessing: 0.3 s
- cleanup: 0.0 s

All Glide docking subjobs: Total CPU time = 22 seconds

Finished at: Sat Aug 28 21:03:03 2021
Total elapsed time for Glide script = 48 seconds
[running at reduced cpu priority]
