######## begin of glide-dock_XP_17619932-0001.log #########
Glide version 88139 (mmshare version 51139)
Copyright (c) Schrodinger, LLC.
All Rights Reserved.

--------------------------------------------------------------------------------
JobId          : JovelVargheseJose718-0-612fa97e
Name           : glide-dock_XP_17619932-0001
Program        : Glide
Host           : JovelVargheseJose718
Dir            : C:\Users\hp\AppData\Local\Schrodinger\tmp\glide-dock_XP_17619932
HostEntry      : localhost
JobHost        : JovelVargheseJose718
JobDir         : C:\Users\hp\AppData\Local\Schrodinger\tmp\glide-dock_XP_17619932-0
JobSchrodinger : C:\Program Files\Schrodinger2020-3
Commandline    : C:\Program Files\Schrodinger2020-3\glide.exe -RESTART -serial glide-dock_XP_17619932-0001.inp -HOST localhost
StartTime      : 2021-09-01-21:55:35
--------------------------------------------------------------------------------

[running at reduced cpu priority]
 VdW radii of ligand atoms scaled by   0.800000000000000     
 Charge cutoff for polarity   0.150000000000000     
 After readscreen, (nx, ny, nz) = (          27 ,           27 ,           27 ).
  Receptor setup: (nsites, nx, ny, nz, bsize)=(         125 ,           27 , 
          27 ,           27 ,    1.00000000000000      ).
 Screening setup finished.
 DOCKMAIN: getting receptor.
  DOCKMAIN after grid: (nx, ny, nz) = (          72 ,           72 , 
          72 ).
 DOCKMAIN: Grid setup finished
Calling OPLS3e atomtyping ...
Finished parameter assignment

Reading torsion control file 'C:\Program Files\Schrodinger2020-3\glide-v8.8\bin\Windows-x64\..\..\data\torcontrol.txt':
  
  Using generalized torsion control 
  
 Number of rotatable bonds            7
 Using templates for ring conformations.
Glide Extra Precision Mode active.

GlideScore version XP5.0 will be used

  
 Buried polar penalty      0.000
 Coulomb vdW cutoff        0.000
 H bond cutoff             0.000
 Metal-ligand cutoff      10.000
Assigning GlideScore XP5.0 parameters
For Glide Extra Precision mode, will use maxref = 800
 Use grow mode-p
  
 REPORT POSE ANCH_2           1           0          13
 REPORT POSE ANCH_2           2           0          14
 REPORT POSE ANCH_2           3           0           2
 REPORT POSE ANCH_2           4           0           1
Full force-field refinement in receptor field for up to   10 poses
    4 poses will be postminimized for this ligand
Reporting postminimized pose   3 GlideScore =     -4.194
GlideScore(   -4.19)+Epik State Penalty(    0.00) =    -4.19 kcal/mol
DOCKING RESULTS FOR LIGAND        1 (Amb17619932)
Best XP pose:     2;  GlideScore =     -4.19 Emodel =    -30.07 E =    -31.09 Eint =     4.57
Calling OPLS3e atomtyping ...
Finished parameter assignment
 Number of rotatable bonds            7
 Using templates for ring conformations.
Glide Extra Precision Mode active.
For Glide Extra Precision mode, will use maxref = 800
 Use grow mode-p
  
 REPORT POSE ANCH_2           1           0           8
 REPORT POSE ANCH_2           2           0           1
 REPORT POSE ANCH_2           3           0          12
 REPORT POSE ANCH_2           4           0          20
    4 poses will be postminimized for this ligand
Reporting original pose   1 GlideScore =     -4.142
GlideScore(   -4.14)+Epik State Penalty(    0.00) =    -4.14 kcal/mol
DOCKING RESULTS FOR LIGAND        2 (Amb17619932)
Best XP pose:     8;  GlideScore =     -4.14 Emodel =    -28.32 E =    -24.82 Eint =     6.82
Calling OPLS3e atomtyping ...
Finished parameter assignment
 Number of rotatable bonds            7
 Using templates for ring conformations.
Glide Extra Precision Mode active.
For Glide Extra Precision mode, will use maxref = 800
 Use grow mode-p
  
 REPORT POSE ANCH_2           1           0          15
 REPORT POSE ANCH_2           2           0          11
    2 poses will be postminimized for this ligand
Reporting original pose   2 GlideScore =     -4.228
GlideScore(   -4.23)+Epik State Penalty(    0.00) =    -4.23 kcal/mol
DOCKING RESULTS FOR LIGAND        3 (Amb17619932)
Best XP pose:    11;  GlideScore =     -4.23 Emodel =    -36.04 E =    -30.26 Eint =     5.39
Calling OPLS3e atomtyping ...
Finished parameter assignment
 Number of rotatable bonds            7
 Using templates for ring conformations.
Glide Extra Precision Mode active.
For Glide Extra Precision mode, will use maxref = 800
 Use grow mode-p
  
 REPORT POSE ANCH_2           1           0           1
 REPORT POSE ANCH_2           2           0          13
 REPORT POSE ANCH_2           3           0          11
    3 poses will be postminimized for this ligand
Reporting postminimized pose   1 GlideScore =     -4.679
GlideScore(   -4.68)+Epik State Penalty(    0.00) =    -4.68 kcal/mol
DOCKING RESULTS FOR LIGAND        4 (Amb17619932)
Best XP pose:     1;  GlideScore =     -4.68 Emodel =    -31.59 E =    -29.46 Eint =     5.22
Calling OPLS3e atomtyping ...
Finished parameter assignment
 Number of rotatable bonds            7
 Using templates for ring conformations.
Glide Extra Precision Mode active.
For Glide Extra Precision mode, will use maxref = 800
 Use grow mode-p
  
 REPORT POSE ANCH_2           1           0           5
 REPORT POSE ANCH_2           2           0           6
 REPORT POSE ANCH_2           3           0          14
 REPORT POSE ANCH_2           4           0           4
 REPORT POSE ANCH_2           5           0           1
 REPORT POSE ANCH_2           6           0          13
 REPORT POSE ANCH_2           7           0          12
 REPORT POSE ANCH_2           8           0          20
 REPORT POSE ANCH_2           9           0          19
 REPORT POSE ANCH_2          10           0          17
   10 poses will be postminimized for this ligand
Reporting postminimized pose   2 GlideScore =     -4.077
GlideScore(   -4.08)+Epik State Penalty(    0.00) =    -4.08 kcal/mol
DOCKING RESULTS FOR LIGAND        5 (Amb17619932)
Best XP pose:     6;  GlideScore =     -4.08 Emodel =    -33.00 E =    -29.23 Eint =     1.64
Calling OPLS3e atomtyping ...
Finished parameter assignment
 Number of rotatable bonds            7
 Using templates for ring conformations.
Glide Extra Precision Mode active.
For Glide Extra Precision mode, will use maxref = 800
 Use grow mode-p
  
 REPORT POSE ANCH_2           1           0           1
 REPORT POSE ANCH_2           2           0          11
 REPORT POSE ANCH_2           3           0           8
 REPORT POSE ANCH_2           4           0          15
 REPORT POSE ANCH_2           5           0          10
 REPORT POSE ANCH_2           6           0           9
    6 poses will be postminimized for this ligand
Reporting postminimized pose   2 GlideScore =     -3.739
GlideScore(   -3.74)+Epik State Penalty(    0.00) =    -3.74 kcal/mol
DOCKING RESULTS FOR LIGAND        6 (Amb17619932)
Best XP pose:    11;  GlideScore =     -3.74 Emodel =    -29.52 E =    -27.00 Eint =     4.48
Calling OPLS3e atomtyping ...
Finished parameter assignment
 Number of rotatable bonds            7
 Using templates for ring conformations.
Glide Extra Precision Mode active.
For Glide Extra Precision mode, will use maxref = 800
 Use grow mode-p
  
 REPORT POSE ANCH_2           1           0          12
 REPORT POSE ANCH_2           2           0           6
 REPORT POSE ANCH_2           3           0           2
 REPORT POSE ANCH_2           4           0          10
 REPORT POSE ANCH_2           5           0           7
 REPORT POSE ANCH_2           6           0          14
 REPORT POSE ANCH_2           7           0           4
    7 poses will be postminimized for this ligand
Reporting postminimized pose   5 GlideScore =     -3.958
GlideScore(   -3.96)+Epik State Penalty(    0.00) =    -3.96 kcal/mol
DOCKING RESULTS FOR LIGAND        7 (Amb17619932)
Best XP pose:     7;  GlideScore =     -3.96 Emodel =    -31.47 E =    -28.52 Eint =     3.70
Calling OPLS3e atomtyping ...
Finished parameter assignment
 Number of rotatable bonds            7
 Using templates for ring conformations.
Glide Extra Precision Mode active.
For Glide Extra Precision mode, will use maxref = 800
 Use grow mode-p
  
 REPORT POSE ANCH_2           1           0           1
 REPORT POSE ANCH_2           2           0           4
 REPORT POSE ANCH_2           3           0           6
 REPORT POSE ANCH_2           4           0           2
 REPORT POSE ANCH_2           5           0          10
 REPORT POSE ANCH_2           6           0           9
    6 poses will be postminimized for this ligand
Reporting postminimized pose   3 GlideScore =     -4.487
GlideScore(   -4.49)+Epik State Penalty(    0.00) =    -4.49 kcal/mol
DOCKING RESULTS FOR LIGAND        8 (Amb17619932)
Best XP pose:     6;  GlideScore =     -4.49 Emodel =    -36.40 E =    -32.26 Eint =     2.93
Calling OPLS3e atomtyping ...
Finished parameter assignment
 Number of rotatable bonds            7
 Using templates for ring conformations.
Glide Extra Precision Mode active.
For Glide Extra Precision mode, will use maxref = 800
 Use grow mode-p
  
 REPORT POSE ANCH_2           1           0           3
 REPORT POSE ANCH_2           2           0          13
 REPORT POSE ANCH_2           3           0          10
 REPORT POSE ANCH_2           4           0          11
 REPORT POSE ANCH_2           5           0          19
    5 poses will be postminimized for this ligand
Reporting postminimized pose   3 GlideScore =     -3.982
GlideScore(   -3.98)+Epik State Penalty(    0.00) =    -3.98 kcal/mol
DOCKING RESULTS FOR LIGAND        9 (Amb17619932)
Best XP pose:    10;  GlideScore =     -3.98 Emodel =    -32.99 E =    -26.81 Eint =     2.37
  
 REPORT OF DOCKED POSES
  
 The ligand structures were written to the file
glide-dock_XP_17619932-0001_raw.maegz

Exiting Glide
Date: Wednesday, September 01 2021, at 22:09:10 India Standard Time
CPU time (s): 584.5 user, 3.8 system, 812.6 real
Total elapsed time = 813 seconds (13 minutes, 33 seconds)
[running at reduced cpu priority]
######## end of glide-dock_XP_17619932-0001.log #########
######## begin of glide-dock_XP_17619932-0002.log #########
Glide version 88139 (mmshare version 51139)
Copyright (c) Schrodinger, LLC.
All Rights Reserved.

--------------------------------------------------------------------------------
JobId          : JovelVargheseJose718-0-612facb4
Name           : glide-dock_XP_17619932-0002
Program        : Glide
Host           : JovelVargheseJose718
Dir            : C:\Users\hp\AppData\Local\Schrodinger\tmp\glide-dock_XP_17619932
HostEntry      : localhost
JobHost        : JovelVargheseJose718
JobDir         : C:\Users\hp\AppData\Local\Schrodinger\tmp\glide-dock_XP_17619932-0
JobSchrodinger : C:\Program Files\Schrodinger2020-3
Commandline    : C:\Program Files\Schrodinger2020-3\glide.exe -RESTART -serial glide-dock_XP_17619932-0002.inp -HOST localhost
StartTime      : 2021-09-01-22:09:18
--------------------------------------------------------------------------------

[running at reduced cpu priority]
Offsetting ligand numbers by 9
 VdW radii of ligand atoms scaled by   0.800000000000000     
 Charge cutoff for polarity   0.150000000000000     
 After readscreen, (nx, ny, nz) = (          27 ,           27 ,           27 ).
  Receptor setup: (nsites, nx, ny, nz, bsize)=(         125 ,           27 , 
          27 ,           27 ,    1.00000000000000      ).
 Screening setup finished.
 DOCKMAIN: getting receptor.
  DOCKMAIN after grid: (nx, ny, nz) = (          72 ,           72 , 
          72 ).
 DOCKMAIN: Grid setup finished
Calling OPLS3e atomtyping ...
Finished parameter assignment

Reading torsion control file 'C:\Program Files\Schrodinger2020-3\glide-v8.8\bin\Windows-x64\..\..\data\torcontrol.txt':
  
  Using generalized torsion control 
  
 Number of rotatable bonds            7
 Using templates for ring conformations.
Glide Extra Precision Mode active.

GlideScore version XP5.0 will be used

  
 Buried polar penalty      0.000
 Coulomb vdW cutoff        0.000
 H bond cutoff             0.000
 Metal-ligand cutoff      10.000
Assigning GlideScore XP5.0 parameters
For Glide Extra Precision mode, will use maxref = 800
 Use grow mode-p
  
 REPORT POSE ANCH_2           1           0           9
 REPORT POSE ANCH_2           2           0           2
 REPORT POSE ANCH_2           3           0           7
 REPORT POSE ANCH_2           4           0           8
 REPORT POSE ANCH_2           5           0           1
Full force-field refinement in receptor field for up to   10 poses
    5 poses will be postminimized for this ligand
Reporting postminimized pose   5 GlideScore =     -3.319
GlideScore(   -3.32)+Epik State Penalty(    0.00) =    -3.32 kcal/mol
DOCKING RESULTS FOR LIGAND       10 (Amb17619932)
Best XP pose:     1;  GlideScore =     -3.32 Emodel =    -31.37 E =    -29.65 Eint =     1.99
Calling OPLS3e atomtyping ...
Finished parameter assignment
 Number of rotatable bonds            7
 Using templates for ring conformations.
Glide Extra Precision Mode active.
For Glide Extra Precision mode, will use maxref = 800
 Use grow mode-p
  
 REPORT POSE ANCH_2           1           0           2
 REPORT POSE ANCH_2           2           0           9
 REPORT POSE ANCH_2           3           0          16
    3 poses will be postminimized for this ligand
Reporting postminimized pose   2 GlideScore =     -4.206
GlideScore(   -4.21)+Epik State Penalty(    0.00) =    -4.21 kcal/mol
DOCKING RESULTS FOR LIGAND       11 (Amb17619932)
Best XP pose:     9;  GlideScore =     -4.21 Emodel =    -39.08 E =    -33.67 Eint =     0.00
Calling OPLS3e atomtyping ...
Finished parameter assignment
 Number of rotatable bonds            7
 Using templates for ring conformations.
Glide Extra Precision Mode active.
For Glide Extra Precision mode, will use maxref = 800
 Use grow mode-p
  
 REPORT POSE ANCH_2           1           0           2
 REPORT POSE ANCH_2           2           0           9
 REPORT POSE ANCH_2           3           0           4
 REPORT POSE ANCH_2           4           0           5
 REPORT POSE ANCH_2           5           0           8
    5 poses will be postminimized for this ligand
Reporting original pose   1 GlideScore =     -4.649
GlideScore(   -4.65)+Epik State Penalty(    0.00) =    -4.65 kcal/mol
DOCKING RESULTS FOR LIGAND       12 (Amb17619932)
Best XP pose:     2;  GlideScore =     -4.65 Emodel =    -39.04 E =    -29.37 Eint =     0.00
Calling OPLS3e atomtyping ...
Finished parameter assignment
 Number of rotatable bonds            7
 Using templates for ring conformations.
Glide Extra Precision Mode active.
For Glide Extra Precision mode, will use maxref = 800
 Use grow mode-p
  
 REPORT POSE ANCH_2           1           0          12
 REPORT POSE ANCH_2           2           0           1
 REPORT POSE ANCH_2           3           0           6
 REPORT POSE ANCH_2           4           0           2
 REPORT POSE ANCH_2           5           0          18
 REPORT POSE ANCH_2           6           0          19
 REPORT POSE ANCH_2           7           0          17
 REPORT POSE ANCH_2           8           0          20
 REPORT POSE ANCH_2           9           0           8
 REPORT POSE ANCH_2          10           0           9
   10 poses will be postminimized for this ligand
Reporting postminimized pose   8 GlideScore =     -4.113
GlideScore(   -4.11)+Epik State Penalty(    0.00) =    -4.11 kcal/mol
DOCKING RESULTS FOR LIGAND       13 (Amb17619932)
Best XP pose:    20;  GlideScore =     -4.11 Emodel =    -31.77 E =    -31.76 Eint =     3.39
Calling OPLS3e atomtyping ...
Finished parameter assignment
 Number of rotatable bonds            7
 Using templates for ring conformations.
Glide Extra Precision Mode active.
For Glide Extra Precision mode, will use maxref = 800
 Use grow mode-p
  
 REPORT POSE ANCH_2           1           0          12
 REPORT POSE ANCH_2           2           0          18
 REPORT POSE ANCH_2           3           0           4
 REPORT POSE ANCH_2           4           0          17
 REPORT POSE ANCH_2           5           0          16
 REPORT POSE ANCH_2           6           0           8
 REPORT POSE ANCH_2           7           0           3
    7 poses will be postminimized for this ligand
Reporting original pose   7 GlideScore =     -3.732
GlideScore(   -3.73)+Epik State Penalty(    0.00) =    -3.73 kcal/mol
DOCKING RESULTS FOR LIGAND       14 (Amb17619932)
Best XP pose:     3;  GlideScore =     -3.73 Emodel =    -32.41 E =    -27.74 Eint =     3.60
Calling OPLS3e atomtyping ...
Finished parameter assignment
 Number of rotatable bonds            7
 Using templates for ring conformations.
Glide Extra Precision Mode active.
For Glide Extra Precision mode, will use maxref = 800
 Use grow mode-p
  
 REPORT POSE ANCH_2           1           0           1
 REPORT POSE ANCH_2           2           0           5
    2 poses will be postminimized for this ligand
Reporting postminimized pose   1 GlideScore =     -4.103
GlideScore(   -4.10)+Epik State Penalty(    0.00) =    -4.10 kcal/mol
DOCKING RESULTS FOR LIGAND       15 (Amb17619932)
Best XP pose:     1;  GlideScore =     -4.10 Emodel =    -33.17 E =    -30.80 Eint =     4.00
Calling OPLS3e atomtyping ...
Finished parameter assignment
 Number of rotatable bonds            7
 Using templates for ring conformations.
Glide Extra Precision Mode active.
For Glide Extra Precision mode, will use maxref = 800
 Use grow mode-p
  
 REPORT POSE ANCH_2           1           0           3
 REPORT POSE ANCH_2           2           0           6
 REPORT POSE ANCH_2           3           0           2
 REPORT POSE ANCH_2           4           0          14
 REPORT POSE ANCH_2           5           0           1
    5 poses will be postminimized for this ligand
Reporting postminimized pose   2 GlideScore =     -4.289
GlideScore(   -4.29)+Epik State Penalty(    0.00) =    -4.29 kcal/mol
DOCKING RESULTS FOR LIGAND       16 (Amb17619932)
Best XP pose:     6;  GlideScore =     -4.29 Emodel =    -30.35 E =    -28.45 Eint =     2.12
impmm_post_process_ligand(): input structure has 7346 atoms, maximum allowed is 1000.
GLIDE WARNING: Too many atoms or bonds for structure in: glide-dock_XP_17619932-0002_in.maegz
SKIP LIG       17 (sitemap_1_protein): STRUCTURE HAS TOO MANY ATOMS OR BONDS
GLIDE WARNING: Will skip atomtyping, docking.
Glide Extra Precision Mode active.
  
 REPORT OF DOCKED POSES
  
 The ligand structures were written to the file
glide-dock_XP_17619932-0002_raw.maegz

Exiting Glide
Date: Wednesday, September 01 2021, at 22:33:27 India Standard Time
CPU time (s): 354.5 user, 1.9 system, 1445.2 real
Total elapsed time = 1445 seconds (24 minutes, 5 seconds)
[running at reduced cpu priority]
######## end of glide-dock_XP_17619932-0002.log #########
