######## begin of glide-dock_XP_17619928-0001.log #########
Glide version 88139 (mmshare version 51139)
Copyright (c) Schrodinger, LLC.
All Rights Reserved.

--------------------------------------------------------------------------------
JobId          : JovelVargheseJose718-0-612f9ebe
Name           : glide-dock_XP_17619928-0001
Program        : Glide
Host           : JovelVargheseJose718
Dir            : C:\Users\hp\AppData\Local\Schrodinger\tmp\glide-dock_XP_17619928
HostEntry      : localhost
JobHost        : JovelVargheseJose718
JobDir         : C:\Users\hp\AppData\Local\Schrodinger\tmp\glide-dock_XP_17619928-0
JobSchrodinger : C:\Program Files\Schrodinger2020-3
Commandline    : C:\Program Files\Schrodinger2020-3\glide.exe -RESTART -serial glide-dock_XP_17619928-0001.inp -HOST localhost
StartTime      : 2021-09-01-21:09:43
--------------------------------------------------------------------------------

[running at reduced cpu priority]
 VdW radii of ligand atoms scaled by   0.800000000000000     
 Charge cutoff for polarity   0.150000000000000     
 After readscreen, (nx, ny, nz) = (          27 ,           27 ,           27 ).
  Receptor setup: (nsites, nx, ny, nz, bsize)=(         125 ,           27 , 
          27 ,           27 ,    1.00000000000000      ).
 Screening setup finished.
 DOCKMAIN: getting receptor.
  DOCKMAIN after grid: (nx, ny, nz) = (          72 ,           72 , 
          72 ).
 DOCKMAIN: Grid setup finished
Calling OPLS3e atomtyping ...
Finished parameter assignment

Reading torsion control file 'C:\Program Files\Schrodinger2020-3\glide-v8.8\bin\Windows-x64\..\..\data\torcontrol.txt':
  
  Using generalized torsion control 
  
 Number of rotatable bonds           12
 Using templates for ring conformations.
Glide Extra Precision Mode active.

GlideScore version XP5.0 will be used

  
 Buried polar penalty      0.000
 Coulomb vdW cutoff        0.000
 H bond cutoff             0.000
 Metal-ligand cutoff      10.000
Assigning GlideScore XP5.0 parameters
For Glide Extra Precision mode, will use maxref = 800
 Use grow mode-p
  
 REPORT POSE ANCH_2           1           0           4
 REPORT POSE ANCH_2           2           0           1
 REPORT POSE ANCH_2           3           0           3
 REPORT POSE ANCH_2           4           0           2
 REPORT POSE ANCH_2           5           0           6
 REPORT POSE ANCH_2           6           0          10
 REPORT POSE ANCH_2           7           0           7
Full force-field refinement in receptor field for up to   10 poses
    7 poses will be postminimized for this ligand
Reporting postminimized pose   4 GlideScore =     -5.841
GlideScore(   -5.84)+Epik State Penalty(    1.29) =    -4.55 kcal/mol
DOCKING RESULTS FOR LIGAND        1 (Amb17619928)
Best XP pose:     2;  GlideScore =     -5.84 Emodel =    -32.78 E =    -33.96 Eint =    10.39
Calling OPLS3e atomtyping ...
Finished parameter assignment
 Number of rotatable bonds           12
 Using templates for ring conformations.
Glide Extra Precision Mode active.
For Glide Extra Precision mode, will use maxref = 800
 Use grow mode-p
  
 REPORT POSE ANCH_2           1           0          15
 REPORT POSE ANCH_2           2           0          13
 REPORT POSE ANCH_2           3           0           2
 REPORT POSE ANCH_2           4           0          10
 REPORT POSE ANCH_2           5           0          12
 REPORT POSE ANCH_2           6           0           7
 REPORT POSE ANCH_2           7           0          14
 REPORT POSE ANCH_2           8           0           4
 REPORT POSE ANCH_2           9           0           1
 REPORT POSE ANCH_2          10           0           6
   10 poses will be postminimized for this ligand
Reporting postminimized pose   1 GlideScore =     -5.547
GlideScore(   -5.55)+Epik State Penalty(    1.29) =    -4.25 kcal/mol
DOCKING RESULTS FOR LIGAND        2 (Amb17619928)
Best XP pose:    15;  GlideScore =     -5.55 Emodel =    -35.79 E =    -35.62 Eint =     8.75
Calling OPLS3e atomtyping ...
Finished parameter assignment
 Number of rotatable bonds           12
 Using templates for ring conformations.
Glide Extra Precision Mode active.
For Glide Extra Precision mode, will use maxref = 800
 Use grow mode-p
  
 REPORT POSE ANCH_2           1           0           2
 REPORT POSE ANCH_2           2           0          14
 REPORT POSE ANCH_2           3           0           3
 REPORT POSE ANCH_2           4           0           4
    4 poses will be postminimized for this ligand
Reporting postminimized pose   1 GlideScore =     -1.637
GlideScore(   -1.64)+Epik State Penalty(    1.29) =    -0.34 kcal/mol
DOCKING RESULTS FOR LIGAND        3 (Amb17619928)
Best XP pose:     2;  GlideScore =     -1.64 Emodel =    -37.97 E =    -34.30 Eint =     6.49
Calling OPLS3e atomtyping ...
Finished parameter assignment
 Number of rotatable bonds           12
 Using templates for ring conformations.
Glide Extra Precision Mode active.
For Glide Extra Precision mode, will use maxref = 800
 Use grow mode-p
  
 REPORT POSE ANCH_2           1           0           2
 REPORT POSE ANCH_2           2           0          12
 REPORT POSE ANCH_2           3           0           7
 REPORT POSE ANCH_2           4           0           5
 REPORT POSE ANCH_2           5           0          11
 REPORT POSE ANCH_2           6           0           1
 REPORT POSE ANCH_2           7           0           8
 REPORT POSE ANCH_2           8           0          13
 REPORT POSE ANCH_2           9           0           9
 REPORT POSE ANCH_2          10           0           4
   10 poses will be postminimized for this ligand
Reporting postminimized pose   6 GlideScore =     -5.449
GlideScore(   -5.45)+Epik State Penalty(    1.29) =    -4.16 kcal/mol
DOCKING RESULTS FOR LIGAND        4 (Amb17619928)
Best XP pose:     1;  GlideScore =     -5.45 Emodel =    -33.83 E =    -37.47 Eint =    11.91
Calling OPLS3e atomtyping ...
Finished parameter assignment
 Number of rotatable bonds           12
 Using templates for ring conformations.
Glide Extra Precision Mode active.
For Glide Extra Precision mode, will use maxref = 800
 Use grow mode-p
  
 REPORT POSE ANCH_2           1           0           6
 REPORT POSE ANCH_2           2           0           9
 REPORT POSE ANCH_2           3           0           8
 REPORT POSE ANCH_2           4           0          16
 REPORT POSE ANCH_2           5           0           2
 REPORT POSE ANCH_2           6           0           5
 REPORT POSE ANCH_2           7           0          15
 REPORT POSE ANCH_2           8           0          14
 REPORT POSE ANCH_2           9           0          13
 REPORT POSE ANCH_2          10           0          10
   10 poses will be postminimized for this ligand
Reporting postminimized pose   8 GlideScore =     -4.155
GlideScore(   -4.16)+Epik State Penalty(    1.29) =    -2.86 kcal/mol
DOCKING RESULTS FOR LIGAND        5 (Amb17619928)
Best XP pose:    14;  GlideScore =     -4.16 Emodel =    -34.88 E =    -34.97 Eint =    10.36
Calling OPLS3e atomtyping ...
Finished parameter assignment
 Number of rotatable bonds           12
 Using templates for ring conformations.
Glide Extra Precision Mode active.
For Glide Extra Precision mode, will use maxref = 800
 Use grow mode-p
  
 REPORT POSE ANCH_2           1           0           6
 REPORT POSE ANCH_2           2           0           8
 REPORT POSE ANCH_2           3           0           3
 REPORT POSE ANCH_2           4           0           2
 REPORT POSE ANCH_2           5           0           9
 REPORT POSE ANCH_2           6           0           1
 REPORT POSE ANCH_2           7           0           5
 REPORT POSE ANCH_2           8           0           4
 REPORT POSE ANCH_2           9           0           7
    9 poses will be postminimized for this ligand
Reporting postminimized pose   3 GlideScore =     -4.221
GlideScore(   -4.22)+Epik State Penalty(    1.29) =    -2.93 kcal/mol
DOCKING RESULTS FOR LIGAND        6 (Amb17619928)
Best XP pose:     3;  GlideScore =     -4.22 Emodel =    -34.93 E =    -34.22 Eint =    11.61
Calling OPLS3e atomtyping ...
Finished parameter assignment
 Number of rotatable bonds           12
 Using templates for ring conformations.
Glide Extra Precision Mode active.
For Glide Extra Precision mode, will use maxref = 800
 Use grow mode-p
  
 REPORT POSE ANCH_2           1           0           1
 REPORT POSE ANCH_2           2           0          12
 REPORT POSE ANCH_2           3           0          20
    3 poses will be postminimized for this ligand
Reporting postminimized pose   1 GlideScore =     -4.705
GlideScore(   -4.70)+Epik State Penalty(    1.29) =    -3.41 kcal/mol
DOCKING RESULTS FOR LIGAND        7 (Amb17619928)
Best XP pose:     1;  GlideScore =     -4.70 Emodel =    -44.53 E =    -38.57 Eint =     0.00
Calling OPLS3e atomtyping ...
Finished parameter assignment
 Number of rotatable bonds           12
 Using templates for ring conformations.
Glide Extra Precision Mode active.
For Glide Extra Precision mode, will use maxref = 800
 Use grow mode-p
  
 REPORT POSE ANCH_2           1           0           9
 REPORT POSE ANCH_2           2           0           6
 REPORT POSE ANCH_2           3           0           7
 REPORT POSE ANCH_2           4           0           1
 REPORT POSE ANCH_2           5           0           2
 REPORT POSE ANCH_2           6           0          14
 REPORT POSE ANCH_2           7           0          10
 REPORT POSE ANCH_2           8           0           3
 REPORT POSE ANCH_2           9           0          11
 REPORT POSE ANCH_2          10           0          13
   10 poses will be postminimized for this ligand
Reporting postminimized pose  10 GlideScore =     -5.275
GlideScore(   -5.28)+Epik State Penalty(    1.29) =    -3.98 kcal/mol
DOCKING RESULTS FOR LIGAND        8 (Amb17619928)
Best XP pose:    13;  GlideScore =     -5.28 Emodel =    -38.26 E =    -39.55 Eint =     8.13
  
 REPORT OF DOCKED POSES
  
 The ligand structures were written to the file
glide-dock_XP_17619928-0001_raw.maegz

Exiting Glide
Date: Wednesday, September 01 2021, at 21:32:24 India Standard Time
CPU time (s): 1033.5 user, 17.2 system, 1356.5 real
Total elapsed time = 1357 seconds (22 minutes, 37 seconds)
[running at reduced cpu priority]
######## end of glide-dock_XP_17619928-0001.log #########
######## begin of glide-dock_XP_17619928-0002.log #########
Glide version 88139 (mmshare version 51139)
Copyright (c) Schrodinger, LLC.
All Rights Reserved.

--------------------------------------------------------------------------------
JobId          : JovelVargheseJose718-0-612fa415
Name           : glide-dock_XP_17619928-0002
Program        : Glide
Host           : JovelVargheseJose718
Dir            : C:\Users\hp\AppData\Local\Schrodinger\tmp\glide-dock_XP_17619928
HostEntry      : localhost
JobHost        : JovelVargheseJose718
JobDir         : C:\Users\hp\AppData\Local\Schrodinger\tmp\glide-dock_XP_17619928-0
JobSchrodinger : C:\Program Files\Schrodinger2020-3
Commandline    : C:\Program Files\Schrodinger2020-3\glide.exe -RESTART -serial glide-dock_XP_17619928-0002.inp -HOST localhost
StartTime      : 2021-09-01-21:32:30
--------------------------------------------------------------------------------

[running at reduced cpu priority]
Offsetting ligand numbers by 8
 VdW radii of ligand atoms scaled by   0.800000000000000     
 Charge cutoff for polarity   0.150000000000000     
 After readscreen, (nx, ny, nz) = (          27 ,           27 ,           27 ).
  Receptor setup: (nsites, nx, ny, nz, bsize)=(         125 ,           27 , 
          27 ,           27 ,    1.00000000000000      ).
 Screening setup finished.
 DOCKMAIN: getting receptor.
  DOCKMAIN after grid: (nx, ny, nz) = (          72 ,           72 , 
          72 ).
 DOCKMAIN: Grid setup finished
Calling OPLS3e atomtyping ...
Finished parameter assignment

Reading torsion control file 'C:\Program Files\Schrodinger2020-3\glide-v8.8\bin\Windows-x64\..\..\data\torcontrol.txt':
  
  Using generalized torsion control 
  
 Number of rotatable bonds           11
 Using templates for ring conformations.
Glide Extra Precision Mode active.

GlideScore version XP5.0 will be used

  
 Buried polar penalty      0.000
 Coulomb vdW cutoff        0.000
 H bond cutoff             0.000
 Metal-ligand cutoff      10.000
Assigning GlideScore XP5.0 parameters
For Glide Extra Precision mode, will use maxref = 800
 Use grow mode-p
  
 REPORT POSE ANCH_2           1           0          12
 REPORT POSE ANCH_2           2           0           3
 REPORT POSE ANCH_2           3           0          13
Full force-field refinement in receptor field for up to   10 poses
    3 poses will be postminimized for this ligand
Reporting original pose   3 GlideScore =     -3.157
GlideScore(   -3.16)+Epik State Penalty(    0.07) =    -3.09 kcal/mol
DOCKING RESULTS FOR LIGAND        9 (Amb17619928)
Best XP pose:    13;  GlideScore =     -3.16 Emodel =    -35.41 E =    -27.13 Eint =     0.00
Calling OPLS3e atomtyping ...
Finished parameter assignment
 Number of rotatable bonds           11
 Using templates for ring conformations.
Glide Extra Precision Mode active.
For Glide Extra Precision mode, will use maxref = 800
 Use grow mode-p
  
 REPORT POSE ANCH_2           1           0          12
 REPORT POSE ANCH_2           2           0          16
 REPORT POSE ANCH_2           3           0           4
 REPORT POSE ANCH_2           4           0           8
 REPORT POSE ANCH_2           5           0          17
 REPORT POSE ANCH_2           6           0          13
    6 poses will be postminimized for this ligand
Reporting original pose   2 GlideScore =     -4.063
GlideScore(   -4.06)+Epik State Penalty(    0.07) =    -3.99 kcal/mol
DOCKING RESULTS FOR LIGAND       10 (Amb17619928)
Best XP pose:    16;  GlideScore =     -4.06 Emodel =    -30.81 E =    -30.46 Eint =     8.44
Calling OPLS3e atomtyping ...
Finished parameter assignment
 Number of rotatable bonds           11
 Using templates for ring conformations.
Glide Extra Precision Mode active.
For Glide Extra Precision mode, will use maxref = 800
 Use grow mode-p
  
 REPORT POSE ANCH_2           1           0           6
 REPORT POSE ANCH_2           2           0           5
 REPORT POSE ANCH_2           3           0           7
 REPORT POSE ANCH_2           4           0           8
 REPORT POSE ANCH_2           5           0           1
 REPORT POSE ANCH_2           6           0           9
 REPORT POSE ANCH_2           7           0           2
 REPORT POSE ANCH_2           8           0           4
 REPORT POSE ANCH_2           9           0          10
    9 poses will be postminimized for this ligand
Reporting postminimized pose   6 GlideScore =     -4.666
GlideScore(   -4.67)+Epik State Penalty(    0.07) =    -4.59 kcal/mol
DOCKING RESULTS FOR LIGAND       11 (Amb17619928)
Best XP pose:     9;  GlideScore =     -4.67 Emodel =    -30.08 E =    -33.30 Eint =     5.67
Calling OPLS3e atomtyping ...
Finished parameter assignment
 Number of rotatable bonds           11
 Using templates for ring conformations.
Glide Extra Precision Mode active.
For Glide Extra Precision mode, will use maxref = 800
 Use grow mode-p
  
 REPORT POSE ANCH_2           1           0           4
 REPORT POSE ANCH_2           2           0           3
 REPORT POSE ANCH_2           3           0           5
 REPORT POSE ANCH_2           4           0          11
 REPORT POSE ANCH_2           5           0          12
 REPORT POSE ANCH_2           6           0          10
 REPORT POSE ANCH_2           7           0           6
 REPORT POSE ANCH_2           8           0           9
 REPORT POSE ANCH_2           9           0           1
 REPORT POSE ANCH_2          10           0           7
   10 poses will be postminimized for this ligand
Reporting postminimized pose   7 GlideScore =     -4.705
GlideScore(   -4.71)+Epik State Penalty(    0.07) =    -4.63 kcal/mol
DOCKING RESULTS FOR LIGAND       12 (Amb17619928)
Best XP pose:     6;  GlideScore =     -4.71 Emodel =    -32.19 E =    -36.86 Eint =    14.00
Calling OPLS3e atomtyping ...
Finished parameter assignment
 Number of rotatable bonds           11
 Using templates for ring conformations.
Glide Extra Precision Mode active.
For Glide Extra Precision mode, will use maxref = 800
 Use grow mode-p
  
 REPORT POSE ANCH_2           1           0           6
 REPORT POSE ANCH_2           2           0          10
 REPORT POSE ANCH_2           3           0           3
 REPORT POSE ANCH_2           4           0           1
 REPORT POSE ANCH_2           5           0           9
 REPORT POSE ANCH_2           6           0           8
 REPORT POSE ANCH_2           7           0           2
 REPORT POSE ANCH_2           8           0          11
 REPORT POSE ANCH_2           9           0           5
 REPORT POSE ANCH_2          10           0          12
   10 poses will be postminimized for this ligand
Reporting original pose   4 GlideScore =     -4.845
GlideScore(   -4.85)+Epik State Penalty(    0.07) =    -4.77 kcal/mol
DOCKING RESULTS FOR LIGAND       13 (Amb17619928)
Best XP pose:     1;  GlideScore =     -4.85 Emodel =    -33.73 E =    -28.80 Eint =     7.83
Calling OPLS3e atomtyping ...
Finished parameter assignment
 Number of rotatable bonds           11
 Using templates for ring conformations.
Glide Extra Precision Mode active.
For Glide Extra Precision mode, will use maxref = 800
 Use grow mode-p
  
 REPORT POSE ANCH_2           1           0           1
 REPORT POSE ANCH_2           2           0           3
 REPORT POSE ANCH_2           3           0           2
 REPORT POSE ANCH_2           4           0           4
 REPORT POSE ANCH_2           5           0           9
 REPORT POSE ANCH_2           6           0           8
 REPORT POSE ANCH_2           7           0           6
    7 poses will be postminimized for this ligand
Reporting postminimized pose   7 GlideScore =     -4.146
GlideScore(   -4.15)+Epik State Penalty(    0.07) =    -4.08 kcal/mol
DOCKING RESULTS FOR LIGAND       14 (Amb17619928)
Best XP pose:     6;  GlideScore =     -4.15 Emodel =    -40.56 E =    -37.40 Eint =     8.97
Calling OPLS3e atomtyping ...
Finished parameter assignment
 Number of rotatable bonds           11
 Using templates for ring conformations.
Glide Extra Precision Mode active.
For Glide Extra Precision mode, will use maxref = 800
 Use grow mode-t
  
 REPORT POSE ANCH_2           1           0           2
 REPORT POSE ANCH_2           2           0          10
 REPORT POSE ANCH_2           3           0          40
    3 poses will be postminimized for this ligand
Reporting postminimized pose   3 GlideScore =     -4.102
GlideScore(   -4.10)+Epik State Penalty(    0.07) =    -4.03 kcal/mol
DOCKING RESULTS FOR LIGAND       15 (Amb17619928)
Best XP pose:    40;  GlideScore =     -4.10 Emodel =    -38.23 E =    -38.23 Eint =    10.01
Calling OPLS3e atomtyping ...
Finished parameter assignment
 Number of rotatable bonds           11
 Using templates for ring conformations.
Glide Extra Precision Mode active.
For Glide Extra Precision mode, will use maxref = 800
 Use grow mode-p
  
 REPORT POSE ANCH_2           1           0           6
 REPORT POSE ANCH_2           2           0           7
 REPORT POSE ANCH_2           3           0           8
 REPORT POSE ANCH_2           4           0          12
 REPORT POSE ANCH_2           5           0           1
 REPORT POSE ANCH_2           6           0           9
 REPORT POSE ANCH_2           7           0           5
 REPORT POSE ANCH_2           8           0           4
 REPORT POSE ANCH_2           9           0          10
 REPORT POSE ANCH_2          10           0           3
   10 poses will be postminimized for this ligand
Reporting postminimized pose   7 GlideScore =     -4.734
GlideScore(   -4.73)+Epik State Penalty(    0.07) =    -4.66 kcal/mol
DOCKING RESULTS FOR LIGAND       16 (Amb17619928)
Best XP pose:     5;  GlideScore =     -4.73 Emodel =    -34.23 E =    -39.96 Eint =    10.84
  
 REPORT OF DOCKED POSES
  
 The ligand structures were written to the file
glide-dock_XP_17619928-0002_raw.maegz

Exiting Glide
Date: Wednesday, September 01 2021, at 21:44:53 India Standard Time
CPU time (s): 719.4 user, 6.3 system, 739.5 real
Total elapsed time = 739 seconds (12 minutes, 19 seconds)
[running at reduced cpu priority]
######## end of glide-dock_XP_17619928-0002.log #########
