
====================================
            Glide Script            
====================================

--------------------------------------------------------------------------------
JobId          : JovelVargheseJose718-0-612f9eb6
Name           : glide-dock_XP_17619928
Program        : Glide
Host           : JovelVargheseJose718
Dir            : C:\Users\hp\Desktop\Hackbio\docking\6gh8_ribavirin and similar compounds\glide-dock_XP_17619928
HostEntry      : localhost
JobHost        : JovelVargheseJose718
JobDir         : C:\Users\hp\AppData\Local\Schrodinger\tmp\glide-dock_XP_17619928
JobSchrodinger : C:\Program Files\Schrodinger2020-3
Commandline    : C:\Program Files\Schrodinger2020-3\glide.exe glide-dock_XP_17619928.in -OVERWRITE -adjust -HOST localhost:1 -PROJ C:\Users\hp\AppData\Local\Schrodinger\tmp\Tmp_01Sep2021_1737_05620 -DISP append -VIEWNAME glide_docking_gui.DockingPanel -TMPLAUNCHDIR
StartTime      : 2021-09-01-21:09:35
--------------------------------------------------------------------------------

Running locally: False
Max retries: 2
Input file: glide-dock_XP_17619928.in

Setting up docking job
Separating ligands...
Number of structures that are to be docked: 16
Setting up Glide docking jobs...

Running subjobs on hosts:
  localhost (Max: 1)
Number of jobs:       2
Max retries per job:  2
Max allowed failures: unlimited
Run with -LOCAL:      False
Verbosity:            normal

Starting JobDJ...

Keep one job on driver host: False
JobDJ columns:
  C: Number of completed subjobs
  A: Number of active subjobs (e.g., submitted, running)
  W: Number of waiting/pending subjobs

C A W | Activity  JobId  JobName  JobHost
- - - | --------- -----------------------
0 1 1 | launched  JovelVargheseJose718-0-612f9ebe glide-dock_XP_17619928-0001 localhost [JovelVargheseJose718]
1 0 1 | finished  JovelVargheseJose718-0-612f9ebe glide-dock_XP_17619928-0001 localhost [JovelVargheseJose718]
1 1 0 | launched  JovelVargheseJose718-0-612fa415 glide-dock_XP_17619928-0002 localhost [JovelVargheseJose718]
2 0 0 | finished  JovelVargheseJose718-0-612fa415 glide-dock_XP_17619928-0002 localhost [JovelVargheseJose718]

All jobs have completed.

2 of 2 job(s) succeeded; 0 job(s) failed.

All jobs succeeded: 16 ligands done.
Writing poses to glide-dock_XP_17619928_pv.maegz
Combining log files to glide-dock_XP_17619928_subjobs.log
Archiving subjob pose files in glide-dock_XP_17619928_subjob_poses.zip
Archiving subjob input and log files in glide-dock_XP_17619928_subjobs.tar.gz
Cleaning up...

Elapsed times:
- preprocessing: 0.2 s
- running subjobs: 2116.1 s
- postprocessing: 0.2 s
- cleanup: 0.0 s

All Glide docking subjobs: Total CPU time = 1776 seconds (29 min 36 s)

Finished at: Wed Sep  1 21:44:55 2021
Total elapsed time for Glide script = 2117 seconds (35 min 17 s)
[running at reduced cpu priority]
