######## begin of glide-dock_XP_26536467-0001.log #########
Glide version 88139 (mmshare version 51139)
Copyright (c) Schrodinger, LLC.
All Rights Reserved.

--------------------------------------------------------------------------------
JobId          : JovelVargheseJose718-0-612fc3be
Name           : glide-dock_XP_26536467-0001
Program        : Glide
Host           : JovelVargheseJose718
Dir            : C:\Users\hp\AppData\Local\Schrodinger\tmp\glide-dock_XP_26536467
HostEntry      : localhost
JobHost        : JovelVargheseJose718
JobDir         : C:\Users\hp\AppData\Local\Schrodinger\tmp\glide-dock_XP_26536467-0
JobSchrodinger : C:\Program Files\Schrodinger2020-3
Commandline    : C:\Program Files\Schrodinger2020-3\glide.exe -RESTART -serial glide-dock_XP_26536467-0001.inp -HOST localhost
StartTime      : 2021-09-01-23:47:35
--------------------------------------------------------------------------------

[running at reduced cpu priority]
 VdW radii of ligand atoms scaled by   0.800000000000000     
 Charge cutoff for polarity   0.150000000000000     
 After readscreen, (nx, ny, nz) = (          27 ,           27 ,           27 ).
  Receptor setup: (nsites, nx, ny, nz, bsize)=(         125 ,           27 , 
          27 ,           27 ,    1.00000000000000      ).
 Screening setup finished.
 DOCKMAIN: getting receptor.
  DOCKMAIN after grid: (nx, ny, nz) = (          72 ,           72 , 
          72 ).
 DOCKMAIN: Grid setup finished
Calling OPLS3e atomtyping ...
Finished parameter assignment

Reading torsion control file 'C:\Program Files\Schrodinger2020-3\glide-v8.8\bin\Windows-x64\..\..\data\torcontrol.txt':
  
  Using generalized torsion control 
  
 Number of rotatable bonds            2
 Using templates for ring conformations.
Glide Extra Precision Mode active.

GlideScore version XP5.0 will be used

  
 Buried polar penalty      0.000
 Coulomb vdW cutoff        0.000
 H bond cutoff             0.000
 Metal-ligand cutoff      10.000
Assigning GlideScore XP5.0 parameters
For Glide Extra Precision mode, will use maxref = 800
 Use grow mode-p
  
 REPORT POSE ANCH_2           1           0          12
 REPORT POSE ANCH_2           2           0          17
 REPORT POSE ANCH_2           3           0          20
 REPORT POSE ANCH_2           4           0          19
Full force-field refinement in receptor field for up to   10 poses
    4 poses will be postminimized for this ligand
Reporting postminimized pose   2 GlideScore =     -2.808
GlideScore(   -2.81)+Epik State Penalty(    0.00) =    -2.81 kcal/mol
DOCKING RESULTS FOR LIGAND        1 (Amb26536467)
Best XP pose:    17;  GlideScore =     -2.81 Emodel =    -18.88 E =    -15.33 Eint =     1.23
  
 REPORT OF DOCKED POSES
  
 The ligand structures were written to the file
glide-dock_XP_26536467-0001_raw.maegz

Exiting Glide
Date: Wednesday, September 01 2021, at 23:48:01 India Standard Time
CPU time (s): 21.6 user, 0.6 system, 23.0 real
Total elapsed time = 23 seconds
[running at reduced cpu priority]
######## end of glide-dock_XP_26536467-0001.log #########
######## begin of glide-dock_XP_26536467-0002.log #########
Glide version 88139 (mmshare version 51139)
Copyright (c) Schrodinger, LLC.
All Rights Reserved.

--------------------------------------------------------------------------------
JobId          : JovelVargheseJose718-0-612fc3df
Name           : glide-dock_XP_26536467-0002
Program        : Glide
Host           : JovelVargheseJose718
Dir            : C:\Users\hp\AppData\Local\Schrodinger\tmp\glide-dock_XP_26536467
HostEntry      : localhost
JobHost        : JovelVargheseJose718
JobDir         : C:\Users\hp\AppData\Local\Schrodinger\tmp\glide-dock_XP_26536467-0
JobSchrodinger : C:\Program Files\Schrodinger2020-3
Commandline    : C:\Program Files\Schrodinger2020-3\glide.exe -RESTART -serial glide-dock_XP_26536467-0002.inp -HOST localhost
StartTime      : 2021-09-01-23:48:09
--------------------------------------------------------------------------------

[running at reduced cpu priority]
Offsetting ligand numbers by 1
 VdW radii of ligand atoms scaled by   0.800000000000000     
 Charge cutoff for polarity   0.150000000000000     
 After readscreen, (nx, ny, nz) = (          27 ,           27 ,           27 ).
  Receptor setup: (nsites, nx, ny, nz, bsize)=(         125 ,           27 , 
          27 ,           27 ,    1.00000000000000      ).
 Screening setup finished.
 DOCKMAIN: getting receptor.
  DOCKMAIN after grid: (nx, ny, nz) = (          72 ,           72 , 
          72 ).
 DOCKMAIN: Grid setup finished
Calling OPLS3e atomtyping ...
Finished parameter assignment

Reading torsion control file 'C:\Program Files\Schrodinger2020-3\glide-v8.8\bin\Windows-x64\..\..\data\torcontrol.txt':
  
  Using generalized torsion control 
  
 Number of rotatable bonds            2
 Using templates for ring conformations.
Glide Extra Precision Mode active.

GlideScore version XP5.0 will be used

  
 Buried polar penalty      0.000
 Coulomb vdW cutoff        0.000
 H bond cutoff             0.000
 Metal-ligand cutoff      10.000
Assigning GlideScore XP5.0 parameters
For Glide Extra Precision mode, will use maxref = 800
 Use grow mode-p
  
 REPORT POSE ANCH_2           1           0           8
 REPORT POSE ANCH_2           2           0           3
 REPORT POSE ANCH_2           3           0           7
Full force-field refinement in receptor field for up to   10 poses
    3 poses will be postminimized for this ligand
Reporting original pose   1 GlideScore =     -2.908
GlideScore(   -2.91)+Epik State Penalty(    0.00) =    -2.91 kcal/mol
DOCKING RESULTS FOR LIGAND        2 (Amb26536467)
Best XP pose:     8;  GlideScore =     -2.91 Emodel =    -24.67 E =    -18.27 Eint =     0.03
  
 REPORT OF DOCKED POSES
  
 The ligand structures were written to the file
glide-dock_XP_26536467-0002_raw.maegz

Exiting Glide
Date: Wednesday, September 01 2021, at 23:48:30 India Standard Time
CPU time (s): 17.2 user, 0.4 system, 17.8 real
Total elapsed time = 18 seconds
[running at reduced cpu priority]
######## end of glide-dock_XP_26536467-0002.log #########
