--------------------------------------------------------------------------------
JobId          : JovelVargheseJose718-0-61387c50
Name           : ligprep_2
Program        : LigPrep
Host           : JovelVargheseJose718
Dir            : C:\Users\hp\Desktop\Hackbio\docking\6gh8_atorvastatin and similar compounds\ligprep_2
HostEntry      : localhost
JobHost        : JovelVargheseJose718
JobDir         : C:\Users\hp\AppData\Local\Schrodinger\tmp\ligprep_2
JobSchrodinger : C:\Program Files\Schrodinger2020-3
Commandline    : C:\Program Files\Schrodinger2020-3\ligprep.exe -inp ligprep_2.inp -HOST localhost:1 -NJOBS 1 -PROJ C:\Users\hp\AppData\Local\Schrodinger\tmp\Tmp_08Sep2021_1429_40574 -DISP append -VIEWNAME ligprep_gui.LigPrepPanel -TMPLAUNCHDIR
StartTime      : 2021-09-08-14:33:13
--------------------------------------------------------------------------------
LigPrep (version 55139). Copyright Schrodinger, LLC. All rights reserved.

LigPrep command:
$SCHRODINGER/ligprep -bff 16 -epik -s 1 -isd ligprep_2.sdf -omae ligprep_2-out.maegz

Processing steps:
$DO.sdconvert_in -bad -orig_file_index 0 -orig_file ligprep_2.sdf ligprep_2.sdf
$DO.sdstereoexpander -add_hydrogens -max_output 1 -max_generated 32 <infile.mae> <outfile.mae>
$DO.htreat -t All-None -a all -s -l 200 <infile.mae> <outfile.mae>
$DO.desalter <infile.mae> <outfile.mae>
$DO.neutralizer -m 200 <infile.mae> <outfile.mae>
$DO.epik.py -ph 7.0 -tn 8 -ma 200 -imae <infile.mae> -omae <outfile.mae>
$DO.guard <infile.mae> <outfile.mae>
$DO.stereoizer -label_specified_chiralities -n 1 <infile.mae> <outfile.mae>
$DO.cgx -optimize -ffld 16 -epsilon 10.0 <infile.mae> <outfile.mae>
$DO.filterstereo -max_stereo 1 <infile.mae> <outfile.mae>

DO=$SCHRODINGER\run python3 -m schrodinger.application.macromodel.packages.ligprep3

# counts of output and dropped structures after processing steps
# index  sdstex  htreat  desalt  neutra   epik    guard  stereo    cgx   filter  title
       1   1/0     1/0     1/0     1/0     1/0     1/0     1/0     1/0     1/0   'Amb10603959'
       2   1/0     1/0     1/0     1/0     1/0     1/0     1/0     1/0     1/0   'Amb10843637'
       3   1/0     1/0     1/0     1/0     1/0     1/0     1/0     1/0     1/0   'Amb16207450'
       4   1/0     1/0     1/0     1/0     1/0     1/0     1/0     1/0     1/0   'Amb17608545'
       5   1/0     1/0     1/0     1/0     1/0     1/0     1/0     1/0     1/0   'Amb17608546'
       6   1/0     1/0     1/0     1/0     1/0     1/0     1/0     1/0     1/0   'Amb17608547'
       7   1/0     1/0     1/0     1/0     1/0     1/0     1/0     1/0     1/0   'Amb17608549'
       8   1/0     1/0     1/0     1/0     1/0     1/0     1/0     1/0     1/0   'Amb17608552'
       9   1/0     1/0     1/0     1/0     1/0     1/0     1/0     1/0     1/0   'Amb17608553'
      10   1/0     1/0     1/0     1/0     1/0     1/0     1/0     1/0     1/0   'Amb17608554'
      11   1/0     1/0     1/0     1/0     1/0     1/0     1/0     1/0     1/0   'Amb17608558'
      12   1/0     1/0     1/0     1/0     1/0     1/0     1/0     1/0     1/0   'Amb17608560'
      13   1/0     1/0     1/0     1/0     1/0     1/0     1/0     1/0     1/0   'Amb17608561'
      14   1/0     1/0     1/0     1/0     1/0     1/0     1/0     1/0     1/0   'Amb17608568'
      15   1/0     1/0     1/0     1/0     1/0     1/0     1/0     1/0     1/0   'Amb17609209'
      16   1/0     1/0     1/0     1/0     1/0     1/0     1/0     1/0     1/0   'Amb17609270'
      17   1/0     1/0     1/0     1/0     1/0     1/0     1/0     1/0     1/0   'Amb17609271'
      18   1/0     1/0     1/0     1/0     1/0     1/0     1/0     1/0     1/0   'Amb17611650'
      19   1/0     1/0     1/0     1/0     1/0     1/0     1/0     1/0     1/0   'Amb17611651'
      20   1/0     1/0     1/0     1/0     1/0     1/0     1/0     1/0     1/0   'Amb17614451'
      21   1/0     1/0     1/0     1/0     1/0     1/0     1/0     1/0     1/0   'Amb17614452'
      22   1/0     1/0     1/0     1/0     1/0     1/0     1/0     1/0     1/0   'Amb17615141'
      23   1/0     1/0     1/0     1/0     1/0     1/0     1/0     1/0     1/0   'Amb17615142'
      24   1/0     1/0     1/0     1/0     1/0     1/0     1/0     1/0     1/0   'Amb17615143'
      25   1/0     1/0     1/0     1/0     1/0     1/0     1/0     1/0     1/0   'Amb17615144'
      26   1/0     1/0     1/0     1/0     1/0     1/0     1/0     1/0     1/0   'Amb17615145'
      27   1/0     1/0     1/0     1/0     1/0     1/0     1/0     1/0     1/0   'Amb17615147'
      28   1/0     1/0     1/0     1/0     1/0     1/0     1/0     1/0     1/0   'Amb17615148'
      29   1/0     1/0     1/0     1/0     1/0     1/0     1/0     1/0     1/0   'Amb17617195'
      30   1/0     1/0     1/0     1/0     1/0     1/0     1/0     1/0     1/0   'Amb17619294'
      31   1/0     1/0     1/0     1/0     1/0     1/0     1/0     1/0     1/0   'Amb19130786'
      32   1/0     1/0     1/0     1/0     1/0     1/0     1/0     1/0     1/0   'Amb19130787'
      33   1/0     1/0     1/0     1/0     1/0     1/0     1/0     1/0     1/0   'Amb19131433'
      34   1/0     1/0     1/0     1/0     1/0     1/0     1/0     1/0     1/0   'Amb19132358'
      35   1/0     1/0     1/0     1/0     1/0     1/0     1/0     1/0     1/0   'Amb19132359'
      36   1/0     1/0     1/0     1/0     1/0     1/0     1/0     1/0     1/0   'Amb19848993'
      37   1/0     1/0     1/0     1/0     1/0     1/0     1/0     1/0     1/0   'Amb22055996'
      38   1/0     1/0     1/0     1/0     1/0     1/0     1/0     1/0     1/0   'Amb22264600'
      39   1/0     1/0     1/0     1/0     1/0     1/0     1/0     1/0     1/0   'Amb24084695'
      40   1/0     1/0     1/0     1/0     1/0     1/0     1/0     1/0     1/0   'Amb24084696'
      41   1/0     1/0     1/0     1/0     1/0     1/0     1/0     1/0     1/0   'Amb24084697'
      42   1/0     1/0     1/0     1/0     1/0     1/0     1/0     1/0     1/0   'Amb2678449'
      43   1/0     1/0     1/0     1/0     1/0     1/0     1/0     1/0     1/0   'Amb28536894'
guard:
INFO atom 26 is of undesired type 70

      44   1/0     1/0     1/0     1/0     1/0     0/1     0/0     0/0     0/0   'Amb28543952'
WARNING : MMCT ERROR(-4): mmct_atom_get_xyz(): 
	-10000 is an invalid atom index for CT 15179
WARNING : MMCT ERROR(-4): mmct_atom_get_xyz(): 
	-10000 is an invalid atom index for CT 15179
      45   1/0     1/0     1/0     1/0     1/0     1/0     1/0     1/0     1/0   'Amb28992585'
      46   1/0     1/0     1/0     1/0     1/0     1/0     1/0     1/0     1/0   'Amb32411857'
      47   1/0     1/0     1/0     1/0     1/0     1/0     1/0     1/0     1/0   'Amb33825939'
      48   1/0     1/0     1/0     1/0     1/0     1/0     1/0     1/0     1/0   'Amb33845026'
WARNING : MMCT ERROR(-4): mmct_atom_get_xyz(): 
	-10000 is an invalid atom index for CT 15184
WARNING : MMCT ERROR(-4): mmct_atom_get_xyz(): 
	-10000 is an invalid atom index for CT 15184
WARNING : MMCT ERROR(-4): mmct_atom_get_xyz(): 
	-10000 is an invalid atom index for CT 15184
WARNING : MMCT ERROR(-4): mmct_atom_get_xyz(): 
	-10000 is an invalid atom index for CT 15184
      49   1/0     1/0     1/0     1/0     1/0     1/0     1/0     1/0     1/0   'Amb33848208'
      50   1/0     1/0     1/0     1/0     1/0     1/0     1/0     1/0     1/0   'Amb34912146'
WARNING : MMCT ERROR(-4): mmct_atom_get_xyz(): 
	-10000 is an invalid atom index for CT 15048
WARNING : MMCT ERROR(-4): mmct_atom_get_xyz(): 
	-10000 is an invalid atom index for CT 15048
# counts of output and dropped structures after processing steps
# index  sdstex  htreat  desalt  neutra   epik    guard  stereo    cgx   filter  title
      51   1/0     1/0     1/0     1/0     1/0     1/0     1/0     1/0     1/0   'Amb34920341'
      52   1/0     1/0     1/0     1/0     1/0     1/0     1/0     1/0     1/0   'Amb34921594'
      53   1/0     1/0     1/0     1/0     1/0     1/0     1/0     1/0     1/0   'Amb34922141'
      54   1/0     1/0     1/0     1/0     1/0     1/0     1/0     1/0     1/0   'Amb35755578'
      55   1/0     1/0     1/0     1/0     1/0     1/0     1/0     1/0     1/0   'Amb35755585'
      56   1/0     1/0     1/0     1/0     1/0     1/0     1/0     1/0     1/0   'Amb35755634'
      57   1/0     1/0     1/0     1/0     1/0     1/0     1/0     1/0     1/0   'Amb35755715'
      58   1/0     1/0     1/0     1/0     1/0     1/0     1/0     1/0     1/0   'Amb35755732'
      59   1/0     1/0     1/0     1/0     1/0     1/0     1/0     1/0     1/0   'Amb35790717'
      60   1/0     1/0     1/0     1/0     1/0     1/0     1/0     1/0     1/0   'Amb35790799'
      61   1/0     1/0     1/0     1/0     1/0     1/0     1/0     1/0     1/0   'Amb35791101'
      62   1/0     1/0     1/0     1/0     1/0     1/0     1/0     1/0     1/0   'Amb35792138'
      63   1/0     1/0     1/0     1/0     1/0     1/0     1/0     1/0     1/0   'Amb35792139'
      64   1/0     1/0     1/0     1/0     1/0     1/0     1/0     1/0     1/0   'Amb35792140'
      65   1/0     1/0     1/0     1/0     1/0     1/0     1/0     1/0     1/0   'Amb35792142'
      66   1/0     1/0     1/0     1/0     1/0     1/0     1/0     1/0     1/0   'Amb35792143'
      67   1/0     1/0     1/0     1/0     1/0     1/0     1/0     1/0     1/0   'Amb35792144'
      68   1/0     1/0     1/0     1/0     1/0     1/0     1/0     1/0     1/0   'Amb35792145'
      69   1/0     1/0     1/0     1/0     1/0     1/0     1/0     1/0     1/0   'Amb35792146'
      70   1/0     1/0     1/0     1/0     1/0     1/0     1/0     1/0     1/0   'Amb35792147'
      71   1/0     1/0     1/0     1/0     1/0     1/0     1/0     1/0     1/0   'Amb35792148'
      72   1/0     1/0     1/0     1/0     1/0     1/0     1/0     1/0     1/0   'Amb35792362'
      73   1/0     1/0     1/0     1/0     1/0     1/0     1/0     1/0     1/0   'Amb35792363'
      74   1/0     1/0     1/0     1/0     1/0     1/0     1/0     1/0     1/0   'Amb35795833'
      75   1/0     1/0     1/0     1/0     1/0     1/0     1/0     1/0     1/0   'Amb35797317'
      76   1/0     1/0     1/0     1/0     1/0     1/0     1/0     1/0     1/0   'Amb35797318'
      77   1/0     1/0     1/0     1/0     1/0     1/0     1/0     1/0     1/0   'Amb35797319'
      78   1/0     1/0     1/0     1/0     1/0     1/0     1/0     1/0     1/0   'Amb35797320'
      79   1/0     1/0     1/0     1/0     1/0     1/0     1/0     1/0     1/0   'Amb35797616'
      80   1/0     1/0     1/0     1/0     1/0     1/0     1/0     1/0     1/0   'Amb35803606'
      81   1/0     1/0     1/0     1/0     1/0     1/0     1/0     1/0     1/0   'Amb35805879'
      82   1/0     1/0     1/0     1/0     1/0     1/0     1/0     1/0     1/0   'Amb35808060'
      83   1/0     1/0     1/0     1/0     1/0     1/0     1/0     1/0     1/0   'Amb35808395'
WARNING : MMCT ERROR(-4): mmct_atom_get_xyz(): 
	-10000 is an invalid atom index for CT 15417
WARNING : MMCT ERROR(-4): mmct_atom_get_xyz(): 
	-10000 is an invalid atom index for CT 15417
      84   1/0     1/0     1/0     1/0     1/0     1/0     1/0     1/0     1/0   'Amb35813715'
      85   1/0     1/0     1/0     1/0     1/0     1/0     1/0     1/0     1/0   'Amb35814049'
      86   1/0     1/0     1/0     1/0     1/0     1/0     1/0     1/0     1/0   'Amb35815387'
WARNING : MMCT ERROR(-4): mmct_atom_get_xyz(): 
	-10000 is an invalid atom index for CT 15192
WARNING : MMCT ERROR(-4): mmct_atom_get_xyz(): 
	-10000 is an invalid atom index for CT 15192
      87   1/0     1/0     1/0     1/0     1/0     1/0     1/0     1/0     1/0   'Amb35822772'
      88   1/0     1/0     1/0     1/0     1/0     1/0     1/0     1/0     1/0   'Amb35823276'
WARNING : MMCT ERROR(-4): mmct_atom_get_xyz(): 
	-10000 is an invalid atom index for CT 15428
WARNING : MMCT ERROR(-4): mmct_atom_get_xyz(): 
	-10000 is an invalid atom index for CT 15428
      89   1/0     1/0     1/0     1/0     1/0     1/0     1/0     1/0     1/0   'Amb35823277'
      90   1/0     1/0     1/0     1/0     1/0     1/0     1/0     1/0     1/0   'Amb36278860'
      91   1/0     1/0     1/0     1/0     1/0     1/0     1/0     1/0     1/0   'Amb535780'
      92   1/0     1/0     1/0     1/0     1/0     1/0     1/0     1/0     1/0   'Amb815624'
      93   1/0     1/0     1/0     1/0     1/0     1/0     1/0     1/0     1/0   'Amb831773'
      94   1/0     1/0     1/0     1/0     1/0     1/0     1/0     1/0     1/0   'Amb8383905'
      95   1/0     1/0     1/0     1/0     1/0     1/0     1/0     1/0     1/0   'Amb8384035'
      96   1/0     1/0     1/0     1/0     1/0     1/0     1/0     1/0     1/0   'Amb8397332'
      97   1/0     1/0     1/0     1/0     1/0     1/0     1/0     1/0     1/0   'Amb8397335'
      98   1/0     1/0     1/0     1/0     1/0     1/0     1/0     1/0     1/0   'Amb8628246'

dropped structures:
guard: 44

# of processed structures in "ligprep_2-out.maegz" : 97
# of dropped structures in "ligprep_2-dropped.sdf" : 1

backend run time: 0 hours 4 minutes 52.469 seconds
