######## begin of glide-dock_XP_2-0001.log #########
Glide version 88139 (mmshare version 51139)
Copyright (c) Schrodinger, LLC.
All Rights Reserved.

--------------------------------------------------------------------------------
JobId          : JovelVargheseJose718-0-6138e014
Name           : glide-dock_XP_2-0001
Program        : Glide
Host           : JovelVargheseJose718
Dir            : C:\Users\hp\AppData\Local\Schrodinger\tmp\glide-dock_XP_2
HostEntry      : localhost
JobHost        : JovelVargheseJose718
JobDir         : C:\Users\hp\AppData\Local\Schrodinger\tmp\glide-dock_XP_2-0001
JobSchrodinger : C:\Program Files\Schrodinger2020-3
Commandline    : C:\Program Files\Schrodinger2020-3\glide.exe -RESTART -serial glide-dock_XP_2-0001.inp -HOST localhost
StartTime      : 2021-09-08-21:38:54
--------------------------------------------------------------------------------

[running at reduced cpu priority]
 VdW radii of ligand atoms scaled by   0.800000000000000     
 Charge cutoff for polarity   0.150000000000000     
 After readscreen, (nx, ny, nz) = (          27 ,           27 ,           27 ).
  Receptor setup: (nsites, nx, ny, nz, bsize)=(         125 ,           27 , 
          27 ,           27 ,    1.00000000000000      ).
 Screening setup finished.
 DOCKMAIN: getting receptor.
  DOCKMAIN after grid: (nx, ny, nz) = (          72 ,           72 , 
          72 ).
 DOCKMAIN: Grid setup finished
Calling OPLS3e atomtyping ...
Finished parameter assignment

Reading torsion control file 'C:\Program Files\Schrodinger2020-3\glide-v8.8\bin\Windows-x64\..\..\data\torcontrol.txt':
  
  Using generalized torsion control 
  
 Number of rotatable bonds           14
 Using templates for ring conformations.
Glide Extra Precision Mode active.

GlideScore version XP5.0 will be used

  
 Buried polar penalty      0.000
 Coulomb vdW cutoff        0.000
 H bond cutoff             0.000
 Metal-ligand cutoff      10.000
Assigning GlideScore XP5.0 parameters
For Glide Extra Precision mode, will use maxref = 800
 Use grow mode-t
  
 REPORT POSE ANCH_2           1           0           2
 REPORT POSE ANCH_2           2           0           1
 REPORT POSE ANCH_2           3           0          21
 REPORT POSE ANCH_2           4           0          22
 REPORT POSE ANCH_2           5           0          10
 REPORT POSE ANCH_2           6           0          25
 REPORT POSE ANCH_2           7           0          19
 REPORT POSE ANCH_2           8           0          28
 REPORT POSE ANCH_2           9           0          18
 REPORT POSE ANCH_2          10           0          27
Full force-field refinement in receptor field for up to   10 poses
   10 poses will be postminimized for this ligand
Reporting postminimized pose   3 GlideScore =     -3.811
GlideScore(   -3.81)+Epik State Penalty(    0.00) =    -3.81 kcal/mol
DOCKING RESULTS FOR LIGAND        1 (Amb10843637)
Best XP pose:    21;  GlideScore =     -3.81 Emodel =    -51.86 E =    -38.26 Eint =     0.00
  
 REPORT OF DOCKED POSES
  
 The ligand structures were written to the file
glide-dock_XP_2-0001_raw.maegz

Exiting Glide
Date: Wednesday, September 08 2021, at 21:45:33 India Standard Time
CPU time (s): 386.5 user, 6.1 system, 396.7 real
Total elapsed time = 397 seconds (6 minutes, 37 seconds)
[running at reduced cpu priority]
######## end of glide-dock_XP_2-0001.log #########
######## begin of glide-dock_XP_2-0002.log #########
Glide version 88139 (mmshare version 51139)
Copyright (c) Schrodinger, LLC.
All Rights Reserved.

--------------------------------------------------------------------------------
JobId          : JovelVargheseJose718-0-6138e1ab
Name           : glide-dock_XP_2-0002
Program        : Glide
Host           : JovelVargheseJose718
Dir            : C:\Users\hp\AppData\Local\Schrodinger\tmp\glide-dock_XP_2
HostEntry      : localhost
JobHost        : JovelVargheseJose718
JobDir         : C:\Users\hp\AppData\Local\Schrodinger\tmp\glide-dock_XP_2-0002
JobSchrodinger : C:\Program Files\Schrodinger2020-3
Commandline    : C:\Program Files\Schrodinger2020-3\glide.exe -RESTART -serial glide-dock_XP_2-0002.inp -HOST localhost
StartTime      : 2021-09-08-21:45:40
--------------------------------------------------------------------------------

[running at reduced cpu priority]
Offsetting ligand numbers by 1
 VdW radii of ligand atoms scaled by   0.800000000000000     
 Charge cutoff for polarity   0.150000000000000     
 After readscreen, (nx, ny, nz) = (          27 ,           27 ,           27 ).
  Receptor setup: (nsites, nx, ny, nz, bsize)=(         125 ,           27 , 
          27 ,           27 ,    1.00000000000000      ).
 Screening setup finished.
 DOCKMAIN: getting receptor.
  DOCKMAIN after grid: (nx, ny, nz) = (          72 ,           72 , 
          72 ).
 DOCKMAIN: Grid setup finished
Calling OPLS3e atomtyping ...
Finished parameter assignment

Reading torsion control file 'C:\Program Files\Schrodinger2020-3\glide-v8.8\bin\Windows-x64\..\..\data\torcontrol.txt':
  
  Using generalized torsion control 
  
 Number of rotatable bonds           15
 Using templates for ring conformations.
Glide Extra Precision Mode active.

GlideScore version XP5.0 will be used

  
 Buried polar penalty      0.000
 Coulomb vdW cutoff        0.000
 H bond cutoff             0.000
 Metal-ligand cutoff      10.000
Assigning GlideScore XP5.0 parameters
For Glide Extra Precision mode, will use maxref = 800
 Use grow mode-t
  
 REPORT POSE ANCH_2           1           0           3
 REPORT POSE ANCH_2           2           0          15
 REPORT POSE ANCH_2           3           0           8
 REPORT POSE ANCH_2           4           0          17
 REPORT POSE ANCH_2           5           0          31
 REPORT POSE ANCH_2           6           0           4
 REPORT POSE ANCH_2           7           0          29
 REPORT POSE ANCH_2           8           0          82
 REPORT POSE ANCH_2           9           0          63
 REPORT POSE ANCH_2          10           0          79
Full force-field refinement in receptor field for up to   10 poses
   10 poses will be postminimized for this ligand
Reporting postminimized pose   3 GlideScore =     -3.786
GlideScore(   -3.79)+Epik State Penalty(    0.00) =    -3.78 kcal/mol
DOCKING RESULTS FOR LIGAND        2 (Amb10603959)
Best XP pose:     8;  GlideScore =     -3.79 Emodel =    -49.39 E =    -37.69 Eint =     5.01
  
 REPORT OF DOCKED POSES
  
 The ligand structures were written to the file
glide-dock_XP_2-0002_raw.maegz

Exiting Glide
Date: Wednesday, September 08 2021, at 21:52:34 India Standard Time
CPU time (s): 398.0 user, 5.2 system, 411.0 real
Total elapsed time = 411 seconds (6 minutes, 51 seconds)
[running at reduced cpu priority]
######## end of glide-dock_XP_2-0002.log #########
