######## begin of glide-dock_XP_24182507-0001.log #########
Glide version 88139 (mmshare version 51139)
Copyright (c) Schrodinger, LLC.
All Rights Reserved.

--------------------------------------------------------------------------------
JobId          : JovelVargheseJose718-0-612fbc76
Name           : glide-dock_XP_24182507-0001
Program        : Glide
Host           : JovelVargheseJose718
Dir            : C:\Users\hp\AppData\Local\Schrodinger\tmp\glide-dock_XP_24182507
HostEntry      : localhost
JobHost        : JovelVargheseJose718
JobDir         : C:\Users\hp\AppData\Local\Schrodinger\tmp\glide-dock_XP_24182507-0
JobSchrodinger : C:\Program Files\Schrodinger2020-3
Commandline    : C:\Program Files\Schrodinger2020-3\glide.exe -RESTART -serial glide-dock_XP_24182507-0001.inp -HOST localhost
StartTime      : 2021-09-01-23:16:32
--------------------------------------------------------------------------------

[running at reduced cpu priority]
 VdW radii of ligand atoms scaled by   0.800000000000000     
 Charge cutoff for polarity   0.150000000000000     
 After readscreen, (nx, ny, nz) = (          27 ,           27 ,           27 ).
  Receptor setup: (nsites, nx, ny, nz, bsize)=(         125 ,           27 , 
          27 ,           27 ,    1.00000000000000      ).
 Screening setup finished.
 DOCKMAIN: getting receptor.
  DOCKMAIN after grid: (nx, ny, nz) = (          72 ,           72 , 
          72 ).
 DOCKMAIN: Grid setup finished
Calling OPLS3e atomtyping ...
Finished parameter assignment

Reading torsion control file 'C:\Program Files\Schrodinger2020-3\glide-v8.8\bin\Windows-x64\..\..\data\torcontrol.txt':
  
  Using generalized torsion control 
  
 Number of rotatable bonds            4
 Using templates for ring conformations.
Glide Extra Precision Mode active.

GlideScore version XP5.0 will be used

  
 Buried polar penalty      0.000
 Coulomb vdW cutoff        0.000
 H bond cutoff             0.000
 Metal-ligand cutoff      10.000
Assigning GlideScore XP5.0 parameters
For Glide Extra Precision mode, will use maxref = 800
 Use grow mode-p
  
 REPORT POSE ANCH_2           1           0           9
 REPORT POSE ANCH_2           2           0          11
 REPORT POSE ANCH_2           3           0          20
 REPORT POSE ANCH_2           4           0           6
 REPORT POSE ANCH_2           5           0          18
 REPORT POSE ANCH_2           6           0           1
Full force-field refinement in receptor field for up to   10 poses
    6 poses will be postminimized for this ligand
Reporting postminimized pose   5 GlideScore =     -3.740
GlideScore(   -3.74)+Epik State Penalty(    0.00) =    -3.74 kcal/mol
DOCKING RESULTS FOR LIGAND        1 (Amb24182507)
Best XP pose:    18;  GlideScore =     -3.74 Emodel =    -30.30 E =    -26.93 Eint =     0.91
Calling OPLS3e atomtyping ...
Finished parameter assignment
 Number of rotatable bonds            4
 Using templates for ring conformations.
Glide Extra Precision Mode active.
For Glide Extra Precision mode, will use maxref = 800
 Use grow mode-p
  
 REPORT POSE ANCH_2           1           0           3
 REPORT POSE ANCH_2           2           0          16
 REPORT POSE ANCH_2           3           0          17
    3 poses will be postminimized for this ligand
Reporting postminimized pose   1 GlideScore =     -3.580
GlideScore(   -3.58)+Epik State Penalty(    0.00) =    -3.58 kcal/mol
DOCKING RESULTS FOR LIGAND        2 (Amb24182507)
Best XP pose:     3;  GlideScore =     -3.58 Emodel =    -28.27 E =    -26.81 Eint =     3.51
Calling OPLS3e atomtyping ...
Finished parameter assignment
 Number of rotatable bonds            4
 Using templates for ring conformations.
Glide Extra Precision Mode active.
For Glide Extra Precision mode, will use maxref = 800
 Use grow mode-p
  
 REPORT POSE ANCH_2           1           0           3
 REPORT POSE ANCH_2           2           0          14
 REPORT POSE ANCH_2           3           0          15
 REPORT POSE ANCH_2           4           0           2
 REPORT POSE ANCH_2           5           0          16
    5 poses will be postminimized for this ligand
Reporting original pose   3 GlideScore =     -3.587
GlideScore(   -3.59)+Epik State Penalty(    0.00) =    -3.59 kcal/mol
DOCKING RESULTS FOR LIGAND        3 (Amb24182507)
Best XP pose:    15;  GlideScore =     -3.59 Emodel =    -29.39 E =    -23.04 Eint =     1.82
Calling OPLS3e atomtyping ...
Finished parameter assignment
 Number of rotatable bonds            4
 Using templates for ring conformations.
Glide Extra Precision Mode active.
For Glide Extra Precision mode, will use maxref = 800
 Use grow mode-p
  
 REPORT POSE ANCH_2           1           0           3
 REPORT POSE ANCH_2           2           0          12
    2 poses will be postminimized for this ligand
Reporting postminimized pose   1 GlideScore =     -3.482
GlideScore(   -3.48)+Epik State Penalty(    0.00) =    -3.48 kcal/mol
DOCKING RESULTS FOR LIGAND        4 (Amb24182507)
Best XP pose:     3;  GlideScore =     -3.48 Emodel =    -28.65 E =    -26.21 Eint =     1.37
  
 REPORT OF DOCKED POSES
  
 The ligand structures were written to the file
glide-dock_XP_24182507-0001_raw.maegz

Exiting Glide
Date: Wednesday, September 01 2021, at 23:19:10 India Standard Time
CPU time (s): 153.2 user, 1.1 system, 155.3 real
Total elapsed time = 155 seconds (2 minutes, 35 seconds)
[running at reduced cpu priority]
######## end of glide-dock_XP_24182507-0001.log #########
######## begin of glide-dock_XP_24182507-0002.log #########
Glide version 88139 (mmshare version 51139)
Copyright (c) Schrodinger, LLC.
All Rights Reserved.

--------------------------------------------------------------------------------
JobId          : JovelVargheseJose718-0-612fbd1a
Name           : glide-dock_XP_24182507-0002
Program        : Glide
Host           : JovelVargheseJose718
Dir            : C:\Users\hp\AppData\Local\Schrodinger\tmp\glide-dock_XP_24182507
HostEntry      : localhost
JobHost        : JovelVargheseJose718
JobDir         : C:\Users\hp\AppData\Local\Schrodinger\tmp\glide-dock_XP_24182507-0
JobSchrodinger : C:\Program Files\Schrodinger2020-3
Commandline    : C:\Program Files\Schrodinger2020-3\glide.exe -RESTART -serial glide-dock_XP_24182507-0002.inp -HOST localhost
StartTime      : 2021-09-01-23:19:15
--------------------------------------------------------------------------------

[running at reduced cpu priority]
Offsetting ligand numbers by 4
 VdW radii of ligand atoms scaled by   0.800000000000000     
 Charge cutoff for polarity   0.150000000000000     
 After readscreen, (nx, ny, nz) = (          27 ,           27 ,           27 ).
  Receptor setup: (nsites, nx, ny, nz, bsize)=(         125 ,           27 , 
          27 ,           27 ,    1.00000000000000      ).
 Screening setup finished.
 DOCKMAIN: getting receptor.
  DOCKMAIN after grid: (nx, ny, nz) = (          72 ,           72 , 
          72 ).
 DOCKMAIN: Grid setup finished
Calling OPLS3e atomtyping ...
Finished parameter assignment

Reading torsion control file 'C:\Program Files\Schrodinger2020-3\glide-v8.8\bin\Windows-x64\..\..\data\torcontrol.txt':
  
  Using generalized torsion control 
  
 Number of rotatable bonds            4
 Using templates for ring conformations.
Glide Extra Precision Mode active.

GlideScore version XP5.0 will be used

  
 Buried polar penalty      0.000
 Coulomb vdW cutoff        0.000
 H bond cutoff             0.000
 Metal-ligand cutoff      10.000
Assigning GlideScore XP5.0 parameters
For Glide Extra Precision mode, will use maxref = 800
 Use grow mode-p
  
 REPORT POSE ANCH_2           1           0           9
 REPORT POSE ANCH_2           2           0           5
 REPORT POSE ANCH_2           3           0           8
 REPORT POSE ANCH_2           4           0           4
 REPORT POSE ANCH_2           5           0           7
 REPORT POSE ANCH_2           6           0           1
 REPORT POSE ANCH_2           7           0           6
Full force-field refinement in receptor field for up to   10 poses
    7 poses will be postminimized for this ligand
Reporting postminimized pose   1 GlideScore =     -3.820
GlideScore(   -3.82)+Epik State Penalty(    0.00) =    -3.82 kcal/mol
DOCKING RESULTS FOR LIGAND        5 (Amb24182507)
Best XP pose:     9;  GlideScore =     -3.82 Emodel =    -32.77 E =    -27.12 Eint =     0.39
Calling OPLS3e atomtyping ...
Finished parameter assignment
 Number of rotatable bonds            4
 Using templates for ring conformations.
Glide Extra Precision Mode active.
For Glide Extra Precision mode, will use maxref = 800
 Use grow mode-p
  
 REPORT POSE ANCH_2           1           0          11
 REPORT POSE ANCH_2           2           0          18
 REPORT POSE ANCH_2           3           0          20
    3 poses will be postminimized for this ligand
Reporting postminimized pose   1 GlideScore =     -3.296
GlideScore(   -3.30)+Epik State Penalty(    0.00) =    -3.30 kcal/mol
DOCKING RESULTS FOR LIGAND        6 (Amb24182507)
Best XP pose:    11;  GlideScore =     -3.30 Emodel =    -25.24 E =    -25.17 Eint =     2.96
Calling OPLS3e atomtyping ...
Finished parameter assignment
 Number of rotatable bonds            4
 Using templates for ring conformations.
Glide Extra Precision Mode active.
For Glide Extra Precision mode, will use maxref = 800
 Use grow mode-p
  
 REPORT POSE ANCH_2           1           0           3
 REPORT POSE ANCH_2           2           0           1
    2 poses will be postminimized for this ligand
Reporting postminimized pose   2 GlideScore =     -3.237
GlideScore(   -3.24)+Epik State Penalty(    0.00) =    -3.24 kcal/mol
DOCKING RESULTS FOR LIGAND        7 (Amb24182507)
Best XP pose:     1;  GlideScore =     -3.24 Emodel =    -32.94 E =    -25.03 Eint =     0.98
Calling OPLS3e atomtyping ...
Finished parameter assignment
 Number of rotatable bonds            4
 Using templates for ring conformations.
Glide Extra Precision Mode active.
For Glide Extra Precision mode, will use maxref = 800
 Use grow mode-p
  
 REPORT POSE ANCH_2           1           0           6
 REPORT POSE ANCH_2           2           0           7
 REPORT POSE ANCH_2           3           0          16
 REPORT POSE ANCH_2           4           0           2
 REPORT POSE ANCH_2           5           0          11
 REPORT POSE ANCH_2           6           0          14
    6 poses will be postminimized for this ligand
Reporting postminimized pose   5 GlideScore =     -3.367
GlideScore(   -3.37)+Epik State Penalty(    0.00) =    -3.37 kcal/mol
DOCKING RESULTS FOR LIGAND        8 (Amb24182507)
Best XP pose:    11;  GlideScore =     -3.37 Emodel =    -29.11 E =    -29.55 Eint =     7.38
  
 REPORT OF DOCKED POSES
  
 The ligand structures were written to the file
glide-dock_XP_24182507-0002_raw.maegz

Exiting Glide
Date: Wednesday, September 01 2021, at 23:21:39 India Standard Time
CPU time (s): 138.3 user, 1.2 system, 140.4 real
Total elapsed time = 140 seconds (2 minutes, 20 seconds)
[running at reduced cpu priority]
######## end of glide-dock_XP_24182507-0002.log #########
