######## begin of glide-dock_XP_2719673-0001.log #########
Glide version 88139 (mmshare version 51139)
Copyright (c) Schrodinger, LLC.
All Rights Reserved.

--------------------------------------------------------------------------------
JobId          : JovelVargheseJose718-0-613030d1
Name           : glide-dock_XP_2719673-0001
Program        : Glide
Host           : JovelVargheseJose718
Dir            : C:\Users\hp\AppData\Local\Schrodinger\tmp\glide-dock_XP_2719673
HostEntry      : localhost
JobHost        : JovelVargheseJose718
JobDir         : C:\Users\hp\AppData\Local\Schrodinger\tmp\glide-dock_XP_2719673-00
JobSchrodinger : C:\Program Files\Schrodinger2020-3
Commandline    : C:\Program Files\Schrodinger2020-3\glide.exe -RESTART -serial glide-dock_XP_2719673-0001.inp -HOST localhost
StartTime      : 2021-09-02-07:32:58
--------------------------------------------------------------------------------

[running at reduced cpu priority]
 VdW radii of ligand atoms scaled by   0.800000000000000     
 Charge cutoff for polarity   0.150000000000000     
 After readscreen, (nx, ny, nz) = (          27 ,           27 ,           27 ).
  Receptor setup: (nsites, nx, ny, nz, bsize)=(         125 ,           27 , 
          27 ,           27 ,    1.00000000000000      ).
 Screening setup finished.
 DOCKMAIN: getting receptor.
  DOCKMAIN after grid: (nx, ny, nz) = (          72 ,           72 , 
          72 ).
 DOCKMAIN: Grid setup finished
Calling OPLS3e atomtyping ...
Finished parameter assignment

Reading torsion control file 'C:\Program Files\Schrodinger2020-3\glide-v8.8\bin\Windows-x64\..\..\data\torcontrol.txt':
  
  Using generalized torsion control 
  
 Number of rotatable bonds            6
 Using templates for ring conformations.
Glide Extra Precision Mode active.

GlideScore version XP5.0 will be used

  
 Buried polar penalty      0.000
 Coulomb vdW cutoff        0.000
 H bond cutoff             0.000
 Metal-ligand cutoff      10.000
Assigning GlideScore XP5.0 parameters
For Glide Extra Precision mode, will use maxref = 800
 Use grow mode-p
  
 REPORT POSE ANCH_2           1           0           1
 REPORT POSE ANCH_2           2           0          11
 REPORT POSE ANCH_2           3           0          12
 REPORT POSE ANCH_2           4           0          15
 REPORT POSE ANCH_2           5           0          13
 REPORT POSE ANCH_2           6           0           2
 REPORT POSE ANCH_2           7           0           3
 REPORT POSE ANCH_2           8           0           4
Full force-field refinement in receptor field for up to   10 poses
    8 poses will be postminimized for this ligand
Reporting postminimized pose   6 GlideScore =     -4.441
GlideScore(   -4.44)+Epik State Penalty(    0.00) =    -4.44 kcal/mol
DOCKING RESULTS FOR LIGAND        1 (Amb2719673)
Best XP pose:     2;  GlideScore =     -4.44 Emodel =    -29.79 E =    -28.00 Eint =     6.82
Calling OPLS3e atomtyping ...
Finished parameter assignment
 Number of rotatable bonds            6
 Using templates for ring conformations.
Glide Extra Precision Mode active.
For Glide Extra Precision mode, will use maxref = 800
 Use grow mode-p
  
 REPORT POSE ANCH_2           1           0           6
 REPORT POSE ANCH_2           2           0           4
 REPORT POSE ANCH_2           3           0           5
 REPORT POSE ANCH_2           4           0           9
 REPORT POSE ANCH_2           5           0           3
 REPORT POSE ANCH_2           6           0          10
 REPORT POSE ANCH_2           7           0           2
 REPORT POSE ANCH_2           8           0          11
    8 poses will be postminimized for this ligand
Reporting postminimized pose   1 GlideScore =     -4.259
GlideScore(   -4.26)+Epik State Penalty(    0.00) =    -4.26 kcal/mol
DOCKING RESULTS FOR LIGAND        2 (Amb2719673)
Best XP pose:     6;  GlideScore =     -4.26 Emodel =    -25.28 E =    -29.54 Eint =     7.46
Calling OPLS3e atomtyping ...
Finished parameter assignment
 Number of rotatable bonds            6
 Using templates for ring conformations.
Glide Extra Precision Mode active.
For Glide Extra Precision mode, will use maxref = 800
 Use grow mode-p
  
 REPORT POSE ANCH_2           1           0          18
 REPORT POSE ANCH_2           2           0          13
 REPORT POSE ANCH_2           3           0           9
    3 poses will be postminimized for this ligand
Reporting original pose   1 GlideScore =     -4.303
GlideScore(   -4.30)+Epik State Penalty(    0.00) =    -4.30 kcal/mol
DOCKING RESULTS FOR LIGAND        3 (Amb2719673)
Best XP pose:    18;  GlideScore =     -4.30 Emodel =    -35.36 E =    -28.61 Eint =     2.66
Calling OPLS3e atomtyping ...
Finished parameter assignment
 Number of rotatable bonds            6
 Using templates for ring conformations.
Glide Extra Precision Mode active.
For Glide Extra Precision mode, will use maxref = 800
 Use grow mode-p
  
 REPORT POSE ANCH_2           1           0           8
 REPORT POSE ANCH_2           2           0          21
 REPORT POSE ANCH_2           3           0           6
 REPORT POSE ANCH_2           4           0           9
 REPORT POSE ANCH_2           5           0          19
    5 poses will be postminimized for this ligand
Reporting postminimized pose   5 GlideScore =     -4.175
GlideScore(   -4.18)+Epik State Penalty(    0.00) =    -4.18 kcal/mol
DOCKING RESULTS FOR LIGAND        4 (Amb2719673)
Best XP pose:    19;  GlideScore =     -4.18 Emodel =    -34.85 E =    -29.10 Eint =     1.84
Calling OPLS3e atomtyping ...
Finished parameter assignment
 Number of rotatable bonds            6
 Using templates for ring conformations.
Glide Extra Precision Mode active.
For Glide Extra Precision mode, will use maxref = 800
 Use grow mode-p
  
 REPORT POSE ANCH_2           1           0          16
 REPORT POSE ANCH_2           2           0          15
 REPORT POSE ANCH_2           3           0           4
 REPORT POSE ANCH_2           4           0           3
 REPORT POSE ANCH_2           5           0          12
 REPORT POSE ANCH_2           6           0           2
 REPORT POSE ANCH_2           7           0          14
 REPORT POSE ANCH_2           8           0           1
    8 poses will be postminimized for this ligand
Reporting original pose   6 GlideScore =     -4.462
GlideScore(   -4.46)+Epik State Penalty(    0.00) =    -4.46 kcal/mol
DOCKING RESULTS FOR LIGAND        5 (Amb2719673)
Best XP pose:     2;  GlideScore =     -4.46 Emodel =    -32.11 E =    -23.38 Eint =     0.89
Calling OPLS3e atomtyping ...
Finished parameter assignment
 Number of rotatable bonds            6
 Using templates for ring conformations.
Glide Extra Precision Mode active.
For Glide Extra Precision mode, will use maxref = 800
 Use grow mode-p
  
 REPORT POSE ANCH_2           1           0           1
 REPORT POSE ANCH_2           2           0           2
 REPORT POSE ANCH_2           3           0           3
    3 poses will be postminimized for this ligand
Reporting original pose   1 GlideScore =     -3.976
GlideScore(   -3.98)+Epik State Penalty(    0.00) =    -3.98 kcal/mol
DOCKING RESULTS FOR LIGAND        6 (Amb2719673)
Best XP pose:     1;  GlideScore =     -3.98 Emodel =    -35.67 E =    -28.42 Eint =     3.34
Calling OPLS3e atomtyping ...
Finished parameter assignment
 Number of rotatable bonds            6
 Using templates for ring conformations.
Glide Extra Precision Mode active.
For Glide Extra Precision mode, will use maxref = 800
 Use grow mode-p
  
 REPORT POSE ANCH_2           1           0           7
 REPORT POSE ANCH_2           2           0           6
 REPORT POSE ANCH_2           3           0           1
    3 poses will be postminimized for this ligand
Reporting postminimized pose   1 GlideScore =     -4.655
GlideScore(   -4.66)+Epik State Penalty(    0.00) =    -4.66 kcal/mol
DOCKING RESULTS FOR LIGAND        7 (Amb2719673)
Best XP pose:     7;  GlideScore =     -4.66 Emodel =    -32.62 E =    -28.39 Eint =     3.95
Calling OPLS3e atomtyping ...
Finished parameter assignment
 Number of rotatable bonds            6
 Using templates for ring conformations.
Glide Extra Precision Mode active.
For Glide Extra Precision mode, will use maxref = 800
 Use grow mode-p
  
 REPORT POSE ANCH_2           1           0           5
 REPORT POSE ANCH_2           2           0           9
 REPORT POSE ANCH_2           3           0           3
 REPORT POSE ANCH_2           4           0           1
 REPORT POSE ANCH_2           5           0           4
 REPORT POSE ANCH_2           6           0          14
 REPORT POSE ANCH_2           7           0          11
    7 poses will be postminimized for this ligand
Reporting postminimized pose   5 GlideScore =     -4.498
GlideScore(   -4.50)+Epik State Penalty(    0.00) =    -4.50 kcal/mol
DOCKING RESULTS FOR LIGAND        8 (Amb2719673)
Best XP pose:     4;  GlideScore =     -4.50 Emodel =    -33.87 E =    -30.62 Eint =     2.81
Calling OPLS3e atomtyping ...
Finished parameter assignment
 Number of rotatable bonds            6
 Using templates for ring conformations.
Glide Extra Precision Mode active.
For Glide Extra Precision mode, will use maxref = 800
 Use grow mode-p
  
 REPORT POSE ANCH_2           1           0          11
 REPORT POSE ANCH_2           2           0           3
 REPORT POSE ANCH_2           3           0          14
 REPORT POSE ANCH_2           4           0          12
 REPORT POSE ANCH_2           5           0          15
 REPORT POSE ANCH_2           6           0           1
 REPORT POSE ANCH_2           7           0           7
 REPORT POSE ANCH_2           8           0           8
 REPORT POSE ANCH_2           9           0          13
    9 poses will be postminimized for this ligand
Reporting postminimized pose   7 GlideScore =     -4.110
GlideScore(   -4.11)+Epik State Penalty(    0.00) =    -4.11 kcal/mol
DOCKING RESULTS FOR LIGAND        9 (Amb2719673)
Best XP pose:     7;  GlideScore =     -4.11 Emodel =    -32.65 E =    -29.74 Eint =     4.66
  
 REPORT OF DOCKED POSES
  
 The ligand structures were written to the file
glide-dock_XP_2719673-0001_raw.maegz

Exiting Glide
Date: Thursday, September 02 2021, at 07:51:42 India Standard Time
CPU time (s): 1081.9 user, 6.1 system, 1121.0 real
Total elapsed time = 1121 seconds (18 minutes, 41 seconds)
[running at reduced cpu priority]
######## end of glide-dock_XP_2719673-0001.log #########
######## begin of glide-dock_XP_2719673-0002.log #########
Glide version 88139 (mmshare version 51139)
Copyright (c) Schrodinger, LLC.
All Rights Reserved.

--------------------------------------------------------------------------------
JobId          : JovelVargheseJose718-0-6130353c
Name           : glide-dock_XP_2719673-0002
Program        : Glide
Host           : JovelVargheseJose718
Dir            : C:\Users\hp\AppData\Local\Schrodinger\tmp\glide-dock_XP_2719673
HostEntry      : localhost
JobHost        : JovelVargheseJose718
JobDir         : C:\Users\hp\AppData\Local\Schrodinger\tmp\glide-dock_XP_2719673-00
JobSchrodinger : C:\Program Files\Schrodinger2020-3
Commandline    : C:\Program Files\Schrodinger2020-3\glide.exe -RESTART -serial glide-dock_XP_2719673-0002.inp -HOST localhost
StartTime      : 2021-09-02-07:51:50
--------------------------------------------------------------------------------

[running at reduced cpu priority]
Offsetting ligand numbers by 9
 VdW radii of ligand atoms scaled by   0.800000000000000     
 Charge cutoff for polarity   0.150000000000000     
 After readscreen, (nx, ny, nz) = (          27 ,           27 ,           27 ).
  Receptor setup: (nsites, nx, ny, nz, bsize)=(         125 ,           27 , 
          27 ,           27 ,    1.00000000000000      ).
 Screening setup finished.
 DOCKMAIN: getting receptor.
  DOCKMAIN after grid: (nx, ny, nz) = (          72 ,           72 , 
          72 ).
 DOCKMAIN: Grid setup finished
Calling OPLS3e atomtyping ...
Finished parameter assignment

Reading torsion control file 'C:\Program Files\Schrodinger2020-3\glide-v8.8\bin\Windows-x64\..\..\data\torcontrol.txt':
  
  Using generalized torsion control 
  
 Number of rotatable bonds            6
 Using templates for ring conformations.
Glide Extra Precision Mode active.

GlideScore version XP5.0 will be used

  
 Buried polar penalty      0.000
 Coulomb vdW cutoff        0.000
 H bond cutoff             0.000
 Metal-ligand cutoff      10.000
Assigning GlideScore XP5.0 parameters
For Glide Extra Precision mode, will use maxref = 800
 Use grow mode-p
  
 REPORT POSE ANCH_2           1           0           1
 REPORT POSE ANCH_2           2           0          11
 REPORT POSE ANCH_2           3           0           6
 REPORT POSE ANCH_2           4           0           9
Full force-field refinement in receptor field for up to   10 poses
    4 poses will be postminimized for this ligand
Reporting postminimized pose   4 GlideScore =     -4.171
GlideScore(   -4.17)+Epik State Penalty(    0.00) =    -4.17 kcal/mol
DOCKING RESULTS FOR LIGAND       10 (Amb2719673)
Best XP pose:     9;  GlideScore =     -4.17 Emodel =    -33.33 E =    -31.36 Eint =     4.23
Calling OPLS3e atomtyping ...
Finished parameter assignment
 Number of rotatable bonds            6
 Using templates for ring conformations.
Glide Extra Precision Mode active.
For Glide Extra Precision mode, will use maxref = 800
 Use grow mode-p
  
 REPORT POSE ANCH_2           1           0           2
 REPORT POSE ANCH_2           2           0           1
 REPORT POSE ANCH_2           3           0           4
 REPORT POSE ANCH_2           4           0           6
 REPORT POSE ANCH_2           5           0          10
 REPORT POSE ANCH_2           6           0           5
 REPORT POSE ANCH_2           7           0          11
    7 poses will be postminimized for this ligand
Reporting original pose   6 GlideScore =     -4.554
GlideScore(   -4.55)+Epik State Penalty(    0.00) =    -4.55 kcal/mol
DOCKING RESULTS FOR LIGAND       11 (Amb2719673)
Best XP pose:     5;  GlideScore =     -4.55 Emodel =    -34.20 E =    -28.06 Eint =     5.46
Calling OPLS3e atomtyping ...
Finished parameter assignment
 Number of rotatable bonds            6
 Using templates for ring conformations.
Glide Extra Precision Mode active.
For Glide Extra Precision mode, will use maxref = 800
 Use grow mode-p
  
 REPORT POSE ANCH_2           1           0           5
 REPORT POSE ANCH_2           2           0           9
 REPORT POSE ANCH_2           3           0           1
    3 poses will be postminimized for this ligand
Reporting postminimized pose   3 GlideScore =     -3.793
GlideScore(   -3.79)+Epik State Penalty(    0.00) =    -3.79 kcal/mol
DOCKING RESULTS FOR LIGAND       12 (Amb2719673)
Best XP pose:     1;  GlideScore =     -3.79 Emodel =    -35.71 E =    -29.91 Eint =     2.66
Calling OPLS3e atomtyping ...
Finished parameter assignment
 Number of rotatable bonds            6
 Using templates for ring conformations.
Glide Extra Precision Mode active.
For Glide Extra Precision mode, will use maxref = 800
 Use grow mode-p
  
 REPORT POSE ANCH_2           1           0           3
 REPORT POSE ANCH_2           2           0          12
 REPORT POSE ANCH_2           3           0           4
 REPORT POSE ANCH_2           4           0           6
 REPORT POSE ANCH_2           5           0          11
 REPORT POSE ANCH_2           6           0           8
 REPORT POSE ANCH_2           7           0           7
 REPORT POSE ANCH_2           8           0          13
 REPORT POSE ANCH_2           9           0          14
    9 poses will be postminimized for this ligand
Reporting postminimized pose   3 GlideScore =     -4.810
GlideScore(   -4.81)+Epik State Penalty(    0.00) =    -4.81 kcal/mol
DOCKING RESULTS FOR LIGAND       13 (Amb2719673)
Best XP pose:     4;  GlideScore =     -4.81 Emodel =    -30.67 E =    -32.01 Eint =    10.24
Calling OPLS3e atomtyping ...
Finished parameter assignment
 Number of rotatable bonds            6
 Using templates for ring conformations.
Glide Extra Precision Mode active.
For Glide Extra Precision mode, will use maxref = 800
 Use grow mode-p
  
 REPORT POSE ANCH_2           1           0           2
 REPORT POSE ANCH_2           2           0           5
 REPORT POSE ANCH_2           3           0           3
 REPORT POSE ANCH_2           4           0           7
 REPORT POSE ANCH_2           5           0           4
 REPORT POSE ANCH_2           6           0          10
    6 poses will be postminimized for this ligand
Reporting original pose   2 GlideScore =     -4.071
GlideScore(   -4.07)+Epik State Penalty(    0.00) =    -4.07 kcal/mol
DOCKING RESULTS FOR LIGAND       14 (Amb2719673)
Best XP pose:     5;  GlideScore =     -4.07 Emodel =    -31.02 E =    -25.92 Eint =     3.81
Calling OPLS3e atomtyping ...
Finished parameter assignment
 Number of rotatable bonds            6
 Using templates for ring conformations.
Glide Extra Precision Mode active.
For Glide Extra Precision mode, will use maxref = 800
 Use grow mode-p
  
 REPORT POSE ANCH_2           1           0           7
 REPORT POSE ANCH_2           2           0           4
 REPORT POSE ANCH_2           3           0          11
 REPORT POSE ANCH_2           4           0           5
 REPORT POSE ANCH_2           5           0           9
 REPORT POSE ANCH_2           6           0           8
 REPORT POSE ANCH_2           7           0          10
 REPORT POSE ANCH_2           8           0           6
 REPORT POSE ANCH_2           9           0           1
    9 poses will be postminimized for this ligand
Reporting postminimized pose   7 GlideScore =     -4.469
GlideScore(   -4.47)+Epik State Penalty(    0.00) =    -4.47 kcal/mol
DOCKING RESULTS FOR LIGAND       15 (Amb2719673)
Best XP pose:    10;  GlideScore =     -4.47 Emodel =    -28.81 E =    -28.18 Eint =     4.70
Calling OPLS3e atomtyping ...
Finished parameter assignment
 Number of rotatable bonds            6
 Using templates for ring conformations.
Glide Extra Precision Mode active.
For Glide Extra Precision mode, will use maxref = 800
 Use grow mode-p
  
 REPORT POSE ANCH_2           1           0           1
 REPORT POSE ANCH_2           2           0           9
 REPORT POSE ANCH_2           3           0           2
 REPORT POSE ANCH_2           4           0          11
 REPORT POSE ANCH_2           5           0           6
 REPORT POSE ANCH_2           6           0          15
 REPORT POSE ANCH_2           7           0           8
 REPORT POSE ANCH_2           8           0          12
 REPORT POSE ANCH_2           9           0          16
 REPORT POSE ANCH_2          10           0          10
   10 poses will be postminimized for this ligand
Reporting postminimized pose   4 GlideScore =     -4.480
GlideScore(   -4.48)+Epik State Penalty(    0.00) =    -4.48 kcal/mol
DOCKING RESULTS FOR LIGAND       16 (Amb2719673)
Best XP pose:    11;  GlideScore =     -4.48 Emodel =    -32.01 E =    -29.56 Eint =     5.53
impmm_post_process_ligand(): input structure has 7346 atoms, maximum allowed is 1000.
GLIDE WARNING: Too many atoms or bonds for structure in: glide-dock_XP_2719673-0002_in.maegz
SKIP LIG       17 (sitemap_1_protein): STRUCTURE HAS TOO MANY ATOMS OR BONDS
GLIDE WARNING: Will skip atomtyping, docking.
Glide Extra Precision Mode active.
  
 REPORT OF DOCKED POSES
  
 The ligand structures were written to the file
glide-dock_XP_2719673-0002_raw.maegz

Exiting Glide
Date: Thursday, September 02 2021, at 08:08:31 India Standard Time
CPU time (s): 953.7 user, 8.4 system, 997.3 real
Total elapsed time = 997 seconds (16 minutes, 37 seconds)
[running at reduced cpu priority]
######## end of glide-dock_XP_2719673-0002.log #########
