
====================================
            Glide Script            
====================================

--------------------------------------------------------------------------------
JobId          : JovelVargheseJose718-0-6138464e
Name           : glide-dock_XP_2complete
Program        : Glide
Host           : JovelVargheseJose718
Dir            : C:\Users\hp\Desktop\Hackbio\docking\6gh8_acetylcysteine and similar compounds\glide-dock_XP_2complete
HostEntry      : localhost
JobHost        : JovelVargheseJose718
JobDir         : C:\Users\hp\AppData\Local\Schrodinger\tmp\glide-dock_XP_2complete
JobSchrodinger : C:\Program Files\Schrodinger2020-3
Commandline    : C:\Program Files\Schrodinger2020-3\glide.exe glide-dock_XP_2complete.in -OVERWRITE -adjust -HOST localhost:1 -PROJ C:\Users\hp\AppData\Local\Schrodinger\tmp\Tmp_08Sep2021_1023_24283 -DISP append -VIEWNAME glide_docking_gui.DockingPanel -TMPLAUNCHDIR
StartTime      : 2021-09-08-10:42:47
--------------------------------------------------------------------------------

Running locally: False
Max retries: 2
Input file: glide-dock_XP_2complete.in

Setting up docking job
Separating ligands...
Number of structures that are to be docked: 141
Setting up Glide docking jobs...

Running subjobs on hosts:
  localhost (Max: 1)
Number of jobs:       2
Max retries per job:  2
Max allowed failures: unlimited
Run with -LOCAL:      False
Verbosity:            normal

Starting JobDJ...

Keep one job on driver host: False
JobDJ columns:
  C: Number of completed subjobs
  A: Number of active subjobs (e.g., submitted, running)
  W: Number of waiting/pending subjobs

C A W | Activity  JobId  JobName  JobHost
- - - | --------- -----------------------
0 1 1 | launched  JovelVargheseJose718-0-61384654 glide-dock_XP_2complete-0001 localhost [JovelVargheseJose718]
1 0 1 | finished  JovelVargheseJose718-0-61384654 glide-dock_XP_2complete-0001 localhost [JovelVargheseJose718]
1 1 0 | launched  JovelVargheseJose718-0-61385e58 glide-dock_XP_2complete-0002 localhost [JovelVargheseJose718]
2 0 0 | finished  JovelVargheseJose718-0-61385e58 glide-dock_XP_2complete-0002 localhost [JovelVargheseJose718]

All jobs have completed.

2 of 2 job(s) succeeded; 0 job(s) failed.

All jobs succeeded: 141 ligands done.
Writing poses to glide-dock_XP_2complete_pv.maegz
Combining log files to glide-dock_XP_2complete_subjobs.log
Archiving subjob pose files in glide-dock_XP_2complete_subjob_poses.zip
Archiving subjob input and log files in glide-dock_XP_2complete_subjobs.tar.gz
Cleaning up...

Elapsed times:
- preprocessing: 0.2 s
- running subjobs: 10142.7 s
- postprocessing: 0.6 s
- cleanup: 0.1 s

All Glide docking subjobs: Total CPU time = 8178 seconds (2 h 16 min 18 s)

Finished at: Wed Sep  8 13:31:53 2021
Total elapsed time for Glide script = 10144 seconds (2 h 49 min 4 s)
[running at reduced cpu priority]
