######## begin of glide-dock_XP_38160865-0001.log #########
Glide version 88139 (mmshare version 51139)
Copyright (c) Schrodinger, LLC.
All Rights Reserved.

--------------------------------------------------------------------------------
JobId          : JovelVargheseJose718-0-613138b2
Name           : glide-dock_XP_38160865-0001
Program        : Glide
Host           : JovelVargheseJose718
Dir            : C:\Users\hp\AppData\Local\Schrodinger\tmp\glide-dock_XP_38160865
HostEntry      : localhost
JobHost        : JovelVargheseJose718
JobDir         : C:\Users\hp\AppData\Local\Schrodinger\tmp\glide-dock_XP_38160865-0
JobSchrodinger : C:\Program Files\Schrodinger2020-3
Commandline    : C:\Program Files\Schrodinger2020-3\glide.exe -RESTART -serial glide-dock_XP_38160865-0001.inp -HOST localhost
StartTime      : 2021-09-03-02:18:51
--------------------------------------------------------------------------------

[running at reduced cpu priority]
 VdW radii of ligand atoms scaled by   0.800000000000000     
 Charge cutoff for polarity   0.150000000000000     
 After readscreen, (nx, ny, nz) = (          27 ,           27 ,           27 ).
  Receptor setup: (nsites, nx, ny, nz, bsize)=(         125 ,           27 , 
          27 ,           27 ,    1.00000000000000      ).
 Screening setup finished.
 DOCKMAIN: getting receptor.
  DOCKMAIN after grid: (nx, ny, nz) = (          72 ,           72 , 
          72 ).
 DOCKMAIN: Grid setup finished
Calling OPLS3e atomtyping ...
Finished parameter assignment

Reading torsion control file 'C:\Program Files\Schrodinger2020-3\glide-v8.8\bin\Windows-x64\..\..\data\torcontrol.txt':
  
  Using generalized torsion control 
  
 Number of rotatable bonds           10
 Using templates for ring conformations.
Glide Extra Precision Mode active.

GlideScore version XP5.0 will be used

  
 Buried polar penalty      0.000
 Coulomb vdW cutoff        0.000
 H bond cutoff             0.000
 Metal-ligand cutoff      10.000
Assigning GlideScore XP5.0 parameters
For Glide Extra Precision mode, will use maxref = 800
 Use grow mode-p
  
 REPORT POSE ANCH_2           1           0           3
 REPORT POSE ANCH_2           2           0           8
 REPORT POSE ANCH_2           3           0          11
 REPORT POSE ANCH_2           4           0           5
 REPORT POSE ANCH_2           5           0           6
 REPORT POSE ANCH_2           6           0           1
 REPORT POSE ANCH_2           7           0          15
Full force-field refinement in receptor field for up to   10 poses
    7 poses will be postminimized for this ligand
Reporting postminimized pose   1 GlideScore =     -2.692
GlideScore(   -2.69)+Epik State Penalty(    0.00) =    -2.69 kcal/mol
DOCKING RESULTS FOR LIGAND        1 (Amb38160865)
Best XP pose:     3;  GlideScore =     -2.69 Emodel =    -29.32 E =    -28.85 Eint =     7.33
Calling OPLS3e atomtyping ...
Finished parameter assignment
 Number of rotatable bonds           10
 Using templates for ring conformations.
Glide Extra Precision Mode active.
For Glide Extra Precision mode, will use maxref = 800
 Use grow mode-p
  
 REPORT POSE ANCH_2           1           0           9
 REPORT POSE ANCH_2           2           0           2
 REPORT POSE ANCH_2           3           0          12
 REPORT POSE ANCH_2           4           0          14
 REPORT POSE ANCH_2           5           0           8
 REPORT POSE ANCH_2           6           0           6
 REPORT POSE ANCH_2           7           0           1
    7 poses will be postminimized for this ligand
Reporting postminimized pose   2 GlideScore =     -1.121
GlideScore(   -1.12)+Epik State Penalty(    0.00) =    -1.12 kcal/mol
DOCKING RESULTS FOR LIGAND        2 (Amb38160865)
Best XP pose:     2;  GlideScore =     -1.12 Emodel =    -27.96 E =    -25.41 Eint =    13.73
Calling OPLS3e atomtyping ...
Finished parameter assignment
 Number of rotatable bonds           10
 Using templates for ring conformations.
Glide Extra Precision Mode active.
For Glide Extra Precision mode, will use maxref = 800
 Use grow mode-p
  
 REPORT POSE ANCH_2           1           0           4
 REPORT POSE ANCH_2           2           0           3
 REPORT POSE ANCH_2           3           0           2
 REPORT POSE ANCH_2           4           0          19
    4 poses will be postminimized for this ligand
Reporting postminimized pose   2 GlideScore =      1.724
GlideScore(    1.72)+Epik State Penalty(    0.00) =     1.72 kcal/mol
DOCKING RESULTS FOR LIGAND        3 (Amb38160865)
Best XP pose:     3;  GlideScore =      1.72 Emodel =    -30.92 E =    -27.39 Eint =     4.53
Calling OPLS3e atomtyping ...
Finished parameter assignment
 Number of rotatable bonds           10
 Using templates for ring conformations.
 Too many confs in count          89          88
Glide Extra Precision Mode active.
For Glide Extra Precision mode, will use maxref = 800
 Use grow mode-p
  
 REPORT POSE ANCH_2           1           0           2
 REPORT POSE ANCH_2           2           0           1
 REPORT POSE ANCH_2           3           0           6
 REPORT POSE ANCH_2           4           0          13
 REPORT POSE ANCH_2           5           0          11
 REPORT POSE ANCH_2           6           0          10
 REPORT POSE ANCH_2           7           0          12
 REPORT POSE ANCH_2           8           0           4
    8 poses will be postminimized for this ligand
Reporting original pose   6 GlideScore =     -2.191
GlideScore(   -2.19)+Epik State Penalty(    0.00) =    -2.19 kcal/mol
DOCKING RESULTS FOR LIGAND        4 (Amb38160865)
Best XP pose:    10;  GlideScore =     -2.19 Emodel =    -25.03 E =    -23.87 Eint =     6.74
Calling OPLS3e atomtyping ...
Finished parameter assignment
 Number of rotatable bonds           10
 Using templates for ring conformations.
Glide Extra Precision Mode active.
For Glide Extra Precision mode, will use maxref = 800
 Use grow mode-p
  
 REPORT POSE ANCH_2           1           0           1
 REPORT POSE ANCH_2           2           0           2
 REPORT POSE ANCH_2           3           0           9
 REPORT POSE ANCH_2           4           0          10
    4 poses will be postminimized for this ligand
Reporting postminimized pose   2 GlideScore =      1.155
GlideScore(    1.15)+Epik State Penalty(    0.00) =     1.15 kcal/mol
DOCKING RESULTS FOR LIGAND        5 (Amb38160865)
Best XP pose:     2;  GlideScore =      1.15 Emodel =    -30.93 E =    -33.16 Eint =    13.43
Calling OPLS3e atomtyping ...
Finished parameter assignment
 Number of rotatable bonds           10
 Using templates for ring conformations.
Glide Extra Precision Mode active.
For Glide Extra Precision mode, will use maxref = 800
 Use grow mode-p
  
 REPORT POSE ANCH_2           1           0           5
 REPORT POSE ANCH_2           2           0           6
 REPORT POSE ANCH_2           3           0           9
 REPORT POSE ANCH_2           4           0           1
    4 poses will be postminimized for this ligand
Reporting postminimized pose   4 GlideScore =      1.513
GlideScore(    1.51)+Epik State Penalty(    0.00) =     1.51 kcal/mol
DOCKING RESULTS FOR LIGAND        6 (Amb38160865)
Best XP pose:     1;  GlideScore =      1.51 Emodel =    -35.03 E =    -29.92 Eint =     0.00
Calling OPLS3e atomtyping ...
Finished parameter assignment
 Number of rotatable bonds           10
 Using templates for ring conformations.
Glide Extra Precision Mode active.
For Glide Extra Precision mode, will use maxref = 800
 Use grow mode-p
  
 REPORT POSE ANCH_2           1           0           1
 REPORT POSE ANCH_2           2           0           6
 REPORT POSE ANCH_2           3           0           8
 REPORT POSE ANCH_2           4           0           2
 REPORT POSE ANCH_2           5           0           9
 REPORT POSE ANCH_2           6           0          10
    6 poses will be postminimized for this ligand
Reporting postminimized pose   1 GlideScore =     -2.140
GlideScore(   -2.14)+Epik State Penalty(    0.00) =    -2.14 kcal/mol
DOCKING RESULTS FOR LIGAND        7 (Amb38160865)
Best XP pose:     1;  GlideScore =     -2.14 Emodel =    -26.03 E =    -27.00 Eint =     5.59
Calling OPLS3e atomtyping ...
Finished parameter assignment
 Number of rotatable bonds           10
 Using templates for ring conformations.
Glide Extra Precision Mode active.
For Glide Extra Precision mode, will use maxref = 800
 Use grow mode-p
  
 REPORT POSE ANCH_2           1           0           1
 REPORT POSE ANCH_2           2           0          15
    2 poses will be postminimized for this ligand
Reporting postminimized pose   2 GlideScore =      1.837
GlideScore(    1.84)+Epik State Penalty(    0.00) =     1.84 kcal/mol
DOCKING RESULTS FOR LIGAND        8 (Amb38160865)
Best XP pose:    15;  GlideScore =      1.84 Emodel =    -31.90 E =    -28.06 Eint =     0.00
  
 REPORT OF DOCKED POSES
  
 The ligand structures were written to the file
glide-dock_XP_38160865-0001_raw.maegz

Exiting Glide
Date: Friday, September 03 2021, at 02:37:25 India Standard Time
CPU time (s): 1040.4 user, 11.2 system, 1111.3 real
Total elapsed time = 1111 seconds (18 minutes, 31 seconds)
[running at reduced cpu priority]
######## end of glide-dock_XP_38160865-0001.log #########
######## begin of glide-dock_XP_38160865-0002.log #########
Glide version 88139 (mmshare version 51139)
Copyright (c) Schrodinger, LLC.
All Rights Reserved.

--------------------------------------------------------------------------------
JobId          : JovelVargheseJose718-0-61313d13
Name           : glide-dock_XP_38160865-0002
Program        : Glide
Host           : JovelVargheseJose718
Dir            : C:\Users\hp\AppData\Local\Schrodinger\tmp\glide-dock_XP_38160865
HostEntry      : localhost
JobHost        : JovelVargheseJose718
JobDir         : C:\Users\hp\AppData\Local\Schrodinger\tmp\glide-dock_XP_38160865-0
JobSchrodinger : C:\Program Files\Schrodinger2020-3
Commandline    : C:\Program Files\Schrodinger2020-3\glide.exe -RESTART -serial glide-dock_XP_38160865-0002.inp -HOST localhost
StartTime      : 2021-09-03-02:37:32
--------------------------------------------------------------------------------

[running at reduced cpu priority]
Offsetting ligand numbers by 8
 VdW radii of ligand atoms scaled by   0.800000000000000     
 Charge cutoff for polarity   0.150000000000000     
 After readscreen, (nx, ny, nz) = (          27 ,           27 ,           27 ).
  Receptor setup: (nsites, nx, ny, nz, bsize)=(         125 ,           27 , 
          27 ,           27 ,    1.00000000000000      ).
 Screening setup finished.
 DOCKMAIN: getting receptor.
  DOCKMAIN after grid: (nx, ny, nz) = (          72 ,           72 , 
          72 ).
 DOCKMAIN: Grid setup finished
Calling OPLS3e atomtyping ...
Finished parameter assignment

Reading torsion control file 'C:\Program Files\Schrodinger2020-3\glide-v8.8\bin\Windows-x64\..\..\data\torcontrol.txt':
  
  Using generalized torsion control 
  
 Number of rotatable bonds           10
 Using templates for ring conformations.
 Too many confs in count          89          88
Glide Extra Precision Mode active.

GlideScore version XP5.0 will be used

  
 Buried polar penalty      0.000
 Coulomb vdW cutoff        0.000
 H bond cutoff             0.000
 Metal-ligand cutoff      10.000
Assigning GlideScore XP5.0 parameters
For Glide Extra Precision mode, will use maxref = 800
 Use grow mode-p
  
 REPORT POSE ANCH_2           1           0           1
 REPORT POSE ANCH_2           2           0           9
 REPORT POSE ANCH_2           3           0          10
Full force-field refinement in receptor field for up to   10 poses
    3 poses will be postminimized for this ligand
Reporting postminimized pose   3 GlideScore =      6.805
GlideScore(    6.81)+Epik State Penalty(    0.00) =     6.81 kcal/mol
DOCKING RESULTS FOR LIGAND        9 (Amb38160865)
Best XP pose:    10;  GlideScore =      6.81 Emodel =    -32.02 E =    -28.34 Eint =     0.00
Calling OPLS3e atomtyping ...
Finished parameter assignment
 Number of rotatable bonds           10
 Using templates for ring conformations.
Glide Extra Precision Mode active.
For Glide Extra Precision mode, will use maxref = 800
 Use grow mode-p
  
 REPORT POSE ANCH_2           1           0           8
 REPORT POSE ANCH_2           2           0          13
 REPORT POSE ANCH_2           3           0          12
 REPORT POSE ANCH_2           4           0           1
    4 poses will be postminimized for this ligand
Reporting postminimized pose   1 GlideScore =      2.430
GlideScore(    2.43)+Epik State Penalty(    0.00) =     2.43 kcal/mol
DOCKING RESULTS FOR LIGAND       10 (Amb38160865)
Best XP pose:     8;  GlideScore =      2.43 Emodel =    -26.66 E =    -26.29 Eint =     5.81
Calling OPLS3e atomtyping ...
Finished parameter assignment
 Number of rotatable bonds           10
 Using templates for ring conformations.
Glide Extra Precision Mode active.
For Glide Extra Precision mode, will use maxref = 800
 Use grow mode-p
  
 REPORT POSE ANCH_2           1           0           9
 REPORT POSE ANCH_2           2           0          10
 REPORT POSE ANCH_2           3           0           1
    3 poses will be postminimized for this ligand
Reporting postminimized pose   2 GlideScore =     -2.580
GlideScore(   -2.58)+Epik State Penalty(    0.00) =    -2.58 kcal/mol
DOCKING RESULTS FOR LIGAND       11 (Amb38160865)
Best XP pose:    10;  GlideScore =     -2.58 Emodel =    -31.21 E =    -28.85 Eint =     2.91
Calling OPLS3e atomtyping ...
Finished parameter assignment
 Number of rotatable bonds           10
 Using templates for ring conformations.
Glide Extra Precision Mode active.
For Glide Extra Precision mode, will use maxref = 800
 Use grow mode-p
  
 REPORT POSE ANCH_2           1           0           4
 REPORT POSE ANCH_2           2           0           7
 REPORT POSE ANCH_2           3           0           3
 REPORT POSE ANCH_2           4           0           9
 REPORT POSE ANCH_2           5           0          10
 REPORT POSE ANCH_2           6           0           1
    6 poses will be postminimized for this ligand
Reporting postminimized pose   2 GlideScore =      1.727
GlideScore(    1.73)+Epik State Penalty(    0.00) =     1.73 kcal/mol
DOCKING RESULTS FOR LIGAND       12 (Amb38160865)
Best XP pose:     7;  GlideScore =      1.73 Emodel =    -29.66 E =    -26.19 Eint =     0.00
Calling OPLS3e atomtyping ...
Finished parameter assignment
 Number of rotatable bonds           10
 Using templates for ring conformations.
 Too many confs in count          89          88
Glide Extra Precision Mode active.
For Glide Extra Precision mode, will use maxref = 800
 Use grow mode-p
  
 REPORT POSE ANCH_2           1           0           6
 REPORT POSE ANCH_2           2           0           2
 REPORT POSE ANCH_2           3           0           1
 REPORT POSE ANCH_2           4           0          10
    4 poses will be postminimized for this ligand
Reporting original pose   4 GlideScore =      2.547
GlideScore(    2.55)+Epik State Penalty(    0.00) =     2.55 kcal/mol
DOCKING RESULTS FOR LIGAND       13 (Amb38160865)
Best XP pose:    10;  GlideScore =      2.55 Emodel =    -31.35 E =    -30.22 Eint =     6.11
Calling OPLS3e atomtyping ...
Finished parameter assignment
 Number of rotatable bonds           10
 Using templates for ring conformations.
Glide Extra Precision Mode active.
For Glide Extra Precision mode, will use maxref = 800
 Use grow mode-p
  
 REPORT POSE ANCH_2           1           0          12
 REPORT POSE ANCH_2           2           0           1
 REPORT POSE ANCH_2           3           0           8
 REPORT POSE ANCH_2           4           0           2
 REPORT POSE ANCH_2           5           0           4
 REPORT POSE ANCH_2           6           0          14
    6 poses will be postminimized for this ligand
Reporting postminimized pose   6 GlideScore =     -2.516
GlideScore(   -2.52)+Epik State Penalty(    0.00) =    -2.52 kcal/mol
DOCKING RESULTS FOR LIGAND       14 (Amb38160865)
Best XP pose:    14;  GlideScore =     -2.52 Emodel =    -30.96 E =    -24.67 Eint =     0.00
Calling OPLS3e atomtyping ...
Finished parameter assignment
 Number of rotatable bonds           10
 Using templates for ring conformations.
 Too many confs in count          61          60
Glide Extra Precision Mode active.
For Glide Extra Precision mode, will use maxref = 800
 Use grow mode-p
  
 REPORT POSE ANCH_2           1           0           9
 REPORT POSE ANCH_2           2           0          10
    2 poses will be postminimized for this ligand
Reporting postminimized pose   1 GlideScore =     -2.023
GlideScore(   -2.02)+Epik State Penalty(    0.00) =    -2.02 kcal/mol
DOCKING RESULTS FOR LIGAND       15 (Amb38160865)
Best XP pose:     9;  GlideScore =     -2.02 Emodel =    -24.59 E =    -27.85 Eint =    10.86
Calling OPLS3e atomtyping ...
Finished parameter assignment
 Number of rotatable bonds           10
 Using templates for ring conformations.
 Too many confs in count          67          66
Glide Extra Precision Mode active.
For Glide Extra Precision mode, will use maxref = 800
 Use grow mode-p
  
 REPORT POSE ANCH_2           1           0           1
 REPORT POSE ANCH_2           2           0          10
 REPORT POSE ANCH_2           3           0          15
 REPORT POSE ANCH_2           4           0          16
 REPORT POSE ANCH_2           5           0          24
 REPORT POSE ANCH_2           6           0          23
    6 poses will be postminimized for this ligand
Reporting postminimized pose   3 GlideScore =     -2.771
GlideScore(   -2.77)+Epik State Penalty(    0.00) =    -2.77 kcal/mol
DOCKING RESULTS FOR LIGAND       16 (Amb38160865)
Best XP pose:    15;  GlideScore =     -2.77 Emodel =    -34.11 E =    -29.99 Eint =     4.12
  
 REPORT OF DOCKED POSES
  
 The ligand structures were written to the file
glide-dock_XP_38160865-0002_raw.maegz

Exiting Glide
Date: Friday, September 03 2021, at 02:48:38 India Standard Time
CPU time (s): 638.7 user, 6.2 system, 662.3 real
Total elapsed time = 662 seconds (11 minutes, 2 seconds)
[running at reduced cpu priority]
######## end of glide-dock_XP_38160865-0002.log #########
