######## begin of glide-dock_XP_2608862-0001.log #########
Glide version 88139 (mmshare version 51139)
Copyright (c) Schrodinger, LLC.
All Rights Reserved.

--------------------------------------------------------------------------------
JobId          : JovelVargheseJose718-0-612fc03c
Name           : glide-dock_XP_2608862-0001
Program        : Glide
Host           : JovelVargheseJose718
Dir            : C:\Users\hp\AppData\Local\Schrodinger\tmp\glide-dock_XP_2608862
HostEntry      : localhost
JobHost        : JovelVargheseJose718
JobDir         : C:\Users\hp\AppData\Local\Schrodinger\tmp\glide-dock_XP_2608862-00
JobSchrodinger : C:\Program Files\Schrodinger2020-3
Commandline    : C:\Program Files\Schrodinger2020-3\glide.exe -RESTART -serial glide-dock_XP_2608862-0001.inp -HOST localhost
StartTime      : 2021-09-01-23:32:37
--------------------------------------------------------------------------------

[running at reduced cpu priority]
 VdW radii of ligand atoms scaled by   0.800000000000000     
 Charge cutoff for polarity   0.150000000000000     
 After readscreen, (nx, ny, nz) = (          27 ,           27 ,           27 ).
  Receptor setup: (nsites, nx, ny, nz, bsize)=(         125 ,           27 , 
          27 ,           27 ,    1.00000000000000      ).
 Screening setup finished.
 DOCKMAIN: getting receptor.
  DOCKMAIN after grid: (nx, ny, nz) = (          72 ,           72 , 
          72 ).
 DOCKMAIN: Grid setup finished
Calling OPLS3e atomtyping ...
Finished parameter assignment

Reading torsion control file 'C:\Program Files\Schrodinger2020-3\glide-v8.8\bin\Windows-x64\..\..\data\torcontrol.txt':
  
  Using generalized torsion control 
  
 Number of rotatable bonds            6
 Using templates for ring conformations.
Glide Extra Precision Mode active.

GlideScore version XP5.0 will be used

  
 Buried polar penalty      0.000
 Coulomb vdW cutoff        0.000
 H bond cutoff             0.000
 Metal-ligand cutoff      10.000
Assigning GlideScore XP5.0 parameters
For Glide Extra Precision mode, will use maxref = 800
 Use grow mode-p
  
 REPORT POSE ANCH_2           1           0          10
 REPORT POSE ANCH_2           2           0           4
 REPORT POSE ANCH_2           3           0          11
 REPORT POSE ANCH_2           4           0          15
Full force-field refinement in receptor field for up to   10 poses
    4 poses will be postminimized for this ligand
Reporting postminimized pose   3 GlideScore =     -3.902
GlideScore(   -3.90)+Epik State Penalty(    0.00) =    -3.90 kcal/mol
DOCKING RESULTS FOR LIGAND        1 (Amb2608862)
Best XP pose:    11;  GlideScore =     -3.90 Emodel =    -27.47 E =    -27.37 Eint =     7.10
Calling OPLS3e atomtyping ...
Finished parameter assignment
 Number of rotatable bonds            6
 Using templates for ring conformations.
Glide Extra Precision Mode active.
For Glide Extra Precision mode, will use maxref = 800
 Use grow mode-p
  
 REPORT POSE ANCH_2           1           0           7
 REPORT POSE ANCH_2           2           0           3
 REPORT POSE ANCH_2           3           0          10
 REPORT POSE ANCH_2           4           0           2
 REPORT POSE ANCH_2           5           0           8
 REPORT POSE ANCH_2           6           0           9
    6 poses will be postminimized for this ligand
Reporting original pose   6 GlideScore =     -4.376
GlideScore(   -4.38)+Epik State Penalty(    0.00) =    -4.38 kcal/mol
DOCKING RESULTS FOR LIGAND        2 (Amb2608862)
Best XP pose:     9;  GlideScore =     -4.38 Emodel =    -33.33 E =    -28.87 Eint =     4.23
Calling OPLS3e atomtyping ...
Finished parameter assignment
 Number of rotatable bonds            6
 Using templates for ring conformations.
Glide Extra Precision Mode active.
For Glide Extra Precision mode, will use maxref = 800
 Use grow mode-p
  
 REPORT POSE ANCH_2           1           0           4
 REPORT POSE ANCH_2           2           0           1
 REPORT POSE ANCH_2           3           0           6
 REPORT POSE ANCH_2           4           0          10
 REPORT POSE ANCH_2           5           0           5
 REPORT POSE ANCH_2           6           0          11
    6 poses will be postminimized for this ligand
Reporting original pose   5 GlideScore =     -4.554
GlideScore(   -4.55)+Epik State Penalty(    0.00) =    -4.55 kcal/mol
DOCKING RESULTS FOR LIGAND        3 (Amb2608862)
Best XP pose:     5;  GlideScore =     -4.55 Emodel =    -34.20 E =    -28.06 Eint =     5.46
Calling OPLS3e atomtyping ...
Finished parameter assignment
 Number of rotatable bonds            6
 Using templates for ring conformations.
Glide Extra Precision Mode active.
For Glide Extra Precision mode, will use maxref = 800
 Use grow mode-p
  
 REPORT POSE ANCH_2           1           0           1
 REPORT POSE ANCH_2           2           0          12
 REPORT POSE ANCH_2           3           0          10
 REPORT POSE ANCH_2           4           0          11
 REPORT POSE ANCH_2           5           0          14
 REPORT POSE ANCH_2           6           0          17
    6 poses will be postminimized for this ligand
Reporting postminimized pose   1 GlideScore =     -4.799
GlideScore(   -4.80)+Epik State Penalty(    0.00) =    -4.80 kcal/mol
DOCKING RESULTS FOR LIGAND        4 (Amb2608862)
Best XP pose:     1;  GlideScore =     -4.80 Emodel =    -34.77 E =    -29.94 Eint =     3.75
  
 REPORT OF DOCKED POSES
  
 The ligand structures were written to the file
glide-dock_XP_2608862-0001_raw.maegz

Exiting Glide
Date: Wednesday, September 01 2021, at 23:35:28 India Standard Time
CPU time (s): 163.2 user, 1.3 system, 168.1 real
Total elapsed time = 168 seconds (2 minutes, 48 seconds)
[running at reduced cpu priority]
######## end of glide-dock_XP_2608862-0001.log #########
######## begin of glide-dock_XP_2608862-0002.log #########
Glide version 88139 (mmshare version 51139)
Copyright (c) Schrodinger, LLC.
All Rights Reserved.

--------------------------------------------------------------------------------
JobId          : JovelVargheseJose718-0-612fc0ed
Name           : glide-dock_XP_2608862-0002
Program        : Glide
Host           : JovelVargheseJose718
Dir            : C:\Users\hp\AppData\Local\Schrodinger\tmp\glide-dock_XP_2608862
HostEntry      : localhost
JobHost        : JovelVargheseJose718
JobDir         : C:\Users\hp\AppData\Local\Schrodinger\tmp\glide-dock_XP_2608862-00
JobSchrodinger : C:\Program Files\Schrodinger2020-3
Commandline    : C:\Program Files\Schrodinger2020-3\glide.exe -RESTART -serial glide-dock_XP_2608862-0002.inp -HOST localhost
StartTime      : 2021-09-01-23:35:34
--------------------------------------------------------------------------------

[running at reduced cpu priority]
Offsetting ligand numbers by 4
 VdW radii of ligand atoms scaled by   0.800000000000000     
 Charge cutoff for polarity   0.150000000000000     
 After readscreen, (nx, ny, nz) = (          27 ,           27 ,           27 ).
  Receptor setup: (nsites, nx, ny, nz, bsize)=(         125 ,           27 , 
          27 ,           27 ,    1.00000000000000      ).
 Screening setup finished.
 DOCKMAIN: getting receptor.
  DOCKMAIN after grid: (nx, ny, nz) = (          72 ,           72 , 
          72 ).
 DOCKMAIN: Grid setup finished
Calling OPLS3e atomtyping ...
Finished parameter assignment

Reading torsion control file 'C:\Program Files\Schrodinger2020-3\glide-v8.8\bin\Windows-x64\..\..\data\torcontrol.txt':
  
  Using generalized torsion control 
  
 Number of rotatable bonds            6
 Using templates for ring conformations.
Glide Extra Precision Mode active.

GlideScore version XP5.0 will be used

  
 Buried polar penalty      0.000
 Coulomb vdW cutoff        0.000
 H bond cutoff             0.000
 Metal-ligand cutoff      10.000
Assigning GlideScore XP5.0 parameters
For Glide Extra Precision mode, will use maxref = 800
 Use grow mode-p
  
 REPORT POSE ANCH_2           1           0           8
 REPORT POSE ANCH_2           2           0           1
 REPORT POSE ANCH_2           3           0           4
 REPORT POSE ANCH_2           4           0          14
 REPORT POSE ANCH_2           5           0           5
 REPORT POSE ANCH_2           6           0          12
 REPORT POSE ANCH_2           7           0           3
Full force-field refinement in receptor field for up to   10 poses
    7 poses will be postminimized for this ligand
Reporting postminimized pose   2 GlideScore =     -4.650
GlideScore(   -4.65)+Epik State Penalty(    0.00) =    -4.65 kcal/mol
DOCKING RESULTS FOR LIGAND        5 (Amb2608862)
Best XP pose:     1;  GlideScore =     -4.65 Emodel =    -30.67 E =    -31.99 Eint =    10.24
Calling OPLS3e atomtyping ...
Finished parameter assignment
 Number of rotatable bonds            6
 Using templates for ring conformations.
Glide Extra Precision Mode active.
For Glide Extra Precision mode, will use maxref = 800
 Use grow mode-p
  
 REPORT POSE ANCH_2           1           0           3
 REPORT POSE ANCH_2           2           0           4
 REPORT POSE ANCH_2           3           0           8
 REPORT POSE ANCH_2           4           0           6
 REPORT POSE ANCH_2           5           0           2
 REPORT POSE ANCH_2           6           0           1
    6 poses will be postminimized for this ligand
Reporting original pose   6 GlideScore =     -4.247
GlideScore(   -4.25)+Epik State Penalty(    0.00) =    -4.25 kcal/mol
DOCKING RESULTS FOR LIGAND        6 (Amb2608862)
Best XP pose:     1;  GlideScore =     -4.25 Emodel =    -33.72 E =    -28.55 Eint =     4.36
Calling OPLS3e atomtyping ...
Finished parameter assignment
 Number of rotatable bonds            6
 Using templates for ring conformations.
Glide Extra Precision Mode active.
For Glide Extra Precision mode, will use maxref = 800
 Use grow mode-p
  
 REPORT POSE ANCH_2           1           0           5
 REPORT POSE ANCH_2           2           0          10
 REPORT POSE ANCH_2           3           0          12
 REPORT POSE ANCH_2           4           0           7
 REPORT POSE ANCH_2           5           0           3
 REPORT POSE ANCH_2           6           0           8
 REPORT POSE ANCH_2           7           0           6
 REPORT POSE ANCH_2           8           0          11
 REPORT POSE ANCH_2           9           0           1
    9 poses will be postminimized for this ligand
Reporting postminimized pose   8 GlideScore =     -4.554
GlideScore(   -4.55)+Epik State Penalty(    0.00) =    -4.55 kcal/mol
DOCKING RESULTS FOR LIGAND        7 (Amb2608862)
Best XP pose:    11;  GlideScore =     -4.55 Emodel =    -28.81 E =    -28.09 Eint =     4.70
Calling OPLS3e atomtyping ...
Finished parameter assignment
 Number of rotatable bonds            6
 Using templates for ring conformations.
Glide Extra Precision Mode active.
For Glide Extra Precision mode, will use maxref = 800
 Use grow mode-p
  
 REPORT POSE ANCH_2           1           0           2
 REPORT POSE ANCH_2           2           0           4
 REPORT POSE ANCH_2           3           0          13
 REPORT POSE ANCH_2           4           0           1
 REPORT POSE ANCH_2           5           0           9
 REPORT POSE ANCH_2           6           0           8
 REPORT POSE ANCH_2           7           0          14
 REPORT POSE ANCH_2           8           0           5
    8 poses will be postminimized for this ligand
Reporting postminimized pose   2 GlideScore =     -4.465
GlideScore(   -4.46)+Epik State Penalty(    0.00) =    -4.46 kcal/mol
DOCKING RESULTS FOR LIGAND        8 (Amb2608862)
Best XP pose:     4;  GlideScore =     -4.46 Emodel =    -32.01 E =    -29.57 Eint =     5.53
  
 REPORT OF DOCKED POSES
  
 The ligand structures were written to the file
glide-dock_XP_2608862-0002_raw.maegz

Exiting Glide
Date: Wednesday, September 01 2021, at 23:43:34 India Standard Time
CPU time (s): 462.6 user, 2.3 system, 475.9 real
Total elapsed time = 476 seconds (7 minutes, 56 seconds)
[running at reduced cpu priority]
######## end of glide-dock_XP_2608862-0002.log #########
