
Assigned bond orders to the workspace, while skipping residues with existing double & triple bonds
  No bond orders were changed

Added hydrogens to the Workspace structure

Treated metals in the Workspace structure
  Created disulfide bonds: []

Deleted waters farther than 2.0 angstroms from hets

Filled missing loops with Prime

The following terminal residues have been capped: A:143, B:196, C:143, D:196, A:24, B:87, C:24, D:87
  NEW HET 1 atoms: [7284]
  NEW HET 2 atoms: [7285, 7286, 7287, 7288, 7289, 7290, 7291, 7292, 7293, 7294, 7295, 7296, 7297, 7298]
  NEW HET 3 atoms: [7313, 7314, 7315, 7316, 7317, 7318, 7319, 7320, 7321, 7322, 7323, 7324, 7325, 7326]
  NEW HET 4 atoms: [7341]
  NEW HET 5 atoms: [7342, 7343, 7344, 7345, 7346, 7347, 7348, 7349, 7350, 7351, 7352, 7353, 7354, 7355]

Found 1 waters

Generated ionization/tautomeric states for all het groups
Epik job ({job_id}) incorporated.
Optimize H-bonds job has completed

Deleted waters farther than 3.0 angstroms from hets

Found 0 waters

Deleted waters farther than 3.0 angstroms from hets

Found 1 waters
Restrained minimization job has completed
