######## begin of glide-dock_XP_17619925-0001.log #########
Glide version 88139 (mmshare version 51139)
Copyright (c) Schrodinger, LLC.
All Rights Reserved.

--------------------------------------------------------------------------------
JobId          : JovelVargheseJose718-0-612f7b4b
Name           : glide-dock_XP_17619925-0001
Program        : Glide
Host           : JovelVargheseJose718
Dir            : C:\Users\hp\AppData\Local\Schrodinger\tmp\glide-dock_XP_17619925
HostEntry      : localhost
JobHost        : JovelVargheseJose718
JobDir         : C:\Users\hp\AppData\Local\Schrodinger\tmp\glide-dock_XP_17619925-0
JobSchrodinger : C:\Program Files\Schrodinger2020-3
Commandline    : C:\Program Files\Schrodinger2020-3\glide.exe -RESTART -serial glide-dock_XP_17619925-0001.inp -HOST localhost
StartTime      : 2021-09-01-18:38:28
--------------------------------------------------------------------------------

[running at reduced cpu priority]
 VdW radii of ligand atoms scaled by   0.800000000000000     
 Charge cutoff for polarity   0.150000000000000     
 After readscreen, (nx, ny, nz) = (          27 ,           27 ,           27 ).
  Receptor setup: (nsites, nx, ny, nz, bsize)=(         125 ,           27 , 
          27 ,           27 ,    1.00000000000000      ).
 Screening setup finished.
 DOCKMAIN: getting receptor.
  DOCKMAIN after grid: (nx, ny, nz) = (          72 ,           72 , 
          72 ).
 DOCKMAIN: Grid setup finished
Calling OPLS3e atomtyping ...
Finished parameter assignment

Reading torsion control file 'C:\Program Files\Schrodinger2020-3\glide-v8.8\bin\Windows-x64\..\..\data\torcontrol.txt':
  
  Using generalized torsion control 
  
 Number of rotatable bonds            6
 Using templates for ring conformations.
Glide Extra Precision Mode active.

GlideScore version XP5.0 will be used

  
 Buried polar penalty      0.000
 Coulomb vdW cutoff        0.000
 H bond cutoff             0.000
 Metal-ligand cutoff      10.000
Assigning GlideScore XP5.0 parameters
For Glide Extra Precision mode, will use maxref = 800
 Use grow mode-p
  
 REPORT POSE ANCH_2           1           0          10
 REPORT POSE ANCH_2           2           0           2
 REPORT POSE ANCH_2           3           0          15
 REPORT POSE ANCH_2           4           0           1
 REPORT POSE ANCH_2           5           0          18
 REPORT POSE ANCH_2           6           0          16
 REPORT POSE ANCH_2           7           0          12
 REPORT POSE ANCH_2           8           0          17
Full force-field refinement in receptor field for up to   10 poses
    8 poses will be postminimized for this ligand
Reporting postminimized pose   4 GlideScore =     -4.170
GlideScore(   -4.17)+Epik State Penalty(    0.00) =    -4.17 kcal/mol
DOCKING RESULTS FOR LIGAND        1 (Amb17619925)
Best XP pose:     1;  GlideScore =     -4.17 Emodel =    -28.64 E =    -26.42 Eint =     7.71
Calling OPLS3e atomtyping ...
Finished parameter assignment
 Number of rotatable bonds            6
 Using templates for ring conformations.
Glide Extra Precision Mode active.
For Glide Extra Precision mode, will use maxref = 800
 Use grow mode-p
  
 REPORT POSE ANCH_2           1           0           6
 REPORT POSE ANCH_2           2           0           9
 REPORT POSE ANCH_2           3           0           1
    3 poses will be postminimized for this ligand
Reporting postminimized pose   3 GlideScore =     -4.039
GlideScore(   -4.04)+Epik State Penalty(    0.00) =    -4.04 kcal/mol
DOCKING RESULTS FOR LIGAND        2 (Amb17619925)
Best XP pose:     1;  GlideScore =     -4.04 Emodel =    -36.75 E =    -29.07 Eint =     2.73
  
 REPORT OF DOCKED POSES
  
 The ligand structures were written to the file
glide-dock_XP_17619925-0001_raw.maegz

Exiting Glide
Date: Wednesday, September 01 2021, at 18:40:01 India Standard Time
CPU time (s): 88.3 user, 0.4 system, 90.3 real
Total elapsed time = 90 seconds (1 minutes, 30 seconds)
[running at reduced cpu priority]
######## end of glide-dock_XP_17619925-0001.log #########
######## begin of glide-dock_XP_17619925-0002.log #########
Glide version 88139 (mmshare version 51139)
Copyright (c) Schrodinger, LLC.
All Rights Reserved.

--------------------------------------------------------------------------------
JobId          : JovelVargheseJose718-0-612f7baf
Name           : glide-dock_XP_17619925-0002
Program        : Glide
Host           : JovelVargheseJose718
Dir            : C:\Users\hp\AppData\Local\Schrodinger\tmp\glide-dock_XP_17619925
HostEntry      : localhost
JobHost        : JovelVargheseJose718
JobDir         : C:\Users\hp\AppData\Local\Schrodinger\tmp\glide-dock_XP_17619925-0
JobSchrodinger : C:\Program Files\Schrodinger2020-3
Commandline    : C:\Program Files\Schrodinger2020-3\glide.exe -RESTART -serial glide-dock_XP_17619925-0002.inp -HOST localhost
StartTime      : 2021-09-01-18:40:08
--------------------------------------------------------------------------------

[running at reduced cpu priority]
Offsetting ligand numbers by 2
 VdW radii of ligand atoms scaled by   0.800000000000000     
 Charge cutoff for polarity   0.150000000000000     
 After readscreen, (nx, ny, nz) = (          27 ,           27 ,           27 ).
  Receptor setup: (nsites, nx, ny, nz, bsize)=(         125 ,           27 , 
          27 ,           27 ,    1.00000000000000      ).
 Screening setup finished.
 DOCKMAIN: getting receptor.
  DOCKMAIN after grid: (nx, ny, nz) = (          72 ,           72 , 
          72 ).
 DOCKMAIN: Grid setup finished

Exiting Glide
Date: Wednesday, September 01 2021, at 18:40:15 India Standard Time
CPU time (s): 0.0 user, 0.0 system, 0.0 real
Total elapsed time = 0 seconds
[running at reduced cpu priority]
######## end of glide-dock_XP_17619925-0002.log #########
