
** maxlevel set to 4
  **
  ** Beginning refinement level 0
  **

[JovelVargheseJose718]
%IMPACT-I (openwt): Request to open FORMATTED file prepwizard-impref_1_ref0.out on unit   2
 Entering IMPACT execution environment 
 Date: Wednesday, September 01 2021, at 17:46:35 India Standard Time
 Impact version 88139
 mmshare version        51139
 Copyright (c) Schrodinger, LLC.
 All Rights Reserved.

 Windows Host: JovelVargheseJose718
 Job Name: prepwizard-impref_1_ref0
 SCHRODINGER  directory: C:\Program Files\Schrodinger2020-3
 IMPACT_EXEC  directory: C:\Program Files\Schrodinger2020-3\impact-v8.8\bin\Windows-x64
 MMSHARE_EXEC directory: C:\Program Files\Schrodinger2020-3\mmshare-v5.1\bin\Windows-x64

 Clock-based global random seed:     1630498595
%IMPACT-I(foldmain): calling OPLS3e atomtyping ...
%IMPACT-I(foldmain): finished parameter assignment
 PARM read from file "paramstd.dat"
 Parameter obtained from atomtyping
      Current coord. are written to file: "prepwizard-impref_1.init_coord.rst"
      Box dimensions not written


 Total number of atoms  =  7346
 
 Neighbor List Cutoff Settings
 ==================================
 Cutoff radius:   10.0000000000000     
 Update frequency: every           10  steps
 Species   1 : Neighbors are calculated on a per residue basis
 Species   1 : Cutoff by inter-atomic distances
 
 Step number:          0         Non-bonded count:  2038515
 E-pot        RMS grad     Max grad    
  1.32203E+03  1.46803E+01  4.88953E+02
 Step number:         10         Non-bonded count:  2038515
 -1.41150E+03  2.72925E+00  1.26394E+02
 Step number:         20         Non-bonded count:  2042072
 -1.74614E+03  1.46723E+00  6.11270E+01
 Step number:         30         Non-bonded count:  2044937
 -1.88494E+03  9.69774E-01  2.50022E+01
 Step number:         40         Non-bonded count:  2043985
 -1.96271E+03  7.76417E-01  2.52444E+01
 Step number:         50         Non-bonded count:  2044990
 -2.00576E+03  6.49024E-01  2.91972E+01
 Step number:         60         Non-bonded count:  2045217
 -2.03259E+03  4.48508E-01  1.07873E+01
 Step number:         70         Non-bonded count:  2046329
 -2.04822E+03  3.94750E-01  1.75634E+01
 Step number:         80         Non-bonded count:  2047618
 -2.06097E+03  3.73433E-01  2.16291E+01
 Step number:         90         Non-bonded count:  2047562
 -2.07106E+03  3.32151E-01  1.74497E+01
 Step number:        100         Non-bonded count:  2045458
 -2.07957E+03  2.61656E-01  7.82489E+00
 Step number:        100         Non-bonded count:  2045251
 -2.07958E+03  2.61658E-01  7.82489E+00
      Current coord. are written to file: "prepwizard-impref_1.min0_coord.rst"
      Box dimensions not written
      Current coordinates are read from file: "prepwizard-impref_1.init_coord.rst"
      Box dimensions not read
          read from "prepwizard-impref_1.init_coord.rst"
  
 Energy and Force Generation Info: 
 --------------------------------- 
 Number of E&F called:     279
 PARM read from file "paramstd.dat"
 Parameter obtained from atomtyping
      Current coordinates are read from file: "prepwizard-impref_1.min0_coord.rst"
      Box dimensions not read
          read from "prepwizard-impref_1.min0_coord.rst"


 Total number of atoms  =  7346
 
 Neighbor List Cutoff Settings
 ==================================
 Cutoff radius:   10.0000000000000     
 Update frequency: every           10  steps
 Species   1 : Neighbors are calculated on a per residue basis
 Species   1 : Cutoff by inter-atomic distances
 
 Step number:          0         Non-bonded count:  2045251
 E-pot        RMS grad     Max grad    
  1.48442E+03  6.20793E+00  5.09961E+01
 Step number:         10         Non-bonded count:  2045251
 -2.96046E+02  2.41766E+00  1.05958E+02
 Step number:         20         Non-bonded count:  2042704
 -6.31247E+02  1.33563E+00  5.40033E+01
 Step number:         30         Non-bonded count:  2042297
 -7.47435E+02  8.44065E-01  3.49338E+01
 Step number:         40         Non-bonded count:  2043311
 -7.98720E+02  6.71963E-01  2.12999E+01
 Step number:         50         Non-bonded count:  2042663
 -8.26659E+02  4.14655E-01  1.30263E+01
 Step number:         60         Non-bonded count:  2043185
 -8.39550E+02  3.42259E-01  1.78372E+01
 Step number:         70         Non-bonded count:  2044094
 -8.48501E+02  2.70030E-01  7.26490E+00
 Step number:         80         Non-bonded count:  2045122
 -8.53837E+02  2.09523E-01  6.56228E+00
 Step number:         90         Non-bonded count:  2045238
 -8.58131E+02  1.81289E-01  7.79439E+00
 Step number:        100         Non-bonded count:  2044826
 -8.60414E+02  1.51212E-01  4.96067E+00
 Step number:        100         Non-bonded count:  2044164
 -8.60361E+02  1.51214E-01  4.96067E+00
  
 Energy and Force Generation Info: 
 --------------------------------- 
 Number of E&F called:     562


Final Energy Reports:
------------------------------------
 Total Energy of the system...... -8.60361E+02 kcal/mol
 Total Potential Energy.......... -8.60361E+02 kcal/mol
 Total Kinetic Energy............  0.00000E+00 kcal/mol
 Temperature of the system.......        0.000 K
 Bond Stretch Energy.............  1.35045E+02 kcal/mol
 Angle Bending Energy............  8.99070E+02 kcal/mol
 Torsion Angle Energy............  7.73407E+02 kcal/mol
 Restraining Energy for Torsions.  0.00000E+00 kcal/mol
 1,4 Lennard Jones Energy........  2.34988E+03 kcal/mol
 1,4 Electrostatic Energy........  7.36921E+02 kcal/mol
 Lennard Jones Energy............ -3.78175E+03 kcal/mol
 Electrostatic Energy............ -2.40878E+03 kcal/mol
 H-bond Energy...................  0.00000E+00 kcal/mol
 
 Exiting IMPACT execution environment 
 Date: Wednesday, September 01 2021, at 17:47:30 India Standard Time
%IMPACT-I (timit): Total CPU time =      53.84 seconds (   0.9 minutes)
Total elapsed time = 55 seconds
  ** Completed refinement level 0      rmsd =  0.119
  **
  ** Beginning refinement level 1
  **

[JovelVargheseJose718]
%IMPACT-I (openwt): Request to open FORMATTED file prepwizard-impref_1_ref1.out on unit   2
 Entering IMPACT execution environment 
 Date: Wednesday, September 01 2021, at 17:47:31 India Standard Time
 Impact version 88139
 mmshare version        51139
 Copyright (c) Schrodinger, LLC.
 All Rights Reserved.

 Windows Host: JovelVargheseJose718
 Job Name: prepwizard-impref_1_ref1
 SCHRODINGER  directory: C:\Program Files\Schrodinger2020-3
 IMPACT_EXEC  directory: C:\Program Files\Schrodinger2020-3\impact-v8.8\bin\Windows-x64
 MMSHARE_EXEC directory: C:\Program Files\Schrodinger2020-3\mmshare-v5.1\bin\Windows-x64

 Clock-based global random seed:     1630498651
%IMPACT-I(foldmain): calling OPLS3e atomtyping ...
%IMPACT-I(foldmain): finished parameter assignment
 PARM read from file "paramstd.dat"
 Parameter obtained from atomtyping


 Total number of atoms  =  7346
 
 Neighbor List Cutoff Settings
 ==================================
 Cutoff radius:   10.0000000000000     
 Update frequency: every           10  steps
 Species   1 : Neighbors are calculated on a per residue basis
 Species   1 : Cutoff by inter-atomic distances
 
 Step number:          0         Non-bonded count:  2044164
 E-pot        RMS grad     Max grad    
 -1.29621E+03  9.00526E-01  9.53850E+00
 Step number:         10         Non-bonded count:  2044164
 -1.47182E+03  9.74686E-01  1.60597E+01
 Step number:         20         Non-bonded count:  2043334
 -1.55941E+03  7.71017E-01  3.27651E+01
 Step number:         30         Non-bonded count:  2042902
 -1.59968E+03  4.93569E-01  1.70353E+01
 Step number:         40         Non-bonded count:  2043230
 -1.62050E+03  4.33608E-01  2.38236E+01
 Step number:         50         Non-bonded count:  2045667
 -1.63307E+03  2.91441E-01  5.43034E+00
 Step number:         60         Non-bonded count:  2046422
 -1.64035E+03  2.57746E-01  1.32721E+01
 Step number:         70         Non-bonded count:  2045907
 -1.64531E+03  1.89895E-01  6.75134E+00
 Step number:         80         Non-bonded count:  2046467
 -1.64862E+03  1.71912E-01  8.26267E+00
 Step number:         90         Non-bonded count:  2047375
 -1.65090E+03  1.38960E-01  3.78323E+00
 Step number:        100         Non-bonded count:  2047704
 -1.65288E+03  1.23155E-01  4.05956E+00
 Step number:        100         Non-bonded count:  2047864
 -1.65289E+03  1.23156E-01  4.05956E+00
  
 Energy and Force Generation Info: 
 --------------------------------- 
 Number of E&F called:     271


Final Energy Reports:
------------------------------------
 Total Energy of the system...... -1.65289E+03 kcal/mol
 Total Potential Energy.......... -1.65289E+03 kcal/mol
 Total Kinetic Energy............  0.00000E+00 kcal/mol
 Temperature of the system.......        0.000 K
 Bond Stretch Energy.............  1.91541E+02 kcal/mol
 Angle Bending Energy............  9.56781E+02 kcal/mol
 Torsion Angle Energy............  6.49338E+02 kcal/mol
 Restraining Energy for Torsions.  0.00000E+00 kcal/mol
 1,4 Lennard Jones Energy........  2.13708E+03 kcal/mol
 1,4 Electrostatic Energy........  7.22523E+02 kcal/mol
 Lennard Jones Energy............ -4.07419E+03 kcal/mol
 Electrostatic Energy............ -2.38687E+03 kcal/mol
 H-bond Energy...................  0.00000E+00 kcal/mol
 
 Exiting IMPACT execution environment 
 Date: Wednesday, September 01 2021, at 17:48:09 India Standard Time
%IMPACT-I (timit): Total CPU time =      37.22 seconds (   0.6 minutes)
Total elapsed time = 38 seconds
  ** Completed refinement level 1      rmsd =  0.227
  **
  ** Beginning refinement level 2
  **

[JovelVargheseJose718]
%IMPACT-I (openwt): Request to open FORMATTED file prepwizard-impref_1_ref2.out on unit   2
 Entering IMPACT execution environment 
 Date: Wednesday, September 01 2021, at 17:48:10 India Standard Time
 Impact version 88139
 mmshare version        51139
 Copyright (c) Schrodinger, LLC.
 All Rights Reserved.

 Windows Host: JovelVargheseJose718
 Job Name: prepwizard-impref_1_ref2
 SCHRODINGER  directory: C:\Program Files\Schrodinger2020-3
 IMPACT_EXEC  directory: C:\Program Files\Schrodinger2020-3\impact-v8.8\bin\Windows-x64
 MMSHARE_EXEC directory: C:\Program Files\Schrodinger2020-3\mmshare-v5.1\bin\Windows-x64

 Clock-based global random seed:     1630498690
%IMPACT-I(foldmain): calling OPLS3e atomtyping ...
%IMPACT-I(foldmain): finished parameter assignment
 PARM read from file "paramstd.dat"
 Parameter obtained from atomtyping


 Total number of atoms  =  7346
 
 Neighbor List Cutoff Settings
 ==================================
 Cutoff radius:   10.0000000000000     
 Update frequency: every           10  steps
 Species   1 : Neighbors are calculated on a per residue basis
 Species   1 : Cutoff by inter-atomic distances
 
 Step number:          0         Non-bonded count:  2047864
 E-pot        RMS grad     Max grad    
 -1.80369E+03  3.12254E-01  4.21794E+00
 Step number:         10         Non-bonded count:  2047864
 -1.84640E+03  8.33743E-01  2.20480E+01
 Step number:         20         Non-bonded count:  2047942
 -1.89208E+03  6.07235E-01  3.21682E+01
 Step number:         30         Non-bonded count:  2047942
 -1.91475E+03  4.15096E-01  1.24632E+01
 Step number:         40         Non-bonded count:  2046833
 -1.92942E+03  3.60330E-01  1.30212E+01
 Step number:         50         Non-bonded count:  2046629
 -1.93973E+03  2.85806E-01  8.33597E+00
 Step number:         60         Non-bonded count:  2047596
 -1.94824E+03  2.57093E-01  1.14726E+01
 Step number:         70         Non-bonded count:  2047943
 -1.95414E+03  2.32894E-01  7.36073E+00
 Step number:         80         Non-bonded count:  2047442
 -1.95852E+03  2.04239E-01  6.41883E+00
 Step number:         90         Non-bonded count:  2048609
 -1.96203E+03  1.80775E-01  7.63316E+00
 Step number:        100         Non-bonded count:  2049249
 -1.96458E+03  1.48131E-01  6.29031E+00
 Step number:        100         Non-bonded count:  2049104
 -1.96458E+03  1.48132E-01  6.29031E+00
  
 Energy and Force Generation Info: 
 --------------------------------- 
 Number of E&F called:     261


Final Energy Reports:
------------------------------------
 Total Energy of the system...... -1.96458E+03 kcal/mol
 Total Potential Energy.......... -1.96458E+03 kcal/mol
 Total Kinetic Energy............  0.00000E+00 kcal/mol
 Temperature of the system.......        0.000 K
 Bond Stretch Energy.............  2.09130E+02 kcal/mol
 Angle Bending Energy............  9.66942E+02 kcal/mol
 Torsion Angle Energy............  5.60263E+02 kcal/mol
 Restraining Energy for Torsions.  0.00000E+00 kcal/mol
 1,4 Lennard Jones Energy........  2.07869E+03 kcal/mol
 1,4 Electrostatic Energy........  7.16299E+02 kcal/mol
 Lennard Jones Energy............ -4.18930E+03 kcal/mol
 Electrostatic Energy............ -2.39294E+03 kcal/mol
 H-bond Energy...................  0.00000E+00 kcal/mol
 
 Exiting IMPACT execution environment 
 Date: Wednesday, September 01 2021, at 17:48:50 India Standard Time
%IMPACT-I (timit): Total CPU time =      38.84 seconds (   0.6 minutes)
Total elapsed time = 40 seconds
  ** Completed refinement level 2      rmsd =  0.349

** Refinement finished. Final level: 1

** The refined complex file is prepwizard-impref_1_ref.mae.
