######## begin of glide-dock_XP_6gh8_Atorvastatin-0001.log #########
Glide version 88139 (mmshare version 51139)
Copyright (c) Schrodinger, LLC.
All Rights Reserved.

--------------------------------------------------------------------------------
JobId          : JovelVargheseJose718-0-612a83a2
Name           : glide-dock_XP_6gh8_Atorvastatin-0001
Program        : Glide
Host           : JovelVargheseJose718
Dir            : C:\Users\hp\AppData\Local\Schrodinger\tmp\glide-dock_XP_6gh8_Atorv
HostEntry      : localhost
JobHost        : JovelVargheseJose718
JobDir         : C:\Users\hp\AppData\Local\Schrodinger\tmp\glide-dock_XP_6gh8_Atorv.1
JobSchrodinger : C:\Program Files\Schrodinger2020-3
Commandline    : C:\Program Files\Schrodinger2020-3\glide.exe -RESTART -serial glide-dock_XP_6gh8_Atorvastatin-0001.inp -HOST localhost
StartTime      : 2021-08-29-00:12:43
--------------------------------------------------------------------------------

[running at reduced cpu priority]
 VdW radii of ligand atoms scaled by   0.800000000000000     
 Charge cutoff for polarity   0.150000000000000     
 After readscreen, (nx, ny, nz) = (          27 ,           27 ,           27 ).
  Receptor setup: (nsites, nx, ny, nz, bsize)=(         125 ,           27 , 
          27 ,           27 ,    1.00000000000000      ).
 Screening setup finished.
 DOCKMAIN: getting receptor.
  DOCKMAIN after grid: (nx, ny, nz) = (          72 ,           72 , 
          72 ).

 Metal   At. Num.  Eff. Charge  Category    x         y         z
 7271      20       -1.00          -1    88.123   -21.467    39.640
 7300      20       -1.00          -1    17.065    10.568    52.540
  
 DOCKMAIN: Grid setup finished
Calling OPLS3e atomtyping ...
Finished parameter assignment

Reading torsion control file 'C:\Program Files\Schrodinger2020-3\glide-v8.8\bin\Windows-x64\..\..\data\torcontrol.txt':
  
  Using generalized torsion control 
  
 Number of rotatable bonds           15
 Using templates for ring conformations.
Glide Extra Precision Mode active.

GlideScore version XP5.0 will be used

  
 Buried polar penalty      0.000
 Coulomb vdW cutoff        0.000
 H bond cutoff             0.000
 Metal-ligand cutoff      10.000
Assigning GlideScore XP5.0 parameters
For Glide Extra Precision mode, will use maxref = 800
 Use grow mode-t
  
 REPORT POSE ANCH_2           1           0          37
 REPORT POSE ANCH_2           2           0           4
 REPORT POSE ANCH_2           3           0          29
 REPORT POSE ANCH_2           4           0           6
 REPORT POSE ANCH_2           5           0          11
 REPORT POSE ANCH_2           6           0          18
 REPORT POSE ANCH_2           7           0           1
 REPORT POSE ANCH_2           8           0          38
 REPORT POSE ANCH_2           9           0          16
 REPORT POSE ANCH_2          10           0          42
Full force-field refinement in receptor field for up to   10 poses
   10 poses will be postminimized for this ligand
Reporting postminimized pose   8 GlideScore =     -4.223
GlideScore(   -4.22)+Epik State Penalty(    0.00) =    -4.22 kcal/mol
DOCKING RESULTS FOR LIGAND        1 (Atorvastatin)
Best XP pose:    38;  GlideScore =     -4.22 Emodel =    -50.95 E =    -40.19 Eint =     7.46
  
 REPORT OF DOCKED POSES
  
 The ligand structures were written to the file
glide-dock_XP_6gh8_Atorvastatin-0001_raw.maegz

Exiting Glide
Date: Sunday, August 29 2021, at 00:17:26 India Standard Time
CPU time (s): 271.0 user, 3.5 system, 280.3 real
Total elapsed time = 280 seconds (4 minutes, 40 seconds)
[running at reduced cpu priority]
######## end of glide-dock_XP_6gh8_Atorvastatin-0001.log #########
