######## begin of glide-dock_XP_17616258-0001.log #########
Glide version 88139 (mmshare version 51139)
Copyright (c) Schrodinger, LLC.
All Rights Reserved.

--------------------------------------------------------------------------------
JobId          : JovelVargheseJose718-0-612f7634
Name           : glide-dock_XP_17616258-0001
Program        : Glide
Host           : JovelVargheseJose718
Dir            : C:\Users\hp\AppData\Local\Schrodinger\tmp\glide-dock_XP_17616258
HostEntry      : localhost
JobHost        : JovelVargheseJose718
JobDir         : C:\Users\hp\AppData\Local\Schrodinger\tmp\glide-dock_XP_17616258-0
JobSchrodinger : C:\Program Files\Schrodinger2020-3
Commandline    : C:\Program Files\Schrodinger2020-3\glide.exe -RESTART -serial glide-dock_XP_17616258-0001.inp -HOST localhost
StartTime      : 2021-09-01-18:16:45
--------------------------------------------------------------------------------

[running at reduced cpu priority]
 VdW radii of ligand atoms scaled by   0.800000000000000     
 Charge cutoff for polarity   0.150000000000000     
 After readscreen, (nx, ny, nz) = (          27 ,           27 ,           27 ).
  Receptor setup: (nsites, nx, ny, nz, bsize)=(         125 ,           27 , 
          27 ,           27 ,    1.00000000000000      ).
 Screening setup finished.
 DOCKMAIN: getting receptor.
  DOCKMAIN after grid: (nx, ny, nz) = (          72 ,           72 , 
          72 ).
 DOCKMAIN: Grid setup finished
Calling OPLS3e atomtyping ...
Finished parameter assignment

Reading torsion control file 'C:\Program Files\Schrodinger2020-3\glide-v8.8\bin\Windows-x64\..\..\data\torcontrol.txt':
  
  Using generalized torsion control 
  
 Number of rotatable bonds            6
 Using templates for ring conformations.
Glide Extra Precision Mode active.

GlideScore version XP5.0 will be used

  
 Buried polar penalty      0.000
 Coulomb vdW cutoff        0.000
 H bond cutoff             0.000
 Metal-ligand cutoff      10.000
Assigning GlideScore XP5.0 parameters
For Glide Extra Precision mode, will use maxref = 800
 Use grow mode-p
  
 REPORT POSE ANCH_2           1           0           8
 REPORT POSE ANCH_2           2           0           2
 REPORT POSE ANCH_2           3           0           1
 REPORT POSE ANCH_2           4           0          11
 REPORT POSE ANCH_2           5           0          14
 REPORT POSE ANCH_2           6           0          13
 REPORT POSE ANCH_2           7           0          12
Full force-field refinement in receptor field for up to   10 poses
    7 poses will be postminimized for this ligand
Reporting postminimized pose   6 GlideScore =     -4.398
GlideScore(   -4.40)+Epik State Penalty(    0.00) =    -4.40 kcal/mol
DOCKING RESULTS FOR LIGAND        1 (Amb17616284)
Best XP pose:    13;  GlideScore =     -4.40 Emodel =    -30.93 E =    -26.66 Eint =     6.38
  
 REPORT OF DOCKED POSES
  
 The ligand structures were written to the file
glide-dock_XP_17616258-0001_raw.maegz

Exiting Glide
Date: Wednesday, September 01 2021, at 18:17:34 India Standard Time
CPU time (s): 45.9 user, 0.4 system, 46.9 real
Total elapsed time = 47 seconds
[running at reduced cpu priority]
######## end of glide-dock_XP_17616258-0001.log #########
######## begin of glide-dock_XP_17616258-0002.log #########
Glide version 88139 (mmshare version 51139)
Copyright (c) Schrodinger, LLC.
All Rights Reserved.

--------------------------------------------------------------------------------
JobId          : JovelVargheseJose718-0-612f766a
Name           : glide-dock_XP_17616258-0002
Program        : Glide
Host           : JovelVargheseJose718
Dir            : C:\Users\hp\AppData\Local\Schrodinger\tmp\glide-dock_XP_17616258
HostEntry      : localhost
JobHost        : JovelVargheseJose718
JobDir         : C:\Users\hp\AppData\Local\Schrodinger\tmp\glide-dock_XP_17616258-0
JobSchrodinger : C:\Program Files\Schrodinger2020-3
Commandline    : C:\Program Files\Schrodinger2020-3\glide.exe -RESTART -serial glide-dock_XP_17616258-0002.inp -HOST localhost
StartTime      : 2021-09-01-18:17:39
--------------------------------------------------------------------------------

[running at reduced cpu priority]
Offsetting ligand numbers by 1
 VdW radii of ligand atoms scaled by   0.800000000000000     
 Charge cutoff for polarity   0.150000000000000     
 After readscreen, (nx, ny, nz) = (          27 ,           27 ,           27 ).
  Receptor setup: (nsites, nx, ny, nz, bsize)=(         125 ,           27 , 
          27 ,           27 ,    1.00000000000000      ).
 Screening setup finished.
 DOCKMAIN: getting receptor.
  DOCKMAIN after grid: (nx, ny, nz) = (          72 ,           72 , 
          72 ).
 DOCKMAIN: Grid setup finished
Calling OPLS3e atomtyping ...
Finished parameter assignment

Reading torsion control file 'C:\Program Files\Schrodinger2020-3\glide-v8.8\bin\Windows-x64\..\..\data\torcontrol.txt':
  
  Using generalized torsion control 
  
 Number of rotatable bonds            6
 Using templates for ring conformations.
Glide Extra Precision Mode active.

GlideScore version XP5.0 will be used

  
 Buried polar penalty      0.000
 Coulomb vdW cutoff        0.000
 H bond cutoff             0.000
 Metal-ligand cutoff      10.000
Assigning GlideScore XP5.0 parameters
For Glide Extra Precision mode, will use maxref = 800
 Use grow mode-p
  
 REPORT POSE ANCH_2           1           0           1
 REPORT POSE ANCH_2           2           0          16
 REPORT POSE ANCH_2           3           0          20
 REPORT POSE ANCH_2           4           0           7
 REPORT POSE ANCH_2           5           0           6
 REPORT POSE ANCH_2           6           0          15
 REPORT POSE ANCH_2           7           0           3
 REPORT POSE ANCH_2           8           0           8
 REPORT POSE ANCH_2           9           0          21
 REPORT POSE ANCH_2          10           0          18
Full force-field refinement in receptor field for up to   10 poses
   10 poses will be postminimized for this ligand
Reporting postminimized pose   4 GlideScore =     -4.321
GlideScore(   -4.32)+Epik State Penalty(    0.00) =    -4.32 kcal/mol
DOCKING RESULTS FOR LIGAND        2 (Amb17616284)
Best XP pose:     7;  GlideScore =     -4.32 Emodel =    -27.80 E =    -24.66 Eint =     8.82
  
 REPORT OF DOCKED POSES
  
 The ligand structures were written to the file
glide-dock_XP_17616258-0002_raw.maegz

Exiting Glide
Date: Wednesday, September 01 2021, at 18:18:29 India Standard Time
CPU time (s): 46.1 user, 0.5 system, 47.4 real
Total elapsed time = 47 seconds
[running at reduced cpu priority]
######## end of glide-dock_XP_17616258-0002.log #########
