######## begin of glide-dock_XP_extra-0001.log #########
Glide version 88139 (mmshare version 51139)
Copyright (c) Schrodinger, LLC.
All Rights Reserved.

--------------------------------------------------------------------------------
JobId          : JovelVargheseJose718-0-61303f6a
Name           : glide-dock_XP_extra-0001
Program        : Glide
Host           : JovelVargheseJose718
Dir            : C:\Users\hp\AppData\Local\Schrodinger\tmp\glide-dock_XP_extra
HostEntry      : localhost
JobHost        : JovelVargheseJose718
JobDir         : C:\Users\hp\AppData\Local\Schrodinger\tmp\glide-dock_XP_extra-0001
JobSchrodinger : C:\Program Files\Schrodinger2020-3
Commandline    : C:\Program Files\Schrodinger2020-3\glide.exe -RESTART -serial glide-dock_XP_extra-0001.inp -HOST localhost
StartTime      : 2021-09-02-08:35:15
--------------------------------------------------------------------------------

[running at reduced cpu priority]
 VdW radii of ligand atoms scaled by   0.800000000000000     
 Charge cutoff for polarity   0.150000000000000     
 After readscreen, (nx, ny, nz) = (          27 ,           27 ,           27 ).
  Receptor setup: (nsites, nx, ny, nz, bsize)=(         125 ,           27 , 
          27 ,           27 ,    1.00000000000000      ).
 Screening setup finished.
 DOCKMAIN: getting receptor.
  DOCKMAIN after grid: (nx, ny, nz) = (          72 ,           72 , 
          72 ).
 DOCKMAIN: Grid setup finished
Calling OPLS3e atomtyping ...
Finished parameter assignment

Reading torsion control file 'C:\Program Files\Schrodinger2020-3\glide-v8.8\bin\Windows-x64\..\..\data\torcontrol.txt':
  
  Using generalized torsion control 
  
 Number of rotatable bonds           12
 Using templates for ring conformations.
Glide Extra Precision Mode active.

GlideScore version XP5.0 will be used

  
 Buried polar penalty      0.000
 Coulomb vdW cutoff        0.000
 H bond cutoff             0.000
 Metal-ligand cutoff      10.000
Assigning GlideScore XP5.0 parameters
For Glide Extra Precision mode, will use maxref = 800
 Use grow mode-p
  
 REPORT POSE ANCH_2           1           0           2
 REPORT POSE ANCH_2           2           0           1
 REPORT POSE ANCH_2           3           0           5
 REPORT POSE ANCH_2           4           0           6
 REPORT POSE ANCH_2           5           0           8
 REPORT POSE ANCH_2           6           0           7
 REPORT POSE ANCH_2           7           0          11
 REPORT POSE ANCH_2           8           0           3
 REPORT POSE ANCH_2           9           0           9
 REPORT POSE ANCH_2          10           0           4
Full force-field refinement in receptor field for up to   10 poses
   10 poses will be postminimized for this ligand
Reporting postminimized pose   8 GlideScore =     -6.500
GlideScore(   -6.50)+Epik State Penalty(    0.00) =    -6.50 kcal/mol
DOCKING RESULTS FOR LIGAND        1 (Amb33825708)
Best XP pose:     3;  GlideScore =     -6.50 Emodel =    -50.56 E =    -38.29 Eint =     0.00
Calling OPLS3e atomtyping ...
Finished parameter assignment
 Number of rotatable bonds           12
 Using templates for ring conformations.
Glide Extra Precision Mode active.
For Glide Extra Precision mode, will use maxref = 800
 Use grow mode-p
  
 REPORT POSE ANCH_2           1           0           1
 REPORT POSE ANCH_2           2           0           2
 REPORT POSE ANCH_2           3           0           7
 REPORT POSE ANCH_2           4           0           4
 REPORT POSE ANCH_2           5           0           8
 REPORT POSE ANCH_2           6           0           9
 REPORT POSE ANCH_2           7           0           6
    7 poses will be postminimized for this ligand
Reporting postminimized pose   5 GlideScore =     -5.542
GlideScore(   -5.54)+Epik State Penalty(    0.00) =    -5.54 kcal/mol
DOCKING RESULTS FOR LIGAND        2 (Amb33825707)
Best XP pose:     8;  GlideScore =     -5.54 Emodel =    -46.11 E =    -38.52 Eint =     0.00
  
 REPORT OF DOCKED POSES
  
 The ligand structures were written to the file
glide-dock_XP_extra-0001_raw.maegz

Exiting Glide
Date: Thursday, September 02 2021, at 08:41:04 India Standard Time
CPU time (s): 336.5 user, 4.3 system, 345.8 real
Total elapsed time = 346 seconds (5 minutes, 46 seconds)
[running at reduced cpu priority]
######## end of glide-dock_XP_extra-0001.log #########
######## begin of glide-dock_XP_extra-0002.log #########
Glide version 88139 (mmshare version 51139)
Copyright (c) Schrodinger, LLC.
All Rights Reserved.

--------------------------------------------------------------------------------
JobId          : JovelVargheseJose718-0-613040cd
Name           : glide-dock_XP_extra-0002
Program        : Glide
Host           : JovelVargheseJose718
Dir            : C:\Users\hp\AppData\Local\Schrodinger\tmp\glide-dock_XP_extra
HostEntry      : localhost
JobHost        : JovelVargheseJose718
JobDir         : C:\Users\hp\AppData\Local\Schrodinger\tmp\glide-dock_XP_extra-0002
JobSchrodinger : C:\Program Files\Schrodinger2020-3
Commandline    : C:\Program Files\Schrodinger2020-3\glide.exe -RESTART -serial glide-dock_XP_extra-0002.inp -HOST localhost
StartTime      : 2021-09-02-08:41:10
--------------------------------------------------------------------------------

[running at reduced cpu priority]
Offsetting ligand numbers by 2
 VdW radii of ligand atoms scaled by   0.800000000000000     
 Charge cutoff for polarity   0.150000000000000     
 After readscreen, (nx, ny, nz) = (          27 ,           27 ,           27 ).
  Receptor setup: (nsites, nx, ny, nz, bsize)=(         125 ,           27 , 
          27 ,           27 ,    1.00000000000000      ).
 Screening setup finished.
 DOCKMAIN: getting receptor.
  DOCKMAIN after grid: (nx, ny, nz) = (          72 ,           72 , 
          72 ).
 DOCKMAIN: Grid setup finished
Calling OPLS3e atomtyping ...
Finished parameter assignment

Reading torsion control file 'C:\Program Files\Schrodinger2020-3\glide-v8.8\bin\Windows-x64\..\..\data\torcontrol.txt':
  
  Using generalized torsion control 
  
 Number of rotatable bonds            7
 Using templates for ring conformations.
Glide Extra Precision Mode active.

GlideScore version XP5.0 will be used

  
 Buried polar penalty      0.000
 Coulomb vdW cutoff        0.000
 H bond cutoff             0.000
 Metal-ligand cutoff      10.000
Assigning GlideScore XP5.0 parameters
For Glide Extra Precision mode, will use maxref = 800
 Use grow mode-p
  
 REPORT POSE ANCH_2           1           0           5
 REPORT POSE ANCH_2           2           0           9
 REPORT POSE ANCH_2           3           0           6
 REPORT POSE ANCH_2           4           0           3
 REPORT POSE ANCH_2           5           0           7
 REPORT POSE ANCH_2           6           0          12
 REPORT POSE ANCH_2           7           0          11
 REPORT POSE ANCH_2           8           0           1
 REPORT POSE ANCH_2           9           0           4
Full force-field refinement in receptor field for up to   10 poses
    9 poses will be postminimized for this ligand
Reporting postminimized pose   8 GlideScore =     -4.555
GlideScore(   -4.55)+Epik State Penalty(    0.00) =    -4.55 kcal/mol
DOCKING RESULTS FOR LIGAND        3 (Amb33825549)
Best XP pose:     1;  GlideScore =     -4.55 Emodel =    -35.86 E =    -32.81 Eint =     4.90
Calling OPLS3e atomtyping ...
Finished parameter assignment
 Number of rotatable bonds            8
 Using templates for ring conformations.
Glide Extra Precision Mode active.
For Glide Extra Precision mode, will use maxref = 800
 Use grow mode-p
  
 REPORT POSE ANCH_2           1           0           5
 REPORT POSE ANCH_2           2           0          12
 REPORT POSE ANCH_2           3           0           7
 REPORT POSE ANCH_2           4           0          13
 REPORT POSE ANCH_2           5           0           2
 REPORT POSE ANCH_2           6           0           4
 REPORT POSE ANCH_2           7           0           3
 REPORT POSE ANCH_2           8           0           1
    8 poses will be postminimized for this ligand
Reporting postminimized pose   5 GlideScore =     -5.250
GlideScore(   -5.25)+Epik State Penalty(    0.00) =    -5.25 kcal/mol
DOCKING RESULTS FOR LIGAND        4 (Amb33825548)
Best XP pose:     2;  GlideScore =     -5.25 Emodel =    -44.83 E =    -37.31 Eint =     7.92
  
 REPORT OF DOCKED POSES
  
 The ligand structures were written to the file
glide-dock_XP_extra-0002_raw.maegz

Exiting Glide
Date: Thursday, September 02 2021, at 08:43:37 India Standard Time
CPU time (s): 141.0 user, 1.1 system, 144.1 real
Total elapsed time = 144 seconds (2 minutes, 24 seconds)
[running at reduced cpu priority]
######## end of glide-dock_XP_extra-0002.log #########
