######## begin of glide-dock_XP_8-0001.log #########
Glide version 88139 (mmshare version 51139)
Copyright (c) Schrodinger, LLC.
All Rights Reserved.

--------------------------------------------------------------------------------
JobId          : JovelVargheseJose718-0-613ac8b5
Name           : glide-dock_XP_8-0001
Program        : Glide
Host           : JovelVargheseJose718
Dir            : C:\Users\hp\AppData\Local\Schrodinger\tmp\glide-dock_XP_8
HostEntry      : localhost
JobHost        : JovelVargheseJose718
JobDir         : C:\Users\hp\AppData\Local\Schrodinger\tmp\glide-dock_XP_8-0001
JobSchrodinger : C:\Program Files\Schrodinger2020-3
Commandline    : C:\Program Files\Schrodinger2020-3\glide.exe -RESTART -serial glide-dock_XP_8-0001.inp -HOST localhost
StartTime      : 2021-09-10-08:23:42
--------------------------------------------------------------------------------

[running at reduced cpu priority]
 VdW radii of ligand atoms scaled by   0.800000000000000     
 Charge cutoff for polarity   0.150000000000000     
 After readscreen, (nx, ny, nz) = (          27 ,           27 ,           27 ).
  Receptor setup: (nsites, nx, ny, nz, bsize)=(         125 ,           27 , 
          27 ,           27 ,    1.00000000000000      ).
 Screening setup finished.
 DOCKMAIN: getting receptor.
  DOCKMAIN after grid: (nx, ny, nz) = (          72 ,           72 , 
          72 ).
 DOCKMAIN: Grid setup finished
Calling OPLS3e atomtyping ...
Finished parameter assignment

Reading torsion control file 'C:\Program Files\Schrodinger2020-3\glide-v8.8\bin\Windows-x64\..\..\data\torcontrol.txt':
  
  Using generalized torsion control 
  
 Number of rotatable bonds           14
 Using templates for ring conformations.
Glide Extra Precision Mode active.

GlideScore version XP5.0 will be used

  
 Buried polar penalty      0.000
 Coulomb vdW cutoff        0.000
 H bond cutoff             0.000
 Metal-ligand cutoff      10.000
Assigning GlideScore XP5.0 parameters
For Glide Extra Precision mode, will use maxref = 800
 Use grow mode-t
  
 REPORT POSE ANCH_2           1           0           1
Full force-field refinement in receptor field for up to   10 poses
    1 poses will be postminimized for this ligand
Reporting postminimized pose   1 GlideScore =     -2.234
GlideScore(   -2.23)+Epik State Penalty(    0.00) =    -2.23 kcal/mol
DOCKING RESULTS FOR LIGAND        1 (Amb24084695)
Best XP pose:     1;  GlideScore =     -2.23 Emodel =  10000.00 E =    -22.65 Eint =     6.35
GLIDE WARNING: The above ligand had one or more atoms outside the grid box during energy evaluation or minimization.
4 out of 17825875 energy evaluations were affected.
Calling OPLS3e atomtyping ...
Finished parameter assignment
 Number of rotatable bonds           14
 Using templates for ring conformations.
Glide Extra Precision Mode active.
For Glide Extra Precision mode, will use maxref = 800
 Use grow mode-t
  
 REPORT POSE ANCH_2           1           0           3
 REPORT POSE ANCH_2           2           0          48
 REPORT POSE ANCH_2           3           0           4
 REPORT POSE ANCH_2           4           0          54
 REPORT POSE ANCH_2           5           0          30
 REPORT POSE ANCH_2           6           0           6
 REPORT POSE ANCH_2           7           0          55
 REPORT POSE ANCH_2           8           0          16
 REPORT POSE ANCH_2           9           0          43
 REPORT POSE ANCH_2          10           0          42
   10 poses will be postminimized for this ligand
Reporting postminimized pose  10 GlideScore =     -3.002
GlideScore(   -3.00)+Epik State Penalty(    0.00) =    -3.00 kcal/mol
DOCKING RESULTS FOR LIGAND        2 (Amb22264600)
Best XP pose:    42;  GlideScore =     -3.00 Emodel =    -46.60 E =    -39.36 Eint =     6.63
Calling OPLS3e atomtyping ...
Finished parameter assignment
 Number of rotatable bonds           14
 Using templates for ring conformations.
Glide Extra Precision Mode active.
For Glide Extra Precision mode, will use maxref = 800
 Use grow mode-t
  
 REPORT POSE ANCH_2           1           0           3
 REPORT POSE ANCH_2           2           0          20
 REPORT POSE ANCH_2           3           0          43
 REPORT POSE ANCH_2           4           0          32
 REPORT POSE ANCH_2           5           0           5
 REPORT POSE ANCH_2           6           0           1
 REPORT POSE ANCH_2           7           0          46
 REPORT POSE ANCH_2           8           0          53
 REPORT POSE ANCH_2           9           0          52
    9 poses will be postminimized for this ligand
Reporting postminimized pose   6 GlideScore =     -3.770
GlideScore(   -3.77)+Epik State Penalty(    0.00) =    -3.77 kcal/mol
DOCKING RESULTS FOR LIGAND        3 (Amb22055996)
Best XP pose:     1;  GlideScore =     -3.77 Emodel =    -55.49 E =    -40.58 Eint =    11.19
  
 REPORT OF DOCKED POSES
  
 The ligand structures were written to the file
glide-dock_XP_8-0001_raw.maegz

Exiting Glide
Date: Friday, September 10 2021, at 08:54:45 India Standard Time
CPU time (s): 773.8 user, 10.5 system, 1860.5 real
Total elapsed time = 1860 seconds (31 minutes, 0 seconds)
[running at reduced cpu priority]
######## end of glide-dock_XP_8-0001.log #########
######## begin of glide-dock_XP_8-0002.log #########
Glide version 88139 (mmshare version 51139)
Copyright (c) Schrodinger, LLC.
All Rights Reserved.

--------------------------------------------------------------------------------
JobId          : JovelVargheseJose718-0-613ad002
Name           : glide-dock_XP_8-0002
Program        : Glide
Host           : JovelVargheseJose718
Dir            : C:\Users\hp\AppData\Local\Schrodinger\tmp\glide-dock_XP_8
HostEntry      : localhost
JobHost        : JovelVargheseJose718
JobDir         : C:\Users\hp\AppData\Local\Schrodinger\tmp\glide-dock_XP_8-0002
JobSchrodinger : C:\Program Files\Schrodinger2020-3
Commandline    : C:\Program Files\Schrodinger2020-3\glide.exe -RESTART -serial glide-dock_XP_8-0002.inp -HOST localhost
StartTime      : 2021-09-10-08:54:51
--------------------------------------------------------------------------------

[running at reduced cpu priority]
Offsetting ligand numbers by 3
 VdW radii of ligand atoms scaled by   0.800000000000000     
 Charge cutoff for polarity   0.150000000000000     
 After readscreen, (nx, ny, nz) = (          27 ,           27 ,           27 ).
  Receptor setup: (nsites, nx, ny, nz, bsize)=(         125 ,           27 , 
          27 ,           27 ,    1.00000000000000      ).
 Screening setup finished.
 DOCKMAIN: getting receptor.
  DOCKMAIN after grid: (nx, ny, nz) = (          72 ,           72 , 
          72 ).
 DOCKMAIN: Grid setup finished
Calling OPLS3e atomtyping ...
Finished parameter assignment

Reading torsion control file 'C:\Program Files\Schrodinger2020-3\glide-v8.8\bin\Windows-x64\..\..\data\torcontrol.txt':
  
  Using generalized torsion control 
  
 Number of rotatable bonds           15
 Using templates for ring conformations.
Glide Extra Precision Mode active.

GlideScore version XP5.0 will be used

  
 Buried polar penalty      0.000
 Coulomb vdW cutoff        0.000
 H bond cutoff             0.000
 Metal-ligand cutoff      10.000
Assigning GlideScore XP5.0 parameters
For Glide Extra Precision mode, will use maxref = 800
 Use grow mode-t
  
 REPORT POSE ANCH_2           1           0           5
 REPORT POSE ANCH_2           2           0          17
 REPORT POSE ANCH_2           3           0          27
 REPORT POSE ANCH_2           4           0          39
 REPORT POSE ANCH_2           5           0          18
 REPORT POSE ANCH_2           6           0           1
 REPORT POSE ANCH_2           7           0          19
 REPORT POSE ANCH_2           8           0          15
 REPORT POSE ANCH_2           9           0           7
Full force-field refinement in receptor field for up to   10 poses
    9 poses will be postminimized for this ligand
Reporting postminimized pose   2 GlideScore =     -4.318
GlideScore(   -4.32)+Epik State Penalty(    0.00) =    -4.32 kcal/mol
DOCKING RESULTS FOR LIGAND        4 (Amb19848993)
Best XP pose:    17;  GlideScore =     -4.32 Emodel =    -51.25 E =    -39.03 Eint =     6.46
Calling OPLS3e atomtyping ...
Finished parameter assignment
 Number of rotatable bonds           14
 Using templates for ring conformations.
Glide Extra Precision Mode active.
For Glide Extra Precision mode, will use maxref = 800
 Use grow mode-t
  
 REPORT POSE ANCH_2           1           0          18
 REPORT POSE ANCH_2           2           0          11
 REPORT POSE ANCH_2           3           0           8
 REPORT POSE ANCH_2           4           0          28
 REPORT POSE ANCH_2           5           0          37
 REPORT POSE ANCH_2           6           0          43
 REPORT POSE ANCH_2           7           0          45
 REPORT POSE ANCH_2           8           0           3
 REPORT POSE ANCH_2           9           0          30
 REPORT POSE ANCH_2          10           0           1
   10 poses will be postminimized for this ligand
Reporting postminimized pose  10 GlideScore =     -4.242
GlideScore(   -4.24)+Epik State Penalty(    0.00) =    -4.24 kcal/mol
DOCKING RESULTS FOR LIGAND        5 (Amb19132359)
Best XP pose:     1;  GlideScore =     -4.24 Emodel =    -62.56 E =    -43.26 Eint =     9.88
GLIDE WARNING: The above ligand had one or more atoms outside the grid box during energy evaluation or minimization.
17 out of 40714151 energy evaluations were affected.
  
 REPORT OF DOCKED POSES
  
 The ligand structures were written to the file
glide-dock_XP_8-0002_raw.maegz

Exiting Glide
Date: Friday, September 10 2021, at 09:05:46 India Standard Time
CPU time (s): 627.2 user, 7.0 system, 651.6 real
Total elapsed time = 652 seconds (10 minutes, 52 seconds)
[running at reduced cpu priority]
######## end of glide-dock_XP_8-0002.log #########
