######## begin of glide-dock_XP_4-0001.log #########
Glide version 88139 (mmshare version 51139)
Copyright (c) Schrodinger, LLC.
All Rights Reserved.

--------------------------------------------------------------------------------
JobId          : JovelVargheseJose718-0-6139976e
Name           : glide-dock_XP_4-0001
Program        : Glide
Host           : JovelVargheseJose718
Dir            : C:\Users\hp\AppData\Local\Schrodinger\tmp\glide-dock_XP_4
HostEntry      : localhost
JobHost        : JovelVargheseJose718
JobDir         : C:\Users\hp\AppData\Local\Schrodinger\tmp\glide-dock_XP_4-0001
JobSchrodinger : C:\Program Files\Schrodinger2020-3
Commandline    : C:\Program Files\Schrodinger2020-3\glide.exe -RESTART -serial glide-dock_XP_4-0001.inp -HOST localhost
StartTime      : 2021-09-09-10:41:11
--------------------------------------------------------------------------------

[running at reduced cpu priority]
 VdW radii of ligand atoms scaled by   0.800000000000000     
 Charge cutoff for polarity   0.150000000000000     
 After readscreen, (nx, ny, nz) = (          27 ,           27 ,           27 ).
  Receptor setup: (nsites, nx, ny, nz, bsize)=(         125 ,           27 , 
          27 ,           27 ,    1.00000000000000      ).
 Screening setup finished.
 DOCKMAIN: getting receptor.
  DOCKMAIN after grid: (nx, ny, nz) = (          72 ,           72 , 
          72 ).
 DOCKMAIN: Grid setup finished
Calling OPLS3e atomtyping ...
Finished parameter assignment

Reading torsion control file 'C:\Program Files\Schrodinger2020-3\glide-v8.8\bin\Windows-x64\..\..\data\torcontrol.txt':
  
  Using generalized torsion control 
  
 Number of rotatable bonds           14
 Using templates for ring conformations.
Glide Extra Precision Mode active.

GlideScore version XP5.0 will be used

  
 Buried polar penalty      0.000
 Coulomb vdW cutoff        0.000
 H bond cutoff             0.000
 Metal-ligand cutoff      10.000
Assigning GlideScore XP5.0 parameters
For Glide Extra Precision mode, will use maxref = 800
 Use grow mode-t
  
 REPORT POSE ANCH_2           1           0          13
 REPORT POSE ANCH_2           2           0          37
 REPORT POSE ANCH_2           3           0          46
 REPORT POSE ANCH_2           4           0          26
 REPORT POSE ANCH_2           5           0           9
 REPORT POSE ANCH_2           6           0          19
 REPORT POSE ANCH_2           7           0          29
 REPORT POSE ANCH_2           8           0           4
 REPORT POSE ANCH_2           9           0           5
 REPORT POSE ANCH_2          10           0          31
Full force-field refinement in receptor field for up to   10 poses
   10 poses will be postminimized for this ligand
Reporting postminimized pose   1 GlideScore =     -4.574
GlideScore(   -4.57)+Epik State Penalty(    0.00) =    -4.57 kcal/mol
DOCKING RESULTS FOR LIGAND        1 (Amb17614451)
Best XP pose:    13;  GlideScore =     -4.57 Emodel =    -53.62 E =    -43.23 Eint =     5.80
GLIDE WARNING: The above ligand had one or more atoms outside the grid box during energy evaluation or minimization.
1 out of 35845607 energy evaluations were affected.
Calling OPLS3e atomtyping ...
Finished parameter assignment
 Number of rotatable bonds           15
 Using templates for ring conformations.
Glide Extra Precision Mode active.
For Glide Extra Precision mode, will use maxref = 800
 Use grow mode-t
  
 REPORT POSE ANCH_2           1           0           6
 REPORT POSE ANCH_2           2           0           4
 REPORT POSE ANCH_2           3           0          21
 REPORT POSE ANCH_2           4           0          40
 REPORT POSE ANCH_2           5           0           1
 REPORT POSE ANCH_2           6           0           5
 REPORT POSE ANCH_2           7           0           8
 REPORT POSE ANCH_2           8           0           2
 REPORT POSE ANCH_2           9           0           3
    9 poses will be postminimized for this ligand
Reporting postminimized pose   9 GlideScore =     -4.181
GlideScore(   -4.18)+Epik State Penalty(    0.00) =    -4.18 kcal/mol
DOCKING RESULTS FOR LIGAND        2 (Amb17611651)
Best XP pose:     3;  GlideScore =     -4.18 Emodel =    -49.21 E =    -38.40 Eint =     7.11
Calling OPLS3e atomtyping ...
Finished parameter assignment
 Number of rotatable bonds           13
 Using templates for ring conformations.
Glide Extra Precision Mode active.
For Glide Extra Precision mode, will use maxref = 800
 Use grow mode-t
  
 REPORT POSE ANCH_2           1           0          37
 REPORT POSE ANCH_2           2           0          43
 REPORT POSE ANCH_2           3           0          33
 REPORT POSE ANCH_2           4           0          47
 REPORT POSE ANCH_2           5           0          12
    5 poses will be postminimized for this ligand
Reporting postminimized pose   1 GlideScore =     -2.685
GlideScore(   -2.69)+Epik State Penalty(    0.00) =    -2.69 kcal/mol
DOCKING RESULTS FOR LIGAND        3 (Amb17611650)
Best XP pose:    37;  GlideScore =     -2.69 Emodel =    -45.57 E =    -32.95 Eint =     8.40
  
 REPORT OF DOCKED POSES
  
 The ligand structures were written to the file
glide-dock_XP_4-0001_raw.maegz

Exiting Glide
Date: Thursday, September 09 2021, at 11:03:26 India Standard Time
CPU time (s): 1221.7 user, 79.7 system, 1331.3 real
Total elapsed time = 1331 seconds (22 minutes, 11 seconds)
[running at reduced cpu priority]
######## end of glide-dock_XP_4-0001.log #########
######## begin of glide-dock_XP_4-0002.log #########
Glide version 88139 (mmshare version 51139)
Copyright (c) Schrodinger, LLC.
All Rights Reserved.

--------------------------------------------------------------------------------
JobId          : JovelVargheseJose718-0-61399cb4
Name           : glide-dock_XP_4-0002
Program        : Glide
Host           : JovelVargheseJose718
Dir            : C:\Users\hp\AppData\Local\Schrodinger\tmp\glide-dock_XP_4
HostEntry      : localhost
JobHost        : JovelVargheseJose718
JobDir         : C:\Users\hp\AppData\Local\Schrodinger\tmp\glide-dock_XP_4-0002
JobSchrodinger : C:\Program Files\Schrodinger2020-3
Commandline    : C:\Program Files\Schrodinger2020-3\glide.exe -RESTART -serial glide-dock_XP_4-0002.inp -HOST localhost
StartTime      : 2021-09-09-11:03:49
--------------------------------------------------------------------------------

[running at reduced cpu priority]
Offsetting ligand numbers by 3
 VdW radii of ligand atoms scaled by   0.800000000000000     
 Charge cutoff for polarity   0.150000000000000     
 After readscreen, (nx, ny, nz) = (          27 ,           27 ,           27 ).
  Receptor setup: (nsites, nx, ny, nz, bsize)=(         125 ,           27 , 
          27 ,           27 ,    1.00000000000000      ).
 Screening setup finished.
 DOCKMAIN: getting receptor.
  DOCKMAIN after grid: (nx, ny, nz) = (          72 ,           72 , 
          72 ).
 DOCKMAIN: Grid setup finished
Calling OPLS3e atomtyping ...
Finished parameter assignment

Reading torsion control file 'C:\Program Files\Schrodinger2020-3\glide-v8.8\bin\Windows-x64\..\..\data\torcontrol.txt':
  
  Using generalized torsion control 
  
 Number of rotatable bonds           16
 Using templates for ring conformations.
Glide Extra Precision Mode active.

GlideScore version XP5.0 will be used

  
 Buried polar penalty      0.000
 Coulomb vdW cutoff        0.000
 H bond cutoff             0.000
 Metal-ligand cutoff      10.000
Assigning GlideScore XP5.0 parameters
For Glide Extra Precision mode, will use maxref = 800
 Use grow mode-t
  
 REPORT POSE ANCH_2           1           0           5
 REPORT POSE ANCH_2           2           0           9
 REPORT POSE ANCH_2           3           0          11
 REPORT POSE ANCH_2           4           0           7
 REPORT POSE ANCH_2           5           0          28
 REPORT POSE ANCH_2           6           0           4
 REPORT POSE ANCH_2           7           0          14
 REPORT POSE ANCH_2           8           0          18
 REPORT POSE ANCH_2           9           0          19
 REPORT POSE ANCH_2          10           0           2
Full force-field refinement in receptor field for up to   10 poses
   10 poses will be postminimized for this ligand
Reporting postminimized pose   4 GlideScore =     -1.654
GlideScore(   -1.65)+Epik State Penalty(    0.00) =    -1.65 kcal/mol
DOCKING RESULTS FOR LIGAND        4 (Amb17609271)
Best XP pose:     7;  GlideScore =     -1.65 Emodel =    -65.25 E =    -47.36 Eint =     5.59
GLIDE WARNING: The above ligand had one or more atoms outside the grid box during energy evaluation or minimization.
3357 out of 19899139 energy evaluations were affected.
Calling OPLS3e atomtyping ...
Finished parameter assignment
 Number of rotatable bonds           16
 Using templates for ring conformations.
Glide Extra Precision Mode active.
For Glide Extra Precision mode, will use maxref = 800
 Use grow mode-t
  
 REPORT POSE ANCH_2           1           0           4
 REPORT POSE ANCH_2           2           0          38
 REPORT POSE ANCH_2           3           0          39
 REPORT POSE ANCH_2           4           0          29
 REPORT POSE ANCH_2           5           0          19
 REPORT POSE ANCH_2           6           0          40
 REPORT POSE ANCH_2           7           0          41
 REPORT POSE ANCH_2           8           0          47
 REPORT POSE ANCH_2           9           0          18
 REPORT POSE ANCH_2          10           0          22
   10 poses will be postminimized for this ligand
Reporting original pose   4 GlideScore =     -4.014
GlideScore(   -4.01)+Epik State Penalty(    0.00) =    -4.01 kcal/mol
DOCKING RESULTS FOR LIGAND        5 (Amb17609270)
Best XP pose:    29;  GlideScore =     -4.01 Emodel =    -57.96 E =    -40.55 Eint =    10.98
GLIDE WARNING: The above ligand had one or more atoms outside the grid box during energy evaluation or minimization.
326 out of 43066276 energy evaluations were affected.
  
 REPORT OF DOCKED POSES
  
 The ligand structures were written to the file
glide-dock_XP_4-0002_raw.maegz

Exiting Glide
Date: Thursday, September 09 2021, at 11:18:02 India Standard Time
CPU time (s): 789.0 user, 38.1 system, 849.5 real
Total elapsed time = 849 seconds (14 minutes, 9 seconds)
[running at reduced cpu priority]
######## end of glide-dock_XP_4-0002.log #########
