######## begin of glide-dock_XP_3-0001.log #########
Glide version 88139 (mmshare version 51139)
Copyright (c) Schrodinger, LLC.
All Rights Reserved.

--------------------------------------------------------------------------------
JobId          : JovelVargheseJose718-0-6139597c
Name           : glide-dock_XP_3-0001
Program        : Glide
Host           : JovelVargheseJose718
Dir            : C:\Users\hp\AppData\Local\Schrodinger\tmp\glide-dock_XP_3
HostEntry      : localhost
JobHost        : JovelVargheseJose718
JobDir         : C:\Users\hp\AppData\Local\Schrodinger\tmp\glide-dock_XP_3-0001
JobSchrodinger : C:\Program Files\Schrodinger2020-3
Commandline    : C:\Program Files\Schrodinger2020-3\glide.exe -RESTART -serial glide-dock_XP_3-0001.inp -HOST localhost
StartTime      : 2021-09-09-06:16:53
--------------------------------------------------------------------------------

[running at reduced cpu priority]
 VdW radii of ligand atoms scaled by   0.800000000000000     
 Charge cutoff for polarity   0.150000000000000     
 After readscreen, (nx, ny, nz) = (          27 ,           27 ,           27 ).
  Receptor setup: (nsites, nx, ny, nz, bsize)=(         125 ,           27 , 
          27 ,           27 ,    1.00000000000000      ).
 Screening setup finished.
 DOCKMAIN: getting receptor.
  DOCKMAIN after grid: (nx, ny, nz) = (          72 ,           72 , 
          72 ).
 DOCKMAIN: Grid setup finished
Calling OPLS3e atomtyping ...
Finished parameter assignment

Reading torsion control file 'C:\Program Files\Schrodinger2020-3\glide-v8.8\bin\Windows-x64\..\..\data\torcontrol.txt':
  
  Using generalized torsion control 
  
 Number of rotatable bonds           15
 Using templates for ring conformations.
Glide Extra Precision Mode active.

GlideScore version XP5.0 will be used

  
 Buried polar penalty      0.000
 Coulomb vdW cutoff        0.000
 H bond cutoff             0.000
 Metal-ligand cutoff      10.000
Assigning GlideScore XP5.0 parameters
For Glide Extra Precision mode, will use maxref = 800
 Use grow mode-t
  
 REPORT POSE ANCH_2           1           0          35
 REPORT POSE ANCH_2           2           0          36
 REPORT POSE ANCH_2           3           0           1
 REPORT POSE ANCH_2           4           0           2
 REPORT POSE ANCH_2           5           0          39
 REPORT POSE ANCH_2           6           0          34
 REPORT POSE ANCH_2           7           0          21
 REPORT POSE ANCH_2           8           0          14
 REPORT POSE ANCH_2           9           0          33
 REPORT POSE ANCH_2          10           0          40
Full force-field refinement in receptor field for up to   10 poses
   10 poses will be postminimized for this ligand
Reporting postminimized pose   2 GlideScore =     -4.573
GlideScore(   -4.57)+Epik State Penalty(    0.00) =    -4.57 kcal/mol
DOCKING RESULTS FOR LIGAND        1 (Amb17608561)
Best XP pose:    36;  GlideScore =     -4.57 Emodel =    -48.77 E =    -35.48 Eint =     5.71
Calling OPLS3e atomtyping ...
Finished parameter assignment
 Number of rotatable bonds           15
 Using templates for ring conformations.
Glide Extra Precision Mode active.
For Glide Extra Precision mode, will use maxref = 800
 Use grow mode-t
  
 REPORT POSE ANCH_2           1           0           1
 REPORT POSE ANCH_2           2           0           6
 REPORT POSE ANCH_2           3           0          32
    3 poses will be postminimized for this ligand
Reporting postminimized pose   1 GlideScore =     -5.762
GlideScore(   -5.76)+Epik State Penalty(    0.00) =    -5.76 kcal/mol
DOCKING RESULTS FOR LIGAND        2 (Amb17608560)
Best XP pose:     1;  GlideScore =     -5.76 Emodel =    -63.69 E =    -48.46 Eint =    13.84
GLIDE WARNING: The above ligand had one or more atoms outside the grid box during energy evaluation or minimization.
27 out of 25129371 energy evaluations were affected.
Calling OPLS3e atomtyping ...
Finished parameter assignment
 Number of rotatable bonds           10
 Using templates for ring conformations.
Glide Extra Precision Mode active.
For Glide Extra Precision mode, will use maxref = 800
 Use grow mode-t
  
 REPORT POSE ANCH_2           1           0          28
 REPORT POSE ANCH_2           2           0          33
 REPORT POSE ANCH_2           3           0          45
 REPORT POSE ANCH_2           4           0           9
 REPORT POSE ANCH_2           5           0          40
 REPORT POSE ANCH_2           6           0           1
 REPORT POSE ANCH_2           7           0          27
    7 poses will be postminimized for this ligand
Reporting postminimized pose   7 GlideScore =     -3.038
GlideScore(   -3.04)+Epik State Penalty(    0.00) =    -3.04 kcal/mol
DOCKING RESULTS FOR LIGAND        3 (Amb17608558)
Best XP pose:    27;  GlideScore =     -3.04 Emodel =    -47.00 E =    -35.85 Eint =     6.28
Calling OPLS3e atomtyping ...
Finished parameter assignment
 Number of rotatable bonds           21
 Using templates for ring conformations.
Glide Extra Precision Mode active.
For Glide Extra Precision mode, will use maxref = 800
 Use grow mode-t
  
 REPORT POSE ANCH_2           1           0          30
 REPORT POSE ANCH_2           2           0          26
 REPORT POSE ANCH_2           3           0          22
 REPORT POSE ANCH_2           4           0          28
 REPORT POSE ANCH_2           5           0          12
 REPORT POSE ANCH_2           6           0          21
 REPORT POSE ANCH_2           7           0          55
 REPORT POSE ANCH_2           8           0           1
 REPORT POSE ANCH_2           9           0          43
 REPORT POSE ANCH_2          10           0           3
   10 poses will be postminimized for this ligand
Reporting postminimized pose   7 GlideScore =     -3.449
GlideScore(   -3.45)+Epik State Penalty(    0.00) =    -3.45 kcal/mol
DOCKING RESULTS FOR LIGAND        4 (Amb17608554)
Best XP pose:    55;  GlideScore =     -3.45 Emodel =    -52.12 E =    -43.57 Eint =     9.48
GLIDE WARNING: The above ligand had one or more atoms outside the grid box during energy evaluation or minimization.
50 out of 49446086 energy evaluations were affected.
Calling OPLS3e atomtyping ...
Finished parameter assignment
 Number of rotatable bonds           15
 Using templates for ring conformations.
Glide Extra Precision Mode active.
For Glide Extra Precision mode, will use maxref = 800
 Use grow mode-t
  
 REPORT POSE ANCH_2           1           0          15
 REPORT POSE ANCH_2           2           0          31
 REPORT POSE ANCH_2           3           0          30
 REPORT POSE ANCH_2           4           0          33
 REPORT POSE ANCH_2           5           0          37
 REPORT POSE ANCH_2           6           0          38
    6 poses will be postminimized for this ligand
Reporting postminimized pose   5 GlideScore =     -4.812
GlideScore(   -4.81)+Epik State Penalty(    0.00) =    -4.81 kcal/mol
DOCKING RESULTS FOR LIGAND        5 (Amb17608553)
Best XP pose:    37;  GlideScore =     -4.81 Emodel =    -48.74 E =    -39.63 Eint =     7.73
Calling OPLS3e atomtyping ...
Finished parameter assignment
 Number of rotatable bonds           15
 Using templates for ring conformations.
Glide Extra Precision Mode active.
For Glide Extra Precision mode, will use maxref = 800
 Use grow mode-t
  
 REPORT POSE ANCH_2           1           0           2
    1 poses will be postminimized for this ligand
Reporting postminimized pose   1 GlideScore =     -3.982
GlideScore(   -3.98)+Epik State Penalty(    0.00) =    -3.98 kcal/mol
DOCKING RESULTS FOR LIGAND        6 (Amb17608552)
Best XP pose:     2;  GlideScore =     -3.98 Emodel =    -52.64 E =    -38.39 Eint =    10.56
  
 REPORT OF DOCKED POSES
  
 The ligand structures were written to the file
glide-dock_XP_3-0001_raw.maegz

Exiting Glide
Date: Thursday, September 09 2021, at 07:05:51 India Standard Time
CPU time (s): 2866.3 user, 40.7 system, 2933.4 real
Total elapsed time = 2933 seconds (48 minutes, 53 seconds)
[running at reduced cpu priority]
######## end of glide-dock_XP_3-0001.log #########
######## begin of glide-dock_XP_3-0002.log #########
Glide version 88139 (mmshare version 51139)
Copyright (c) Schrodinger, LLC.
All Rights Reserved.

--------------------------------------------------------------------------------
JobId          : JovelVargheseJose718-0-613964ff
Name           : glide-dock_XP_3-0002
Program        : Glide
Host           : JovelVargheseJose718
Dir            : C:\Users\hp\AppData\Local\Schrodinger\tmp\glide-dock_XP_3
HostEntry      : localhost
JobHost        : JovelVargheseJose718
JobDir         : C:\Users\hp\AppData\Local\Schrodinger\tmp\glide-dock_XP_3-0002
JobSchrodinger : C:\Program Files\Schrodinger2020-3
Commandline    : C:\Program Files\Schrodinger2020-3\glide.exe -RESTART -serial glide-dock_XP_3-0002.inp -HOST localhost
StartTime      : 2021-09-09-07:06:01
--------------------------------------------------------------------------------

[running at reduced cpu priority]
Offsetting ligand numbers by 6
 VdW radii of ligand atoms scaled by   0.800000000000000     
 Charge cutoff for polarity   0.150000000000000     
 After readscreen, (nx, ny, nz) = (          27 ,           27 ,           27 ).
  Receptor setup: (nsites, nx, ny, nz, bsize)=(         125 ,           27 , 
          27 ,           27 ,    1.00000000000000      ).
 Screening setup finished.
 DOCKMAIN: getting receptor.
  DOCKMAIN after grid: (nx, ny, nz) = (          72 ,           72 , 
          72 ).
 DOCKMAIN: Grid setup finished
Calling OPLS3e atomtyping ...
Finished parameter assignment

Reading torsion control file 'C:\Program Files\Schrodinger2020-3\glide-v8.8\bin\Windows-x64\..\..\data\torcontrol.txt':
  
  Using generalized torsion control 
  
 Number of rotatable bonds           15
 Using templates for ring conformations.
Glide Extra Precision Mode active.

GlideScore version XP5.0 will be used

  
 Buried polar penalty      0.000
 Coulomb vdW cutoff        0.000
 H bond cutoff             0.000
 Metal-ligand cutoff      10.000
Assigning GlideScore XP5.0 parameters
For Glide Extra Precision mode, will use maxref = 800
 Use grow mode-t
  
 REPORT POSE ANCH_2           1           0          24
 REPORT POSE ANCH_2           2           0          28
 REPORT POSE ANCH_2           3           0          11
 REPORT POSE ANCH_2           4           0          38
 REPORT POSE ANCH_2           5           0          47
 REPORT POSE ANCH_2           6           0           1
 REPORT POSE ANCH_2           7           0          48
 REPORT POSE ANCH_2           8           0          10
Full force-field refinement in receptor field for up to   10 poses
    8 poses will be postminimized for this ligand
Reporting postminimized pose   6 GlideScore =     -4.006
GlideScore(   -4.01)+Epik State Penalty(    0.00) =    -4.00 kcal/mol
DOCKING RESULTS FOR LIGAND        7 (Amb17608549)
Best XP pose:     1;  GlideScore =     -4.01 Emodel =    -51.11 E =    -40.28 Eint =     7.59
Calling OPLS3e atomtyping ...
Finished parameter assignment
 Number of rotatable bonds           25
 Using templates for ring conformations.
Glide Extra Precision Mode active.
For Glide Extra Precision mode, will use maxref = 800
 Use grow mode-t
  
 REPORT POSE ANCH_2           1           0           1
 REPORT POSE ANCH_2           2           0          31
 REPORT POSE ANCH_2           3           0          41
 REPORT POSE ANCH_2           4           0          14
 REPORT POSE ANCH_2           5           0          38
 REPORT POSE ANCH_2           6           0          47
 REPORT POSE ANCH_2           7           0           2
 REPORT POSE ANCH_2           8           0          51
 REPORT POSE ANCH_2           9           0          27
 REPORT POSE ANCH_2          10           0          24
   10 poses will be postminimized for this ligand
Reporting postminimized pose   1 GlideScore =     -6.098
GlideScore(   -6.10)+Epik State Penalty(    0.00) =    -6.10 kcal/mol
DOCKING RESULTS FOR LIGAND        8 (Amb17608547)
Best XP pose:     1;  GlideScore =     -6.10 Emodel =    -56.97 E =    -43.99 Eint =    14.39
GLIDE WARNING: The above ligand had one or more atoms outside the grid box during energy evaluation or minimization.
90 out of 61968389 energy evaluations were affected.
Calling OPLS3e atomtyping ...
Finished parameter assignment
 Number of rotatable bonds           17
 Using templates for ring conformations.
Glide Extra Precision Mode active.
For Glide Extra Precision mode, will use maxref = 800
 Use grow mode-t
  
 REPORT POSE ANCH_2           1           0          27
 REPORT POSE ANCH_2           2           0          30
 REPORT POSE ANCH_2           3           0          13
 REPORT POSE ANCH_2           4           0          11
 REPORT POSE ANCH_2           5           0          12
 REPORT POSE ANCH_2           6           0          17
 REPORT POSE ANCH_2           7           0          24
 REPORT POSE ANCH_2           8           0           2
 REPORT POSE ANCH_2           9           0           9
 REPORT POSE ANCH_2          10           0          31
   10 poses will be postminimized for this ligand
Reporting postminimized pose   5 GlideScore =     -4.587
GlideScore(   -4.59)+Epik State Penalty(    0.00) =    -4.59 kcal/mol
DOCKING RESULTS FOR LIGAND        9 (Amb17608546)
Best XP pose:    12;  GlideScore =     -4.59 Emodel =    -52.30 E =    -42.14 Eint =     0.00
GLIDE WARNING: The above ligand had one or more atoms outside the grid box during energy evaluation or minimization.
142 out of 31182796 energy evaluations were affected.
Calling OPLS3e atomtyping ...
Finished parameter assignment
 Number of rotatable bonds           11
 Using templates for ring conformations.
Glide Extra Precision Mode active.
For Glide Extra Precision mode, will use maxref = 800
 Use grow mode-t
  
 REPORT POSE ANCH_2           1           0          23
 REPORT POSE ANCH_2           2           0           5
 REPORT POSE ANCH_2           3           0          15
 REPORT POSE ANCH_2           4           0          25
 REPORT POSE ANCH_2           5           0          40
 REPORT POSE ANCH_2           6           0          16
 REPORT POSE ANCH_2           7           0          14
    7 poses will be postminimized for this ligand
Reporting postminimized pose   5 GlideScore =     -3.819
GlideScore(   -3.82)+Epik State Penalty(    0.00) =    -3.82 kcal/mol
DOCKING RESULTS FOR LIGAND       10 (Amb17608545)
Best XP pose:    40;  GlideScore =     -3.82 Emodel =    -51.59 E =    -39.71 Eint =     7.59
GLIDE WARNING: The above ligand had one or more atoms outside the grid box during energy evaluation or minimization.
9 out of 26591486 energy evaluations were affected.
Calling OPLS3e atomtyping ...
Finished parameter assignment
 Number of rotatable bonds            9
 Using templates for ring conformations.
Glide Extra Precision Mode active.
For Glide Extra Precision mode, will use maxref = 800
 Use grow mode-t
  
 REPORT POSE ANCH_2           1           0          18
 REPORT POSE ANCH_2           2           0          30
 REPORT POSE ANCH_2           3           0          38
 REPORT POSE ANCH_2           4           0          16
 REPORT POSE ANCH_2           5           0          47
 REPORT POSE ANCH_2           6           0           7
 REPORT POSE ANCH_2           7           0          14
 REPORT POSE ANCH_2           8           0          28
    8 poses will be postminimized for this ligand
Reporting postminimized pose   2 GlideScore =     -3.259
GlideScore(   -3.26)+Epik State Penalty(    0.00) =    -3.26 kcal/mol
DOCKING RESULTS FOR LIGAND       11 (Amb16207450)
Best XP pose:    30;  GlideScore =     -3.26 Emodel =    -44.16 E =    -34.41 Eint =     7.81
  
 REPORT OF DOCKED POSES
  
 The ligand structures were written to the file
glide-dock_XP_3-0002_raw.maegz

Exiting Glide
Date: Thursday, September 09 2021, at 08:00:37 India Standard Time
CPU time (s): 2950.3 user, 36.6 system, 3273.5 real
Total elapsed time = 3273 seconds (54 minutes, 33 seconds)
[running at reduced cpu priority]
######## end of glide-dock_XP_3-0002.log #########
