
** maxlevel set to 4
  **
  ** Beginning refinement level 0
  **

[JovelVargheseJose718]
%IMPACT-I (openwt): Request to open FORMATTED file prepwizard-impref_1_ref0.out on unit   2
 Entering IMPACT execution environment 
 Date: Wednesday, September 08 2021, at 10:33:23 India Standard Time
 Impact version 88139
 mmshare version        51139
 Copyright (c) Schrodinger, LLC.
 All Rights Reserved.

 Windows Host: JovelVargheseJose718
 Job Name: prepwizard-impref_1_ref0
 SCHRODINGER  directory: C:\Program Files\Schrodinger2020-3
 IMPACT_EXEC  directory: C:\Program Files\Schrodinger2020-3\impact-v8.8\bin\Windows-x64
 MMSHARE_EXEC directory: C:\Program Files\Schrodinger2020-3\mmshare-v5.1\bin\Windows-x64

 Clock-based global random seed:     1631077403
%IMPACT-I(foldmain): calling OPLS3e atomtyping ...
%IMPACT-I(foldmain): finished parameter assignment
 PARM read from file "paramstd.dat"
 Parameter obtained from atomtyping
      Current coord. are written to file: "prepwizard-impref_1.init_coord.rst"
      Box dimensions not written


 Total number of atoms  =  7372
 
 Neighbor List Cutoff Settings
 ==================================
 Cutoff radius:   10.0000000000000     
 Update frequency: every           10  steps
 Species   1 : Neighbors are calculated on a per residue basis
 Species   1 : Cutoff by inter-atomic distances
 
 Step number:          0         Non-bonded count:  2048620
 E-pot        RMS grad     Max grad    
  1.41314E+03  1.45618E+01  4.88953E+02
 Step number:         10         Non-bonded count:  2048620
 -1.32776E+03  2.54511E+00  8.96598E+01
 Step number:         20         Non-bonded count:  2052446
 -1.64989E+03  1.40328E+00  5.00719E+01
 Step number:         30         Non-bonded count:  2054419
 -1.78455E+03  1.00615E+00  4.44015E+01
 Step number:         40         Non-bonded count:  2053666
 -1.86003E+03  7.33687E-01  2.34240E+01
 Step number:         50         Non-bonded count:  2055210
 -1.90046E+03  5.72006E-01  1.27522E+01
 Step number:         60         Non-bonded count:  2054827
 -1.92512E+03  4.44831E-01  1.91997E+01
 Step number:         70         Non-bonded count:  2055755
 -1.94122E+03  3.91631E-01  1.77187E+01
 Step number:         80         Non-bonded count:  2056600
 -1.95394E+03  3.39706E-01  1.05852E+01
 Step number:         90         Non-bonded count:  2056632
 -1.96395E+03  2.95226E-01  7.96886E+00
 Step number:        100         Non-bonded count:  2054549
 -1.97257E+03  2.57944E-01  9.15295E+00
 Step number:        100         Non-bonded count:  2054831
 -1.97216E+03  2.57934E-01  9.15295E+00
      Current coord. are written to file: "prepwizard-impref_1.min0_coord.rst"
      Box dimensions not written
      Current coordinates are read from file: "prepwizard-impref_1.init_coord.rst"
      Box dimensions not read
          read from "prepwizard-impref_1.init_coord.rst"
  
 Energy and Force Generation Info: 
 --------------------------------- 
 Number of E&F called:     295
 PARM read from file "paramstd.dat"
 Parameter obtained from atomtyping
      Current coordinates are read from file: "prepwizard-impref_1.min0_coord.rst"
      Box dimensions not read
          read from "prepwizard-impref_1.min0_coord.rst"


 Total number of atoms  =  7372
 
 Neighbor List Cutoff Settings
 ==================================
 Cutoff radius:   10.0000000000000     
 Update frequency: every           10  steps
 Species   1 : Neighbors are calculated on a per residue basis
 Species   1 : Cutoff by inter-atomic distances
 
 Step number:          0         Non-bonded count:  2054831
 E-pot        RMS grad     Max grad    
  1.59743E+03  6.18779E+00  5.15544E+01
 Step number:         10         Non-bonded count:  2054831
 -1.64916E+02  2.63948E+00  9.57689E+01
 Step number:         20         Non-bonded count:  2052733
 -5.33820E+02  1.61562E+00  9.86117E+01
 Step number:         30         Non-bonded count:  2052179
 -6.51289E+02  8.24717E-01  3.64676E+01
 Step number:         40         Non-bonded count:  2052969
 -7.05320E+02  6.55877E-01  1.12801E+01
 Step number:         50         Non-bonded count:  2052615
 -7.33743E+02  3.95314E-01  8.86977E+00
 Step number:         60         Non-bonded count:  2053897
 -7.47094E+02  3.53792E-01  2.03564E+01
 Step number:         70         Non-bonded count:  2054126
 -7.56508E+02  2.84442E-01  1.56734E+01
 Step number:         80         Non-bonded count:  2054472
 -7.62670E+02  2.12482E-01  1.18162E+01
 Step number:         90         Non-bonded count:  2055272
 -7.66827E+02  1.82562E-01  9.98997E+00
 Step number:        100         Non-bonded count:  2054622
 -7.69237E+02  1.41723E-01  2.79523E+00
 Step number:        100         Non-bonded count:  2053514
 -7.68813E+02  1.41722E-01  2.79523E+00
  
 Energy and Force Generation Info: 
 --------------------------------- 
 Number of E&F called:     591


Final Energy Reports:
------------------------------------
 Total Energy of the system...... -7.68813E+02 kcal/mol
 Total Potential Energy.......... -7.68813E+02 kcal/mol
 Total Kinetic Energy............  0.00000E+00 kcal/mol
 Temperature of the system.......        0.000 K
 Bond Stretch Energy.............  1.36622E+02 kcal/mol
 Angle Bending Energy............  9.07513E+02 kcal/mol
 Torsion Angle Energy............  7.58300E+02 kcal/mol
 Restraining Energy for Torsions.  0.00000E+00 kcal/mol
 1,4 Lennard Jones Energy........  2.36173E+03 kcal/mol
 1,4 Electrostatic Energy........  7.06572E+02 kcal/mol
 Lennard Jones Energy............ -3.79400E+03 kcal/mol
 Electrostatic Energy............ -2.28110E+03 kcal/mol
 H-bond Energy...................  0.00000E+00 kcal/mol
 
 Exiting IMPACT execution environment 
 Date: Wednesday, September 08 2021, at 10:34:04 India Standard Time
%IMPACT-I (timit): Total CPU time =      40.58 seconds (   0.7 minutes)
Total elapsed time = 41 seconds
  ** Completed refinement level 0      rmsd =  0.118
  **
  ** Beginning refinement level 1
  **

[JovelVargheseJose718]
%IMPACT-I (openwt): Request to open FORMATTED file prepwizard-impref_1_ref1.out on unit   2
 Entering IMPACT execution environment 
 Date: Wednesday, September 08 2021, at 10:34:05 India Standard Time
 Impact version 88139
 mmshare version        51139
 Copyright (c) Schrodinger, LLC.
 All Rights Reserved.

 Windows Host: JovelVargheseJose718
 Job Name: prepwizard-impref_1_ref1
 SCHRODINGER  directory: C:\Program Files\Schrodinger2020-3
 IMPACT_EXEC  directory: C:\Program Files\Schrodinger2020-3\impact-v8.8\bin\Windows-x64
 MMSHARE_EXEC directory: C:\Program Files\Schrodinger2020-3\mmshare-v5.1\bin\Windows-x64

 Clock-based global random seed:     1631077445
%IMPACT-I(foldmain): calling OPLS3e atomtyping ...
%IMPACT-I(foldmain): finished parameter assignment
 PARM read from file "paramstd.dat"
 Parameter obtained from atomtyping


 Total number of atoms  =  7372
 
 Neighbor List Cutoff Settings
 ==================================
 Cutoff radius:   10.0000000000000     
 Update frequency: every           10  steps
 Species   1 : Neighbors are calculated on a per residue basis
 Species   1 : Cutoff by inter-atomic distances
 
 Step number:          0         Non-bonded count:  2053514
 E-pot        RMS grad     Max grad    
 -1.20661E+03  9.43666E-01  2.78766E+01
 Step number:         10         Non-bonded count:  2053514
 -1.37935E+03  1.06400E+00  3.61306E+01
 Step number:         20         Non-bonded count:  2053987
 -1.46896E+03  7.88308E-01  4.16280E+01
 Step number:         30         Non-bonded count:  2053751
 -1.50872E+03  5.19549E-01  2.88477E+01
 Step number:         40         Non-bonded count:  2053110
 -1.52944E+03  3.82551E-01  9.38933E+00
 Step number:         50         Non-bonded count:  2054968
 -1.54285E+03  2.89046E-01  7.16981E+00
 Step number:         60         Non-bonded count:  2055916
 -1.54995E+03  2.47784E-01  9.37299E+00
 Step number:         70         Non-bonded count:  2055576
 -1.55500E+03  2.04364E-01  1.00409E+01
 Step number:         80         Non-bonded count:  2055905
 -1.55840E+03  1.63387E-01  4.77456E+00
 Step number:         90         Non-bonded count:  2056374
 -1.56086E+03  1.34718E-01  3.71560E+00
 Step number:        100         Non-bonded count:  2057046
 -1.56276E+03  1.17292E-01  3.07975E+00
 Step number:        100         Non-bonded count:  2057486
 -1.56278E+03  1.17292E-01  3.07975E+00
  
 Energy and Force Generation Info: 
 --------------------------------- 
 Number of E&F called:     271


Final Energy Reports:
------------------------------------
 Total Energy of the system...... -1.56278E+03 kcal/mol
 Total Potential Energy.......... -1.56278E+03 kcal/mol
 Total Kinetic Energy............  0.00000E+00 kcal/mol
 Temperature of the system.......        0.000 K
 Bond Stretch Energy.............  1.93671E+02 kcal/mol
 Angle Bending Energy............  9.65165E+02 kcal/mol
 Torsion Angle Energy............  6.34625E+02 kcal/mol
 Restraining Energy for Torsions.  0.00000E+00 kcal/mol
 1,4 Lennard Jones Energy........  2.14768E+03 kcal/mol
 1,4 Electrostatic Energy........  6.93170E+02 kcal/mol
 Lennard Jones Energy............ -4.08647E+03 kcal/mol
 Electrostatic Energy............ -2.25955E+03 kcal/mol
 H-bond Energy...................  0.00000E+00 kcal/mol
 
 Exiting IMPACT execution environment 
 Date: Wednesday, September 08 2021, at 10:34:37 India Standard Time
%IMPACT-I (timit): Total CPU time =      31.58 seconds (   0.5 minutes)
Total elapsed time = 32 seconds
  ** Completed refinement level 1      rmsd =  0.226
  **
  ** Beginning refinement level 2
  **

[JovelVargheseJose718]
%IMPACT-I (openwt): Request to open FORMATTED file prepwizard-impref_1_ref2.out on unit   2
 Entering IMPACT execution environment 
 Date: Wednesday, September 08 2021, at 10:34:38 India Standard Time
 Impact version 88139
 mmshare version        51139
 Copyright (c) Schrodinger, LLC.
 All Rights Reserved.

 Windows Host: JovelVargheseJose718
 Job Name: prepwizard-impref_1_ref2
 SCHRODINGER  directory: C:\Program Files\Schrodinger2020-3
 IMPACT_EXEC  directory: C:\Program Files\Schrodinger2020-3\impact-v8.8\bin\Windows-x64
 MMSHARE_EXEC directory: C:\Program Files\Schrodinger2020-3\mmshare-v5.1\bin\Windows-x64

 Clock-based global random seed:     1631077478
%IMPACT-I(foldmain): calling OPLS3e atomtyping ...
%IMPACT-I(foldmain): finished parameter assignment
 PARM read from file "paramstd.dat"
 Parameter obtained from atomtyping


 Total number of atoms  =  7372
 
 Neighbor List Cutoff Settings
 ==================================
 Cutoff radius:   10.0000000000000     
 Update frequency: every           10  steps
 Species   1 : Neighbors are calculated on a per residue basis
 Species   1 : Cutoff by inter-atomic distances
 
 Step number:          0         Non-bonded count:  2057486
 E-pot        RMS grad     Max grad    
 -1.71322E+03  4.02921E-01  2.21393E+01
 Step number:         10         Non-bonded count:  2057486
 -1.75224E+03  7.67947E-01  3.03293E+01
 Step number:         20         Non-bonded count:  2057432
 -1.79904E+03  5.63127E-01  2.19253E+01
 Step number:         30         Non-bonded count:  2058041
 -1.82267E+03  4.10846E-01  1.18379E+01
 Step number:         40         Non-bonded count:  2056780
 -1.83670E+03  3.36489E-01  1.07796E+01
 Step number:         50         Non-bonded count:  2058320
 -1.84676E+03  2.70249E-01  4.95923E+00
 Step number:         60         Non-bonded count:  2058782
 -1.85532E+03  2.56670E-01  1.04948E+01
 Step number:         70         Non-bonded count:  2058409
 -1.86098E+03  2.09597E-01  5.22521E+00
 Step number:         80         Non-bonded count:  2058421
 -1.86542E+03  2.11268E-01  1.39820E+01
 Step number:         90         Non-bonded count:  2058602
 -1.86887E+03  1.77903E-01  5.20686E+00
 Step number:        100         Non-bonded count:  2059449
 -1.87134E+03  1.47750E-01  3.64925E+00
 Step number:        100         Non-bonded count:  2059359
 -1.87132E+03  1.47752E-01  3.64925E+00
  
 Energy and Force Generation Info: 
 --------------------------------- 
 Number of E&F called:     271


Final Energy Reports:
------------------------------------
 Total Energy of the system...... -1.87132E+03 kcal/mol
 Total Potential Energy.......... -1.87132E+03 kcal/mol
 Total Kinetic Energy............  0.00000E+00 kcal/mol
 Temperature of the system.......        0.000 K
 Bond Stretch Energy.............  2.10688E+02 kcal/mol
 Angle Bending Energy............  9.74832E+02 kcal/mol
 Torsion Angle Energy............  5.46751E+02 kcal/mol
 Restraining Energy for Torsions.  0.00000E+00 kcal/mol
 1,4 Lennard Jones Energy........  2.08959E+03 kcal/mol
 1,4 Electrostatic Energy........  6.87619E+02 kcal/mol
 Lennard Jones Energy............ -4.20278E+03 kcal/mol
 Electrostatic Energy............ -2.26266E+03 kcal/mol
 H-bond Energy...................  0.00000E+00 kcal/mol
 
 Exiting IMPACT execution environment 
 Date: Wednesday, September 08 2021, at 10:35:10 India Standard Time
%IMPACT-I (timit): Total CPU time =      31.70 seconds (   0.5 minutes)
Total elapsed time = 32 seconds
  ** Completed refinement level 2      rmsd =  0.346

** Refinement finished. Final level: 1

** The refined complex file is prepwizard-impref_1_ref.mae.
