######## begin of glide-dock_XP_38138722-0001.log #########
Glide version 88139 (mmshare version 51139)
Copyright (c) Schrodinger, LLC.
All Rights Reserved.

--------------------------------------------------------------------------------
JobId          : JovelVargheseJose718-0-613127ba
Name           : glide-dock_XP_38138722-0001
Program        : Glide
Host           : JovelVargheseJose718
Dir            : C:\Users\hp\AppData\Local\Schrodinger\tmp\glide-dock_XP_38138722
HostEntry      : localhost
JobHost        : JovelVargheseJose718
JobDir         : C:\Users\hp\AppData\Local\Schrodinger\tmp\glide-dock_XP_38138722-0
JobSchrodinger : C:\Program Files\Schrodinger2020-3
Commandline    : C:\Program Files\Schrodinger2020-3\glide.exe -RESTART -serial glide-dock_XP_38138722-0001.inp -HOST localhost
StartTime      : 2021-09-03-01:06:27
--------------------------------------------------------------------------------

[running at reduced cpu priority]
 VdW radii of ligand atoms scaled by   0.800000000000000     
 Charge cutoff for polarity   0.150000000000000     
 After readscreen, (nx, ny, nz) = (          27 ,           27 ,           27 ).
  Receptor setup: (nsites, nx, ny, nz, bsize)=(         125 ,           27 , 
          27 ,           27 ,    1.00000000000000      ).
 Screening setup finished.
 DOCKMAIN: getting receptor.
  DOCKMAIN after grid: (nx, ny, nz) = (          72 ,           72 , 
          72 ).
 DOCKMAIN: Grid setup finished
Calling OPLS3e atomtyping ...
Finished parameter assignment

Reading torsion control file 'C:\Program Files\Schrodinger2020-3\glide-v8.8\bin\Windows-x64\..\..\data\torcontrol.txt':
  
  Using generalized torsion control 
  
 Number of rotatable bonds            9
 Using templates for ring conformations.
Glide Extra Precision Mode active.

GlideScore version XP5.0 will be used

  
 Buried polar penalty      0.000
 Coulomb vdW cutoff        0.000
 H bond cutoff             0.000
 Metal-ligand cutoff      10.000
Assigning GlideScore XP5.0 parameters
For Glide Extra Precision mode, will use maxref = 800
 Use grow mode-p
  
 REPORT POSE ANCH_2           1           0           5
 REPORT POSE ANCH_2           2           0          16
 REPORT POSE ANCH_2           3           0          14
 REPORT POSE ANCH_2           4           0          15
 REPORT POSE ANCH_2           5           0           9
 REPORT POSE ANCH_2           6           0           4
 REPORT POSE ANCH_2           7           0          11
Full force-field refinement in receptor field for up to   10 poses
    7 poses will be postminimized for this ligand
Reporting postminimized pose   2 GlideScore =     -2.229
GlideScore(   -2.23)+Epik State Penalty(    0.00) =    -2.23 kcal/mol
DOCKING RESULTS FOR LIGAND        1 (Amb38138722)
Best XP pose:    16;  GlideScore =     -2.23 Emodel =    -30.36 E =    -30.04 Eint =     8.07
Calling OPLS3e atomtyping ...
Finished parameter assignment
 Number of rotatable bonds            9
 Using templates for ring conformations.
Glide Extra Precision Mode active.
For Glide Extra Precision mode, will use maxref = 800
 Use grow mode-p
  
 REPORT POSE ANCH_2           1           0           4
 REPORT POSE ANCH_2           2           0           1
 REPORT POSE ANCH_2           3           0           3
 REPORT POSE ANCH_2           4           0          12
 REPORT POSE ANCH_2           5           0           9
 REPORT POSE ANCH_2           6           0           2
    6 poses will be postminimized for this ligand
Reporting postminimized pose   3 GlideScore =     -2.639
GlideScore(   -2.64)+Epik State Penalty(    0.00) =    -2.64 kcal/mol
DOCKING RESULTS FOR LIGAND        2 (Amb38138722)
Best XP pose:     3;  GlideScore =     -2.64 Emodel =    -29.30 E =    -28.73 Eint =     7.43
Calling OPLS3e atomtyping ...
Finished parameter assignment
 Number of rotatable bonds            9
 Using templates for ring conformations.
Glide Extra Precision Mode active.
For Glide Extra Precision mode, will use maxref = 800
 Use grow mode-p
  
 REPORT POSE ANCH_2           1           0           5
 REPORT POSE ANCH_2           2           0          11
 REPORT POSE ANCH_2           3           0           9
 REPORT POSE ANCH_2           4           0          13
 REPORT POSE ANCH_2           5           0           8
 REPORT POSE ANCH_2           6           0           1
 REPORT POSE ANCH_2           7           0           2
 REPORT POSE ANCH_2           8           0           7
    8 poses will be postminimized for this ligand
Reporting postminimized pose   3 GlideScore =     -2.765
GlideScore(   -2.76)+Epik State Penalty(    0.00) =    -2.76 kcal/mol
DOCKING RESULTS FOR LIGAND        3 (Amb38138722)
Best XP pose:     9;  GlideScore =     -2.76 Emodel =    -31.59 E =    -27.93 Eint =     6.29
Calling OPLS3e atomtyping ...
Finished parameter assignment
 Number of rotatable bonds            9
 Using templates for ring conformations.
Glide Extra Precision Mode active.
For Glide Extra Precision mode, will use maxref = 800
 Use grow mode-p
  
 REPORT POSE ANCH_2           1           0           4
 REPORT POSE ANCH_2           2           0           7
 REPORT POSE ANCH_2           3           0          15
 REPORT POSE ANCH_2           4           0           2
 REPORT POSE ANCH_2           5           0           3
    5 poses will be postminimized for this ligand
Reporting postminimized pose   3 GlideScore =     -2.089
GlideScore(   -2.09)+Epik State Penalty(    0.00) =    -2.09 kcal/mol
DOCKING RESULTS FOR LIGAND        4 (Amb38138722)
Best XP pose:    15;  GlideScore =     -2.09 Emodel =    -30.93 E =    -26.57 Eint =     4.55
Calling OPLS3e atomtyping ...
Finished parameter assignment
 Number of rotatable bonds            9
 Using templates for ring conformations.
Glide Extra Precision Mode active.
For Glide Extra Precision mode, will use maxref = 800
 Use grow mode-p
  
 REPORT POSE ANCH_2           1           0           2
 REPORT POSE ANCH_2           2           0           5
 REPORT POSE ANCH_2           3           0           4
 REPORT POSE ANCH_2           4           0          10
 REPORT POSE ANCH_2           5           0           9
 REPORT POSE ANCH_2           6           0           8
    6 poses will be postminimized for this ligand
Reporting postminimized pose   5 GlideScore =     -1.893
GlideScore(   -1.89)+Epik State Penalty(    0.00) =    -1.89 kcal/mol
DOCKING RESULTS FOR LIGAND        5 (Amb38138722)
Best XP pose:     9;  GlideScore =     -1.89 Emodel =    -30.78 E =    -28.51 Eint =     5.09
Calling OPLS3e atomtyping ...
Finished parameter assignment
 Number of rotatable bonds            9
 Using templates for ring conformations.
Glide Extra Precision Mode active.
For Glide Extra Precision mode, will use maxref = 800
 Use grow mode-p
  
 REPORT POSE ANCH_2           1           0           8
 REPORT POSE ANCH_2           2           0           1
 REPORT POSE ANCH_2           3           0           4
 REPORT POSE ANCH_2           4           0           9
 REPORT POSE ANCH_2           5           0           5
 REPORT POSE ANCH_2           6           0           6
 REPORT POSE ANCH_2           7           0           2
 REPORT POSE ANCH_2           8           0           7
 REPORT POSE ANCH_2           9           0          10
    9 poses will be postminimized for this ligand
Reporting postminimized pose   7 GlideScore =     -2.509
GlideScore(   -2.51)+Epik State Penalty(    0.00) =    -2.51 kcal/mol
DOCKING RESULTS FOR LIGAND        6 (Amb38138722)
Best XP pose:     2;  GlideScore =     -2.51 Emodel =    -28.02 E =    -29.01 Eint =     6.83
Calling OPLS3e atomtyping ...
Finished parameter assignment
 Number of rotatable bonds            9
 Using templates for ring conformations.
 Too many confs in count          51          50
Glide Extra Precision Mode active.
For Glide Extra Precision mode, will use maxref = 800
 Use grow mode-p
  
 REPORT POSE ANCH_2           1           0           6
 REPORT POSE ANCH_2           2           0           1
 REPORT POSE ANCH_2           3           0           7
 REPORT POSE ANCH_2           4           0          10
 REPORT POSE ANCH_2           5           0          11
    5 poses will be postminimized for this ligand
Reporting postminimized pose   3 GlideScore =     -2.275
GlideScore(   -2.28)+Epik State Penalty(    0.00) =    -2.28 kcal/mol
DOCKING RESULTS FOR LIGAND        7 (Amb38138722)
Best XP pose:     7;  GlideScore =     -2.28 Emodel =    -26.53 E =    -26.85 Eint =     4.01
Calling OPLS3e atomtyping ...
Finished parameter assignment
 Number of rotatable bonds            9
 Using templates for ring conformations.
 Too many confs in count          51          50
Glide Extra Precision Mode active.
For Glide Extra Precision mode, will use maxref = 800
 Use grow mode-p
  
 REPORT POSE ANCH_2           1           0          16
 REPORT POSE ANCH_2           2           0           5
 REPORT POSE ANCH_2           3           0           8
 REPORT POSE ANCH_2           4           0           1
 REPORT POSE ANCH_2           5           0           6
    5 poses will be postminimized for this ligand
Reporting postminimized pose   5 GlideScore =     -2.800
GlideScore(   -2.80)+Epik State Penalty(    0.00) =    -2.80 kcal/mol
DOCKING RESULTS FOR LIGAND        8 (Amb38138722)
Best XP pose:     6;  GlideScore =     -2.80 Emodel =    -38.28 E =    -34.32 Eint =     4.23
  
 REPORT OF DOCKED POSES
  
 The ligand structures were written to the file
glide-dock_XP_38138722-0001_raw.maegz

Exiting Glide
Date: Friday, September 03 2021, at 01:24:14 India Standard Time
CPU time (s): 996.9 user, 14.9 system, 1063.0 real
Total elapsed time = 1063 seconds (17 minutes, 43 seconds)
[running at reduced cpu priority]
######## end of glide-dock_XP_38138722-0001.log #########
######## begin of glide-dock_XP_38138722-0002.log #########
Glide version 88139 (mmshare version 51139)
Copyright (c) Schrodinger, LLC.
All Rights Reserved.

--------------------------------------------------------------------------------
JobId          : JovelVargheseJose718-0-61312bea
Name           : glide-dock_XP_38138722-0002
Program        : Glide
Host           : JovelVargheseJose718
Dir            : C:\Users\hp\AppData\Local\Schrodinger\tmp\glide-dock_XP_38138722
HostEntry      : localhost
JobHost        : JovelVargheseJose718
JobDir         : C:\Users\hp\AppData\Local\Schrodinger\tmp\glide-dock_XP_38138722-0
JobSchrodinger : C:\Program Files\Schrodinger2020-3
Commandline    : C:\Program Files\Schrodinger2020-3\glide.exe -RESTART -serial glide-dock_XP_38138722-0002.inp -HOST localhost
StartTime      : 2021-09-03-01:24:19
--------------------------------------------------------------------------------

[running at reduced cpu priority]
Offsetting ligand numbers by 8
 VdW radii of ligand atoms scaled by   0.800000000000000     
 Charge cutoff for polarity   0.150000000000000     
 After readscreen, (nx, ny, nz) = (          27 ,           27 ,           27 ).
  Receptor setup: (nsites, nx, ny, nz, bsize)=(         125 ,           27 , 
          27 ,           27 ,    1.00000000000000      ).
 Screening setup finished.
 DOCKMAIN: getting receptor.
  DOCKMAIN after grid: (nx, ny, nz) = (          72 ,           72 , 
          72 ).
 DOCKMAIN: Grid setup finished
Calling OPLS3e atomtyping ...
Finished parameter assignment

Reading torsion control file 'C:\Program Files\Schrodinger2020-3\glide-v8.8\bin\Windows-x64\..\..\data\torcontrol.txt':
  
  Using generalized torsion control 
  
 Number of rotatable bonds            9
 Using templates for ring conformations.
 Too many confs in count          51          50
Glide Extra Precision Mode active.

GlideScore version XP5.0 will be used

  
 Buried polar penalty      0.000
 Coulomb vdW cutoff        0.000
 H bond cutoff             0.000
 Metal-ligand cutoff      10.000
Assigning GlideScore XP5.0 parameters
For Glide Extra Precision mode, will use maxref = 800
 Use grow mode-p
  
 REPORT POSE ANCH_2           1           0           2
 REPORT POSE ANCH_2           2           0           6
 REPORT POSE ANCH_2           3           0          11
 REPORT POSE ANCH_2           4           0          14
Full force-field refinement in receptor field for up to   10 poses
    4 poses will be postminimized for this ligand
Reporting postminimized pose   3 GlideScore =     -2.657
GlideScore(   -2.66)+Epik State Penalty(    0.00) =    -2.66 kcal/mol
DOCKING RESULTS FOR LIGAND        9 (Amb38138722)
Best XP pose:    11;  GlideScore =     -2.66 Emodel =    -24.43 E =    -24.57 Eint =     4.15
Calling OPLS3e atomtyping ...
Finished parameter assignment
 Number of rotatable bonds            9
 Using templates for ring conformations.
Glide Extra Precision Mode active.
For Glide Extra Precision mode, will use maxref = 800
 Use grow mode-p
  
 REPORT POSE ANCH_2           1           0           3
    1 poses will be postminimized for this ligand
Reporting postminimized pose   1 GlideScore =      7.483
GlideScore(    7.48)+Epik State Penalty(    0.00) =     7.48 kcal/mol
DOCKING RESULTS FOR LIGAND       10 (Amb38138722)
Best XP pose:     3;  GlideScore =      7.48 Emodel =    -33.75 E =    -31.73 Eint =    10.46
Calling OPLS3e atomtyping ...
Finished parameter assignment
 Number of rotatable bonds            9
 Using templates for ring conformations.
Glide Extra Precision Mode active.
For Glide Extra Precision mode, will use maxref = 800
 Use grow mode-p
  
 REPORT POSE ANCH_2           1           0           4
 REPORT POSE ANCH_2           2           0          10
 REPORT POSE ANCH_2           3           0           1
    3 poses will be postminimized for this ligand
Reporting postminimized pose   2 GlideScore =      2.501
GlideScore(    2.50)+Epik State Penalty(    0.00) =     2.50 kcal/mol
DOCKING RESULTS FOR LIGAND       11 (Amb38138722)
Best XP pose:    10;  GlideScore =      2.50 Emodel =    -27.84 E =    -29.72 Eint =    11.10
Calling OPLS3e atomtyping ...
Finished parameter assignment
 Number of rotatable bonds            9
 Using templates for ring conformations.
Glide Extra Precision Mode active.
For Glide Extra Precision mode, will use maxref = 800
 Use grow mode-p
  
 REPORT POSE ANCH_2           1           0          12
 REPORT POSE ANCH_2           2           0           3
 REPORT POSE ANCH_2           3           0          13
 REPORT POSE ANCH_2           4           0          10
 REPORT POSE ANCH_2           5           0          11
 REPORT POSE ANCH_2           6           0           6
 REPORT POSE ANCH_2           7           0           4
 REPORT POSE ANCH_2           8           0           5
    8 poses will be postminimized for this ligand
Reporting postminimized pose   7 GlideScore =     -2.552
GlideScore(   -2.55)+Epik State Penalty(    0.00) =    -2.55 kcal/mol
DOCKING RESULTS FOR LIGAND       12 (Amb38138722)
Best XP pose:     4;  GlideScore =     -2.55 Emodel =    -27.95 E =    -25.25 Eint =     6.79
Calling OPLS3e atomtyping ...
Finished parameter assignment
 Number of rotatable bonds            9
 Using templates for ring conformations.
Glide Extra Precision Mode active.
For Glide Extra Precision mode, will use maxref = 800
 Use grow mode-p
  
 REPORT POSE ANCH_2           1           0           4
 REPORT POSE ANCH_2           2           0           5
 REPORT POSE ANCH_2           3           0           2
 REPORT POSE ANCH_2           4           0           3
 REPORT POSE ANCH_2           5           0           1
 REPORT POSE ANCH_2           6           0           7
 REPORT POSE ANCH_2           7           0           6
    7 poses will be postminimized for this ligand
Reporting postminimized pose   5 GlideScore =     -2.685
GlideScore(   -2.68)+Epik State Penalty(    0.00) =    -2.68 kcal/mol
DOCKING RESULTS FOR LIGAND       13 (Amb38138722)
Best XP pose:     1;  GlideScore =     -2.68 Emodel =    -39.01 E =    -32.30 Eint =     4.86
Calling OPLS3e atomtyping ...
Finished parameter assignment
 Number of rotatable bonds            9
 Using templates for ring conformations.
Glide Extra Precision Mode active.
For Glide Extra Precision mode, will use maxref = 800
 Use grow mode-p
  
 REPORT POSE ANCH_2           1           0           2
 REPORT POSE ANCH_2           2           0           5
 REPORT POSE ANCH_2           3           0           3
 REPORT POSE ANCH_2           4           0          10
 REPORT POSE ANCH_2           5           0           9
 REPORT POSE ANCH_2           6           0           7
 REPORT POSE ANCH_2           7           0           4
 REPORT POSE ANCH_2           8           0           8
    8 poses will be postminimized for this ligand
Reporting postminimized pose   3 GlideScore =     -2.740
GlideScore(   -2.74)+Epik State Penalty(    0.00) =    -2.74 kcal/mol
DOCKING RESULTS FOR LIGAND       14 (Amb38138722)
Best XP pose:     3;  GlideScore =     -2.74 Emodel =    -33.27 E =    -32.00 Eint =    10.54
Calling OPLS3e atomtyping ...
Finished parameter assignment
 Number of rotatable bonds            9
 Using templates for ring conformations.
Glide Extra Precision Mode active.
For Glide Extra Precision mode, will use maxref = 800
 Use grow mode-p
  
 REPORT POSE ANCH_2           1           0           1
 REPORT POSE ANCH_2           2           0           8
 REPORT POSE ANCH_2           3           0           5
 REPORT POSE ANCH_2           4           0          10
    4 poses will be postminimized for this ligand
Reporting postminimized pose   1 GlideScore =      2.259
GlideScore(    2.26)+Epik State Penalty(    0.00) =     2.26 kcal/mol
DOCKING RESULTS FOR LIGAND       15 (Amb38138722)
Best XP pose:     1;  GlideScore =      2.26 Emodel =    -34.73 E =    -31.17 Eint =     0.00
Calling OPLS3e atomtyping ...
Finished parameter assignment
 Number of rotatable bonds            9
 Using templates for ring conformations.
Glide Extra Precision Mode active.
For Glide Extra Precision mode, will use maxref = 800
 Use grow mode-p
  
 REPORT POSE ANCH_2           1           0           7
 REPORT POSE ANCH_2           2           0           1
 REPORT POSE ANCH_2           3           0           6
 REPORT POSE ANCH_2           4           0           8
 REPORT POSE ANCH_2           5           0          10
    5 poses will be postminimized for this ligand
Reporting postminimized pose   3 GlideScore =     -2.858
GlideScore(   -2.86)+Epik State Penalty(    0.00) =    -2.86 kcal/mol
DOCKING RESULTS FOR LIGAND       16 (Amb38138722)
Best XP pose:     6;  GlideScore =     -2.86 Emodel =    -30.65 E =    -28.96 Eint =     7.82
  
 REPORT OF DOCKED POSES
  
 The ligand structures were written to the file
glide-dock_XP_38138722-0002_raw.maegz

Exiting Glide
Date: Friday, September 03 2021, at 01:41:21 India Standard Time
CPU time (s): 954.6 user, 13.3 system, 1017.1 real
Total elapsed time = 1017 seconds (16 minutes, 57 seconds)
[running at reduced cpu priority]
######## end of glide-dock_XP_38138722-0002.log #########
