######## begin of glide-dock_XP_6-0001.log #########
Glide version 88139 (mmshare version 51139)
Copyright (c) Schrodinger, LLC.
All Rights Reserved.

--------------------------------------------------------------------------------
JobId          : JovelVargheseJose718-0-6139f3f5
Name           : glide-dock_XP_6-0001
Program        : Glide
Host           : JovelVargheseJose718
Dir            : C:\Users\hp\AppData\Local\Schrodinger\tmp\glide-dock_XP_6
HostEntry      : localhost
JobHost        : JovelVargheseJose718
JobDir         : C:\Users\hp\AppData\Local\Schrodinger\tmp\glide-dock_XP_6-0001
JobSchrodinger : C:\Program Files\Schrodinger2020-3
Commandline    : C:\Program Files\Schrodinger2020-3\glide.exe -RESTART -serial glide-dock_XP_6-0001.inp -HOST localhost
StartTime      : 2021-09-09-17:15:58
--------------------------------------------------------------------------------

[running at reduced cpu priority]
 VdW radii of ligand atoms scaled by   0.800000000000000     
 Charge cutoff for polarity   0.150000000000000     
 After readscreen, (nx, ny, nz) = (          27 ,           27 ,           27 ).
  Receptor setup: (nsites, nx, ny, nz, bsize)=(         125 ,           27 , 
          27 ,           27 ,    1.00000000000000      ).
 Screening setup finished.
 DOCKMAIN: getting receptor.
  DOCKMAIN after grid: (nx, ny, nz) = (          72 ,           72 , 
          72 ).
 DOCKMAIN: Grid setup finished
Calling OPLS3e atomtyping ...
Finished parameter assignment

Reading torsion control file 'C:\Program Files\Schrodinger2020-3\glide-v8.8\bin\Windows-x64\..\..\data\torcontrol.txt':
  
  Using generalized torsion control 
  
 Number of rotatable bonds           13
 Using templates for ring conformations.
Glide Extra Precision Mode active.

GlideScore version XP5.0 will be used

  
 Buried polar penalty      0.000
 Coulomb vdW cutoff        0.000
 H bond cutoff             0.000
 Metal-ligand cutoff      10.000
Assigning GlideScore XP5.0 parameters
For Glide Extra Precision mode, will use maxref = 800
 Use grow mode-t
  
 REPORT POSE ANCH_2           1           0          26
 REPORT POSE ANCH_2           2           0          36
 REPORT POSE ANCH_2           3           0          20
 REPORT POSE ANCH_2           4           0          42
 REPORT POSE ANCH_2           5           0          46
Full force-field refinement in receptor field for up to   10 poses
    5 poses will be postminimized for this ligand
Reporting postminimized pose   5 GlideScore =     -3.570
GlideScore(   -3.57)+Epik State Penalty(    0.00) =    -3.57 kcal/mol
DOCKING RESULTS FOR LIGAND        1 (Amb17619294)
Best XP pose:    46;  GlideScore =     -3.57 Emodel =    -52.25 E =    -40.69 Eint =     9.66
GLIDE WARNING: The above ligand had one or more atoms outside the grid box during energy evaluation or minimization.
1 out of 28426291 energy evaluations were affected.
Calling OPLS3e atomtyping ...
Finished parameter assignment
 Number of rotatable bonds           15
 Using templates for ring conformations.
Glide Extra Precision Mode active.
For Glide Extra Precision mode, will use maxref = 800
 Use grow mode-t
  
 REPORT POSE ANCH_2           1           0          45
 REPORT POSE ANCH_2           2           0          46
 REPORT POSE ANCH_2           3           0           1
 REPORT POSE ANCH_2           4           0          32
    4 poses will be postminimized for this ligand
Reporting postminimized pose   1 GlideScore =     -4.080
GlideScore(   -4.08)+Epik State Penalty(    0.00) =    -4.08 kcal/mol
DOCKING RESULTS FOR LIGAND        2 (Amb17617195)
Best XP pose:    45;  GlideScore =     -4.08 Emodel =    -49.05 E =    -35.75 Eint =     0.00
GLIDE WARNING: The above ligand had one or more atoms outside the grid box during energy evaluation or minimization.
1 out of 19740268 energy evaluations were affected.
Calling OPLS3e atomtyping ...
Finished parameter assignment
 Number of rotatable bonds           16
 Using templates for ring conformations.
Glide Extra Precision Mode active.
For Glide Extra Precision mode, will use maxref = 800
 Use grow mode-t
  
 REPORT POSE ANCH_2           1           0          15
 REPORT POSE ANCH_2           2           0          26
 REPORT POSE ANCH_2           3           0          12
 REPORT POSE ANCH_2           4           0           1
 REPORT POSE ANCH_2           5           0          32
 REPORT POSE ANCH_2           6           0          34
 REPORT POSE ANCH_2           7           0          29
 REPORT POSE ANCH_2           8           0          33
 REPORT POSE ANCH_2           9           0          11
 REPORT POSE ANCH_2          10           0          31
   10 poses will be postminimized for this ligand
Reporting postminimized pose   2 GlideScore =     -4.486
GlideScore(   -4.49)+Epik State Penalty(    0.00) =    -4.49 kcal/mol
DOCKING RESULTS FOR LIGAND        3 (Amb17615148)
Best XP pose:    26;  GlideScore =     -4.49 Emodel =    -46.49 E =    -34.05 Eint =     0.00
  
 REPORT OF DOCKED POSES
  
 The ligand structures were written to the file
glide-dock_XP_6-0001_raw.maegz

Exiting Glide
Date: Thursday, September 09 2021, at 17:28:04 India Standard Time
CPU time (s): 685.5 user, 27.0 system, 723.1 real
Total elapsed time = 723 seconds (12 minutes, 3 seconds)
[running at reduced cpu priority]
######## end of glide-dock_XP_6-0001.log #########
######## begin of glide-dock_XP_6-0002.log #########
Glide version 88139 (mmshare version 51139)
Copyright (c) Schrodinger, LLC.
All Rights Reserved.

--------------------------------------------------------------------------------
JobId          : JovelVargheseJose718-0-6139f6d1
Name           : glide-dock_XP_6-0002
Program        : Glide
Host           : JovelVargheseJose718
Dir            : C:\Users\hp\AppData\Local\Schrodinger\tmp\glide-dock_XP_6
HostEntry      : localhost
JobHost        : JovelVargheseJose718
JobDir         : C:\Users\hp\AppData\Local\Schrodinger\tmp\glide-dock_XP_6-0002
JobSchrodinger : C:\Program Files\Schrodinger2020-3
Commandline    : C:\Program Files\Schrodinger2020-3\glide.exe -RESTART -serial glide-dock_XP_6-0002.inp -HOST localhost
StartTime      : 2021-09-09-17:28:11
--------------------------------------------------------------------------------

[running at reduced cpu priority]
Offsetting ligand numbers by 3
 VdW radii of ligand atoms scaled by   0.800000000000000     
 Charge cutoff for polarity   0.150000000000000     
 After readscreen, (nx, ny, nz) = (          27 ,           27 ,           27 ).
  Receptor setup: (nsites, nx, ny, nz, bsize)=(         125 ,           27 , 
          27 ,           27 ,    1.00000000000000      ).
 Screening setup finished.
 DOCKMAIN: getting receptor.
  DOCKMAIN after grid: (nx, ny, nz) = (          72 ,           72 , 
          72 ).
 DOCKMAIN: Grid setup finished
Calling OPLS3e atomtyping ...
Finished parameter assignment

Reading torsion control file 'C:\Program Files\Schrodinger2020-3\glide-v8.8\bin\Windows-x64\..\..\data\torcontrol.txt':
  
  Using generalized torsion control 
  
 Number of rotatable bonds           16
 Using templates for ring conformations.
Glide Extra Precision Mode active.

GlideScore version XP5.0 will be used

  
 Buried polar penalty      0.000
 Coulomb vdW cutoff        0.000
 H bond cutoff             0.000
 Metal-ligand cutoff      10.000
Assigning GlideScore XP5.0 parameters
For Glide Extra Precision mode, will use maxref = 800
 Use grow mode-t
  
 REPORT POSE ANCH_2           1           0          11
 REPORT POSE ANCH_2           2           0          28
 REPORT POSE ANCH_2           3           0          41
 REPORT POSE ANCH_2           4           0          39
 REPORT POSE ANCH_2           5           0           7
 REPORT POSE ANCH_2           6           0          40
 REPORT POSE ANCH_2           7           0          14
 REPORT POSE ANCH_2           8           0          33
 REPORT POSE ANCH_2           9           0          23
 REPORT POSE ANCH_2          10           0          20
Full force-field refinement in receptor field for up to   10 poses
   10 poses will be postminimized for this ligand
Reporting postminimized pose   9 GlideScore =     -4.801
GlideScore(   -4.80)+Epik State Penalty(    0.00) =    -4.80 kcal/mol
DOCKING RESULTS FOR LIGAND        4 (Amb17615147)
Best XP pose:    23;  GlideScore =     -4.80 Emodel =    -51.66 E =    -43.19 Eint =     9.00
Calling OPLS3e atomtyping ...
Finished parameter assignment
 Number of rotatable bonds           11
 Using templates for ring conformations.
Glide Extra Precision Mode active.
For Glide Extra Precision mode, will use maxref = 800
 Use grow mode-t
  
 REPORT POSE ANCH_2           1           0           2
 REPORT POSE ANCH_2           2           0          37
 REPORT POSE ANCH_2           3           0          46
 REPORT POSE ANCH_2           4           0          18
 REPORT POSE ANCH_2           5           0          26
 REPORT POSE ANCH_2           6           0          27
 REPORT POSE ANCH_2           7           0          32
 REPORT POSE ANCH_2           8           0           3
 REPORT POSE ANCH_2           9           0           7
 REPORT POSE ANCH_2          10           0           6
   10 poses will be postminimized for this ligand
Reporting postminimized pose   1 GlideScore =     -4.348
GlideScore(   -4.35)+Epik State Penalty(    0.00) =    -4.35 kcal/mol
DOCKING RESULTS FOR LIGAND        5 (Amb17615145)
Best XP pose:     2;  GlideScore =     -4.35 Emodel =    -58.80 E =    -43.64 Eint =     4.97
  
 REPORT OF DOCKED POSES
  
 The ligand structures were written to the file
glide-dock_XP_6-0002_raw.maegz

Exiting Glide
Date: Thursday, September 09 2021, at 17:34:50 India Standard Time
CPU time (s): 379.5 user, 12.1 system, 396.2 real
Total elapsed time = 396 seconds (6 minutes, 36 seconds)
[running at reduced cpu priority]
######## end of glide-dock_XP_6-0002.log #########
