######## begin of glide-dock_XP_17619924-0001.log #########
Glide version 88139 (mmshare version 51139)
Copyright (c) Schrodinger, LLC.
All Rights Reserved.

--------------------------------------------------------------------------------
JobId          : JovelVargheseJose718-0-612f79aa
Name           : glide-dock_XP_17619924-0001
Program        : Glide
Host           : JovelVargheseJose718
Dir            : C:\Users\hp\AppData\Local\Schrodinger\tmp\glide-dock_XP_17619924
HostEntry      : localhost
JobHost        : JovelVargheseJose718
JobDir         : C:\Users\hp\AppData\Local\Schrodinger\tmp\glide-dock_XP_17619924-0
JobSchrodinger : C:\Program Files\Schrodinger2020-3
Commandline    : C:\Program Files\Schrodinger2020-3\glide.exe -RESTART -serial glide-dock_XP_17619924-0001.inp -HOST localhost
StartTime      : 2021-09-01-18:31:31
--------------------------------------------------------------------------------

[running at reduced cpu priority]
 VdW radii of ligand atoms scaled by   0.800000000000000     
 Charge cutoff for polarity   0.150000000000000     
 After readscreen, (nx, ny, nz) = (          27 ,           27 ,           27 ).
  Receptor setup: (nsites, nx, ny, nz, bsize)=(         125 ,           27 , 
          27 ,           27 ,    1.00000000000000      ).
 Screening setup finished.
 DOCKMAIN: getting receptor.
  DOCKMAIN after grid: (nx, ny, nz) = (          72 ,           72 , 
          72 ).
 DOCKMAIN: Grid setup finished
Calling OPLS3e atomtyping ...
Finished parameter assignment

Reading torsion control file 'C:\Program Files\Schrodinger2020-3\glide-v8.8\bin\Windows-x64\..\..\data\torcontrol.txt':
  
  Using generalized torsion control 
  
 Number of rotatable bonds            6
 Using templates for ring conformations.
Glide Extra Precision Mode active.

GlideScore version XP5.0 will be used

  
 Buried polar penalty      0.000
 Coulomb vdW cutoff        0.000
 H bond cutoff             0.000
 Metal-ligand cutoff      10.000
Assigning GlideScore XP5.0 parameters
For Glide Extra Precision mode, will use maxref = 800
 Use grow mode-p
  
 REPORT POSE ANCH_2           1           0           6
 REPORT POSE ANCH_2           2           0          13
Full force-field refinement in receptor field for up to   10 poses
    2 poses will be postminimized for this ligand
Reporting postminimized pose   2 GlideScore =     -4.538
GlideScore(   -4.54)+Epik State Penalty(    0.00) =    -4.54 kcal/mol
DOCKING RESULTS FOR LIGAND        1 (Amb17619924)
Best XP pose:    13;  GlideScore =     -4.54 Emodel =    -36.99 E =    -31.10 Eint =     0.00
Calling OPLS3e atomtyping ...
Finished parameter assignment
 Number of rotatable bonds            6
 Using templates for ring conformations.
Glide Extra Precision Mode active.
For Glide Extra Precision mode, will use maxref = 800
 Use grow mode-p
  
 REPORT POSE ANCH_2           1           0           4
 REPORT POSE ANCH_2           2           0           7
 REPORT POSE ANCH_2           3           0           8
 REPORT POSE ANCH_2           4           0           3
 REPORT POSE ANCH_2           5           0          11
 REPORT POSE ANCH_2           6           0           5
 REPORT POSE ANCH_2           7           0           1
    7 poses will be postminimized for this ligand
Reporting postminimized pose   1 GlideScore =     -4.468
GlideScore(   -4.47)+Epik State Penalty(    0.00) =    -4.47 kcal/mol
DOCKING RESULTS FOR LIGAND        2 (Amb17619924)
Best XP pose:     4;  GlideScore =     -4.47 Emodel =    -32.01 E =    -29.50 Eint =     5.53
  
 REPORT OF DOCKED POSES
  
 The ligand structures were written to the file
glide-dock_XP_17619924-0001_raw.maegz

Exiting Glide
Date: Wednesday, September 01 2021, at 18:32:56 India Standard Time
CPU time (s): 80.6 user, 0.4 system, 81.9 real
Total elapsed time = 82 seconds (1 minutes, 22 seconds)
[running at reduced cpu priority]
######## end of glide-dock_XP_17619924-0001.log #########
######## begin of glide-dock_XP_17619924-0002.log #########
Glide version 88139 (mmshare version 51139)
Copyright (c) Schrodinger, LLC.
All Rights Reserved.

--------------------------------------------------------------------------------
JobId          : JovelVargheseJose718-0-612f7a05
Name           : glide-dock_XP_17619924-0002
Program        : Glide
Host           : JovelVargheseJose718
Dir            : C:\Users\hp\AppData\Local\Schrodinger\tmp\glide-dock_XP_17619924
HostEntry      : localhost
JobHost        : JovelVargheseJose718
JobDir         : C:\Users\hp\AppData\Local\Schrodinger\tmp\glide-dock_XP_17619924-0
JobSchrodinger : C:\Program Files\Schrodinger2020-3
Commandline    : C:\Program Files\Schrodinger2020-3\glide.exe -RESTART -serial glide-dock_XP_17619924-0002.inp -HOST localhost
StartTime      : 2021-09-01-18:33:03
--------------------------------------------------------------------------------

[running at reduced cpu priority]
Offsetting ligand numbers by 2
 VdW radii of ligand atoms scaled by   0.800000000000000     
 Charge cutoff for polarity   0.150000000000000     
 After readscreen, (nx, ny, nz) = (          27 ,           27 ,           27 ).
  Receptor setup: (nsites, nx, ny, nz, bsize)=(         125 ,           27 , 
          27 ,           27 ,    1.00000000000000      ).
 Screening setup finished.
 DOCKMAIN: getting receptor.
  DOCKMAIN after grid: (nx, ny, nz) = (          72 ,           72 , 
          72 ).
 DOCKMAIN: Grid setup finished

Exiting Glide
Date: Wednesday, September 01 2021, at 18:33:14 India Standard Time
CPU time (s): 0.0 user, 0.0 system, 0.0 real
Total elapsed time = 0 seconds
[running at reduced cpu priority]
######## end of glide-dock_XP_17619924-0002.log #########
