
====================================
            Glide Script            
====================================

--------------------------------------------------------------------------------
JobId          : JovelVargheseJose718-0-61306e9a
Name           : glide-dock_XP_extrahalf_3
Program        : Glide
Host           : JovelVargheseJose718
Dir            : C:\Users\hp\Desktop\Hackbio\docking\6gh8_ribavirin and similar compounds\glide-dock_XP_extrahalf_3
HostEntry      : localhost
JobHost        : JovelVargheseJose718
JobDir         : C:\Users\hp\AppData\Local\Schrodinger\tmp\glide-dock_XP_extrahalf_
JobSchrodinger : C:\Program Files\Schrodinger2020-3
Commandline    : C:\Program Files\Schrodinger2020-3\glide.exe glide-dock_XP_extrahalf_3.in -OVERWRITE -adjust -HOST localhost:1 -PROJ "C:\Users\hp\Desktop\Hackbio\docking\6gh8_ribavirin and similar compounds\6GH8_ribivarin and all similar compounds.prj" -DISP append -VIEWNAME glide_docking_gui.DockingPanel -TMPLAUNCHDIR
StartTime      : 2021-09-02-11:56:36
--------------------------------------------------------------------------------

Running locally: False
Max retries: 2
Input file: glide-dock_XP_extrahalf_3.in

Setting up docking job
Separating ligands...
Number of structures that are to be docked: 21
Setting up Glide docking jobs...

Running subjobs on hosts:
  localhost (Max: 1)
Number of jobs:       2
Max retries per job:  2
Max allowed failures: unlimited
Run with -LOCAL:      False
Verbosity:            normal

Starting JobDJ...

Keep one job on driver host: False
JobDJ columns:
  C: Number of completed subjobs
  A: Number of active subjobs (e.g., submitted, running)
  W: Number of waiting/pending subjobs

C A W | Activity  JobId  JobName  JobHost
- - - | --------- -----------------------
0 1 1 | launched  JovelVargheseJose718-0-61306ea2 glide-dock_XP_extrahalf_3-0001 localhost [JovelVargheseJose718]
1 0 1 | finished  JovelVargheseJose718-0-61306ea2 glide-dock_XP_extrahalf_3-0001 localhost [JovelVargheseJose718]
1 1 0 | launched  JovelVargheseJose718-0-6130718a glide-dock_XP_extrahalf_3-0002 localhost [JovelVargheseJose718]
2 0 0 | finished  JovelVargheseJose718-0-6130718a glide-dock_XP_extrahalf_3-0002 localhost [JovelVargheseJose718]

All jobs have completed.

2 of 2 job(s) succeeded; 0 job(s) failed.

All jobs succeeded: 21 ligands done.
Writing poses to glide-dock_XP_extrahalf_3_pv.maegz
Combining log files to glide-dock_XP_extrahalf_3_subjobs.log
Archiving subjob pose files in glide-dock_XP_extrahalf_3_subjob_poses.zip
Archiving subjob input and log files in glide-dock_XP_extrahalf_3_subjobs.tar.gz
Cleaning up...

Elapsed times:
- preprocessing: 0.2 s
- running subjobs: 2341.9 s
- postprocessing: 0.3 s
- cleanup: 0.0 s

All Glide docking subjobs: Total CPU time = 2206 seconds (36 min 46 s)

Finished at: Thu Sep  2 12:35:41 2021
Total elapsed time for Glide script = 2342 seconds (39 min 2 s)
[running at reduced cpu priority]
