
====================================
            Glide Script            
====================================

--------------------------------------------------------------------------------
JobId          : JovelVargheseJose718-0-6130b13a
Name           : glide-dock_XP_extrasuper
Program        : Glide
Host           : JovelVargheseJose718
Dir            : C:\Users\hp\Desktop\Hackbio\docking\6gh8_ribavirin and similar compounds\glide-dock_XP_extrasuper
HostEntry      : localhost
JobHost        : JovelVargheseJose718
JobDir         : C:\Users\hp\AppData\Local\Schrodinger\tmp\glide-dock_XP_extrasuper
JobSchrodinger : C:\Program Files\Schrodinger2020-3
Commandline    : C:\Program Files\Schrodinger2020-3\glide.exe glide-dock_XP_extrasuper.in -OVERWRITE -adjust -HOST localhost:1 -PROJ "C:\Users\hp\Desktop\Hackbio\docking\6gh8_ribavirin and similar compounds\6GH8_ribivarin and today similar compounds.prj" -DISP append -VIEWNAME glide_docking_gui.DockingPanel -TMPLAUNCHDIR
StartTime      : 2021-09-02-16:40:51
--------------------------------------------------------------------------------

Running locally: False
Max retries: 2
Input file: glide-dock_XP_extrasuper.in

Setting up docking job
Separating ligands...
Number of structures that are to be docked: 122
Setting up Glide docking jobs...

Running subjobs on hosts:
  localhost (Max: 1)
Number of jobs:       2
Max retries per job:  2
Max allowed failures: unlimited
Run with -LOCAL:      False
Verbosity:            normal

Starting JobDJ...

Keep one job on driver host: False
JobDJ columns:
  C: Number of completed subjobs
  A: Number of active subjobs (e.g., submitted, running)
  W: Number of waiting/pending subjobs

C A W | Activity  JobId  JobName  JobHost
- - - | --------- -----------------------
0 1 1 | launched  JovelVargheseJose718-0-6130b143 glide-dock_XP_extrasuper-0001 localhost [JovelVargheseJose718]
1 0 1 | finished  JovelVargheseJose718-0-6130b143 glide-dock_XP_extrasuper-0001 localhost [JovelVargheseJose718]
1 1 0 | launched  JovelVargheseJose718-0-6130dc32 glide-dock_XP_extrasuper-0002 localhost [JovelVargheseJose718]
2 0 0 | finished  JovelVargheseJose718-0-6130dc32 glide-dock_XP_extrasuper-0002 localhost [JovelVargheseJose718]

All jobs have completed.

2 of 2 job(s) succeeded; 0 job(s) failed.

All jobs succeeded: 122 ligands done.
Writing poses to glide-dock_XP_extrasuper_pv.maegz
Combining log files to glide-dock_XP_extrasuper_subjobs.log
Archiving subjob pose files in glide-dock_XP_extrasuper_subjob_poses.zip
Archiving subjob input and log files in glide-dock_XP_extrasuper_subjobs.tar.gz
Cleaning up...

Elapsed times:
- preprocessing: 0.8 s
- running subjobs: 15555.5 s
- postprocessing: 0.9 s
- cleanup: 0.1 s

All Glide docking subjobs: Total CPU time = 11388 seconds (3 h 9 min 48 s)

Finished at: Thu Sep  2 21:00:12 2021
Total elapsed time for Glide script = 15557 seconds (4 h 19 min 17 s)
[running at reduced cpu priority]
