######## begin of glide-dock_XP_extrahalf_3-0001.log #########
Glide version 88139 (mmshare version 51139)
Copyright (c) Schrodinger, LLC.
All Rights Reserved.

--------------------------------------------------------------------------------
JobId          : JovelVargheseJose718-0-61306ea2
Name           : glide-dock_XP_extrahalf_3-0001
Program        : Glide
Host           : JovelVargheseJose718
Dir            : C:\Users\hp\AppData\Local\Schrodinger\tmp\glide-dock_XP_extrahalf_
HostEntry      : localhost
JobHost        : JovelVargheseJose718
JobDir         : C:\Users\hp\AppData\Local\Schrodinger\tmp\glide-dock_XP_extrahalf_.1
JobSchrodinger : C:\Program Files\Schrodinger2020-3
Commandline    : C:\Program Files\Schrodinger2020-3\glide.exe -RESTART -serial glide-dock_XP_extrahalf_3-0001.inp -HOST localhost
StartTime      : 2021-09-02-11:56:45
--------------------------------------------------------------------------------

[running at reduced cpu priority]
 VdW radii of ligand atoms scaled by   0.800000000000000     
 Charge cutoff for polarity   0.150000000000000     
 After readscreen, (nx, ny, nz) = (          27 ,           27 ,           27 ).
  Receptor setup: (nsites, nx, ny, nz, bsize)=(         125 ,           27 , 
          27 ,           27 ,    1.00000000000000      ).
 Screening setup finished.
 DOCKMAIN: getting receptor.
  DOCKMAIN after grid: (nx, ny, nz) = (          72 ,           72 , 
          72 ).
 DOCKMAIN: Grid setup finished
Calling OPLS3e atomtyping ...
Finished parameter assignment

Reading torsion control file 'C:\Program Files\Schrodinger2020-3\glide-v8.8\bin\Windows-x64\..\..\data\torcontrol.txt':
  
  Using generalized torsion control 
  
 Number of rotatable bonds           12
 Using templates for ring conformations.
Glide Extra Precision Mode active.

GlideScore version XP5.0 will be used

  
 Buried polar penalty      0.000
 Coulomb vdW cutoff        0.000
 H bond cutoff             0.000
 Metal-ligand cutoff      10.000
Assigning GlideScore XP5.0 parameters
For Glide Extra Precision mode, will use maxref = 800
 Use grow mode-p
  
 REPORT POSE ANCH_2           1           0           1
 REPORT POSE ANCH_2           2           0          12
 REPORT POSE ANCH_2           3           0          13
Full force-field refinement in receptor field for up to   10 poses
    3 poses will be postminimized for this ligand
Reporting postminimized pose   3 GlideScore =     -4.072
GlideScore(   -4.07)+Epik State Penalty(    1.29) =    -2.78 kcal/mol
DOCKING RESULTS FOR LIGAND        1 (Amb35818431)
Best XP pose:    13;  GlideScore =     -4.07 Emodel =    -44.53 E =    -34.98 Eint =     0.00
Calling OPLS3e atomtyping ...
Finished parameter assignment
 Number of rotatable bonds           12
 Using templates for ring conformations.
Glide Extra Precision Mode active.
For Glide Extra Precision mode, will use maxref = 800
 Use grow mode-p
  
 REPORT POSE ANCH_2           1           0           8
 REPORT POSE ANCH_2           2           0          11
 REPORT POSE ANCH_2           3           0           6
 REPORT POSE ANCH_2           4           0           7
 REPORT POSE ANCH_2           5           0           1
 REPORT POSE ANCH_2           6           0          10
 REPORT POSE ANCH_2           7           0           2
 REPORT POSE ANCH_2           8           0           3
    8 poses will be postminimized for this ligand
Reporting postminimized pose   6 GlideScore =     -3.949
GlideScore(   -3.95)+Epik State Penalty(    1.29) =    -2.65 kcal/mol
DOCKING RESULTS FOR LIGAND        2 (Amb35818431)
Best XP pose:    10;  GlideScore =     -3.95 Emodel =    -38.18 E =    -39.42 Eint =     7.86
Calling OPLS3e atomtyping ...
Finished parameter assignment
 Number of rotatable bonds           11
 Using templates for ring conformations.
Glide Extra Precision Mode active.
For Glide Extra Precision mode, will use maxref = 800
 Use grow mode-p
  
 REPORT POSE ANCH_2           1           0           7
 REPORT POSE ANCH_2           2           0           5
 REPORT POSE ANCH_2           3           0           6
 REPORT POSE ANCH_2           4           0           9
 REPORT POSE ANCH_2           5           0           3
 REPORT POSE ANCH_2           6           0           1
 REPORT POSE ANCH_2           7           0           8
 REPORT POSE ANCH_2           8           0          11
    8 poses will be postminimized for this ligand
Reporting postminimized pose   8 GlideScore =     -4.146
GlideScore(   -4.15)+Epik State Penalty(    0.07) =    -4.08 kcal/mol
DOCKING RESULTS FOR LIGAND        3 (Amb35818431)
Best XP pose:    11;  GlideScore =     -4.15 Emodel =    -40.56 E =    -37.40 Eint =     8.97
Calling OPLS3e atomtyping ...
Finished parameter assignment
 Number of rotatable bonds           11
 Using templates for ring conformations.
Glide Extra Precision Mode active.
For Glide Extra Precision mode, will use maxref = 800
 Use grow mode-p
  
 REPORT POSE ANCH_2           1           0           5
 REPORT POSE ANCH_2           2           0           8
 REPORT POSE ANCH_2           3           0          10
 REPORT POSE ANCH_2           4           0           7
 REPORT POSE ANCH_2           5           0           3
 REPORT POSE ANCH_2           6           0           1
 REPORT POSE ANCH_2           7           0           9
 REPORT POSE ANCH_2           8           0          11
    8 poses will be postminimized for this ligand
Reporting postminimized pose   6 GlideScore =     -4.470
GlideScore(   -4.47)+Epik State Penalty(    0.07) =    -4.40 kcal/mol
DOCKING RESULTS FOR LIGAND        4 (Amb35818431)
Best XP pose:     1;  GlideScore =     -4.47 Emodel =    -36.60 E =    -35.00 Eint =     9.30
Calling OPLS3e atomtyping ...
Finished parameter assignment
 Number of rotatable bonds            9
 Using templates for ring conformations.
GLIDE WARNING: SKIPPING LIGAND: unrecognized atom type for atom 1.
SKIP LIG        5 (Amb35818428): INVALID ATOM(S), ETC.
Glide Extra Precision Mode active.
For Glide Extra Precision mode, will use maxref = 800
GLIDE WARNING: Ligand skipped, invalid atom(s), etc.
Calling OPLS3e atomtyping ...
Finished parameter assignment
 Number of rotatable bonds            9
 Using templates for ring conformations.
GLIDE WARNING: SKIPPING LIGAND: unrecognized atom type for atom 1.
SKIP LIG        6 (Amb35818428): INVALID ATOM(S), ETC.
Glide Extra Precision Mode active.
For Glide Extra Precision mode, will use maxref = 800
GLIDE WARNING: Ligand skipped, invalid atom(s), etc.
Calling OPLS3e atomtyping ...
Finished parameter assignment
 Number of rotatable bonds            7
 Using templates for ring conformations.
Glide Extra Precision Mode active.
For Glide Extra Precision mode, will use maxref = 800
 Use grow mode-p
  
 REPORT POSE ANCH_2           1           0           5
 REPORT POSE ANCH_2           2           0           9
 REPORT POSE ANCH_2           3           0          20
 REPORT POSE ANCH_2           4           0          19
 REPORT POSE ANCH_2           5           0          18
    5 poses will be postminimized for this ligand
Reporting postminimized pose   3 GlideScore =     -4.609
GlideScore(   -4.61)+Epik State Penalty(    0.00) =    -4.61 kcal/mol
DOCKING RESULTS FOR LIGAND        7 (Amb35817064)
Best XP pose:    20;  GlideScore =     -4.61 Emodel =    -30.21 E =    -30.84 Eint =     3.74
Calling OPLS3e atomtyping ...
Finished parameter assignment
 Number of rotatable bonds            7
 Using templates for ring conformations.
Glide Extra Precision Mode active.
For Glide Extra Precision mode, will use maxref = 800
 Use grow mode-p
  
 REPORT POSE ANCH_2           1           0           1
 REPORT POSE ANCH_2           2           0          15
    2 poses will be postminimized for this ligand
Reporting postminimized pose   2 GlideScore =     -4.492
GlideScore(   -4.49)+Epik State Penalty(    0.00) =    -4.49 kcal/mol
DOCKING RESULTS FOR LIGAND        8 (Amb35817064)
Best XP pose:    15;  GlideScore =     -4.49 Emodel =    -37.13 E =    -32.26 Eint =     0.00
Calling OPLS3e atomtyping ...
Finished parameter assignment
 Number of rotatable bonds            4
 Using templates for ring conformations.
Glide Extra Precision Mode active.
For Glide Extra Precision mode, will use maxref = 800
 Use grow mode-p
  
 REPORT POSE ANCH_2           1           0           3
 REPORT POSE ANCH_2           2           0          10
 REPORT POSE ANCH_2           3           0          12
 REPORT POSE ANCH_2           4           0           8
 REPORT POSE ANCH_2           5           0           6
 REPORT POSE ANCH_2           6           0           9
 REPORT POSE ANCH_2           7           0           4
 REPORT POSE ANCH_2           8           0           1
 REPORT POSE ANCH_2           9           0           5
 REPORT POSE ANCH_2          10           0           7
   10 poses will be postminimized for this ligand
Reporting postminimized pose   9 GlideScore =     -3.455
GlideScore(   -3.45)+Epik State Penalty(    0.00) =    -3.45 kcal/mol
DOCKING RESULTS FOR LIGAND        9 (Amb35816457)
Best XP pose:     5;  GlideScore =     -3.45 Emodel =    -28.88 E =    -27.45 Eint =     4.17
Calling OPLS3e atomtyping ...
Finished parameter assignment
 Number of rotatable bonds            5
 Using templates for ring conformations.
Glide Extra Precision Mode active.
For Glide Extra Precision mode, will use maxref = 800
 Use grow mode-p
  
 REPORT POSE ANCH_2           1           0           3
 REPORT POSE ANCH_2           2           0           8
 REPORT POSE ANCH_2           3           0          15
 REPORT POSE ANCH_2           4           0           4
 REPORT POSE ANCH_2           5           0           1
 REPORT POSE ANCH_2           6           0           2
    6 poses will be postminimized for this ligand
Reporting postminimized pose   2 GlideScore =     -2.788
GlideScore(   -2.79)+Epik State Penalty(    0.00) =    -2.79 kcal/mol
DOCKING RESULTS FOR LIGAND       10 (Amb35806378)
Best XP pose:     8;  GlideScore =     -2.79 Emodel =    -32.61 E =    -27.99 Eint =     0.00
Calling OPLS3e atomtyping ...
Finished parameter assignment
 Number of rotatable bonds            5
 Using templates for ring conformations.
Glide Extra Precision Mode active.
For Glide Extra Precision mode, will use maxref = 800
 Use grow mode-p
  
 REPORT POSE ANCH_2           1           0           2
 REPORT POSE ANCH_2           2           0           5
 REPORT POSE ANCH_2           3           0           3
 REPORT POSE ANCH_2           4           0           6
 REPORT POSE ANCH_2           5           0           1
 REPORT POSE ANCH_2           6           0           8
 REPORT POSE ANCH_2           7           0           4
 REPORT POSE ANCH_2           8           0           9
 REPORT POSE ANCH_2           9           0          11
    9 poses will be postminimized for this ligand
Reporting postminimized pose   3 GlideScore =     -4.691
GlideScore(   -4.69)+Epik State Penalty(    0.00) =    -4.69 kcal/mol
DOCKING RESULTS FOR LIGAND       11 (Amb35802672)
Best XP pose:     3;  GlideScore =     -4.69 Emodel =    -28.05 E =    -25.48 Eint =     6.67
  
 REPORT OF DOCKED POSES
  
 The ligand structures were written to the file
glide-dock_XP_extrahalf_3-0001_raw.maegz

Exiting Glide
Date: Thursday, September 02 2021, at 12:09:01 India Standard Time
CPU time (s): 693.1 user, 18.7 system, 731.3 real
Total elapsed time = 731 seconds (12 minutes, 11 seconds)
[running at reduced cpu priority]
######## end of glide-dock_XP_extrahalf_3-0001.log #########
######## begin of glide-dock_XP_extrahalf_3-0002.log #########
Glide version 88139 (mmshare version 51139)
Copyright (c) Schrodinger, LLC.
All Rights Reserved.

--------------------------------------------------------------------------------
JobId          : JovelVargheseJose718-0-6130718a
Name           : glide-dock_XP_extrahalf_3-0002
Program        : Glide
Host           : JovelVargheseJose718
Dir            : C:\Users\hp\AppData\Local\Schrodinger\tmp\glide-dock_XP_extrahalf_
HostEntry      : localhost
JobHost        : JovelVargheseJose718
JobDir         : C:\Users\hp\AppData\Local\Schrodinger\tmp\glide-dock_XP_extrahalf_.1
JobSchrodinger : C:\Program Files\Schrodinger2020-3
Commandline    : C:\Program Files\Schrodinger2020-3\glide.exe -RESTART -serial glide-dock_XP_extrahalf_3-0002.inp -HOST localhost
StartTime      : 2021-09-02-12:09:07
--------------------------------------------------------------------------------

[running at reduced cpu priority]
Offsetting ligand numbers by 11
 VdW radii of ligand atoms scaled by   0.800000000000000     
 Charge cutoff for polarity   0.150000000000000     
 After readscreen, (nx, ny, nz) = (          27 ,           27 ,           27 ).
  Receptor setup: (nsites, nx, ny, nz, bsize)=(         125 ,           27 , 
          27 ,           27 ,    1.00000000000000      ).
 Screening setup finished.
 DOCKMAIN: getting receptor.
  DOCKMAIN after grid: (nx, ny, nz) = (          72 ,           72 , 
          72 ).
 DOCKMAIN: Grid setup finished
Calling OPLS3e atomtyping ...
Finished parameter assignment

Reading torsion control file 'C:\Program Files\Schrodinger2020-3\glide-v8.8\bin\Windows-x64\..\..\data\torcontrol.txt':
  
  Using generalized torsion control 
  
 Number of rotatable bonds           10
 Using templates for ring conformations.
Glide Extra Precision Mode active.

GlideScore version XP5.0 will be used

  
 Buried polar penalty      0.000
 Coulomb vdW cutoff        0.000
 H bond cutoff             0.000
 Metal-ligand cutoff      10.000
Assigning GlideScore XP5.0 parameters
For Glide Extra Precision mode, will use maxref = 800
 Use grow mode-p
  
 REPORT POSE ANCH_2           1           0           2
 REPORT POSE ANCH_2           2           0           1
Full force-field refinement in receptor field for up to   10 poses
    2 poses will be postminimized for this ligand
Reporting postminimized pose   1 GlideScore =      1.058
GlideScore(    1.06)+Epik State Penalty(    0.00) =     1.06 kcal/mol
DOCKING RESULTS FOR LIGAND       12 (Amb35797982)
Best XP pose:     2;  GlideScore =      1.06 Emodel =    -26.43 E =    -28.04 Eint =     8.99
Calling OPLS3e atomtyping ...
Finished parameter assignment
 Number of rotatable bonds           10
 Using templates for ring conformations.
Glide Extra Precision Mode active.
For Glide Extra Precision mode, will use maxref = 800
 Use grow mode-p
  
 REPORT POSE ANCH_2           1           0           1
 REPORT POSE ANCH_2           2           0           6
 REPORT POSE ANCH_2           3           0           9
 REPORT POSE ANCH_2           4           0           2
 REPORT POSE ANCH_2           5           0          10
 REPORT POSE ANCH_2           6           0           4
    6 poses will be postminimized for this ligand
Reporting postminimized pose   3 GlideScore =     -1.512
GlideScore(   -1.51)+Epik State Penalty(    0.00) =    -1.51 kcal/mol
DOCKING RESULTS FOR LIGAND       13 (Amb35796525)
Best XP pose:     9;  GlideScore =     -1.51 Emodel =    -29.67 E =    -25.76 Eint =     1.57
Calling OPLS3e atomtyping ...
Finished parameter assignment
 Number of rotatable bonds           10
 Using templates for ring conformations.
Glide Extra Precision Mode active.
For Glide Extra Precision mode, will use maxref = 800
 Use grow mode-p
  
 REPORT POSE ANCH_2           1           0           9
 REPORT POSE ANCH_2           2           0           4
 REPORT POSE ANCH_2           3           0          12
 REPORT POSE ANCH_2           4           0           1
 REPORT POSE ANCH_2           5           0          11
 REPORT POSE ANCH_2           6           0           3
 REPORT POSE ANCH_2           7           0           5
    7 poses will be postminimized for this ligand
Reporting postminimized pose   2 GlideScore =     -2.800
GlideScore(   -2.80)+Epik State Penalty(    0.00) =    -2.80 kcal/mol
DOCKING RESULTS FOR LIGAND       14 (Amb35796525)
Best XP pose:     4;  GlideScore =     -2.80 Emodel =    -33.42 E =    -30.66 Eint =     2.31
Calling OPLS3e atomtyping ...
Finished parameter assignment
 Number of rotatable bonds           10
 Using templates for ring conformations.
Glide Extra Precision Mode active.
For Glide Extra Precision mode, will use maxref = 800
 Use grow mode-p
  
 REPORT POSE ANCH_2           1           0           9
 REPORT POSE ANCH_2           2           0           3
 REPORT POSE ANCH_2           3           0          10
 REPORT POSE ANCH_2           4           0          17
 REPORT POSE ANCH_2           5           0          19
    5 poses will be postminimized for this ligand
Reporting postminimized pose   2 GlideScore =      1.344
GlideScore(    1.34)+Epik State Penalty(    0.00) =     1.34 kcal/mol
DOCKING RESULTS FOR LIGAND       15 (Amb35796525)
Best XP pose:     3;  GlideScore =      1.34 Emodel =    -31.85 E =    -27.42 Eint =     3.00
Calling OPLS3e atomtyping ...
Finished parameter assignment
 Number of rotatable bonds           10
 Using templates for ring conformations.
 Too many confs in count          61          60
Glide Extra Precision Mode active.
For Glide Extra Precision mode, will use maxref = 800
 Use grow mode-p
  
 REPORT POSE ANCH_2           1           0           1
 REPORT POSE ANCH_2           2           0           2
 REPORT POSE ANCH_2           3           0           3
 REPORT POSE ANCH_2           4           0           9
 REPORT POSE ANCH_2           5           0          12
 REPORT POSE ANCH_2           6           0          13
    6 poses will be postminimized for this ligand
Reporting postminimized pose   4 GlideScore =      2.263
GlideScore(    2.26)+Epik State Penalty(    0.00) =     2.26 kcal/mol
DOCKING RESULTS FOR LIGAND       16 (Amb35796525)
Best XP pose:     9;  GlideScore =      2.26 Emodel =    -27.45 E =    -28.50 Eint =    11.11
Calling OPLS3e atomtyping ...
Finished parameter assignment
 Number of rotatable bonds           12
 Using templates for ring conformations.
Glide Extra Precision Mode active.
For Glide Extra Precision mode, will use maxref = 800
 Use grow mode-p
  
 REPORT POSE ANCH_2           1           0           8
 REPORT POSE ANCH_2           2           0           2
 REPORT POSE ANCH_2           3           0           5
 REPORT POSE ANCH_2           4           0           1
 REPORT POSE ANCH_2           5           0           6
 REPORT POSE ANCH_2           6           0           3
 REPORT POSE ANCH_2           7           0           7
    7 poses will be postminimized for this ligand
Reporting postminimized pose   1 GlideScore =     -4.732
GlideScore(   -4.73)+Epik State Penalty(    1.29) =    -3.44 kcal/mol
DOCKING RESULTS FOR LIGAND       17 (Amb35795447)
Best XP pose:     8;  GlideScore =     -4.73 Emodel =    -34.76 E =    -34.71 Eint =     9.93
Calling OPLS3e atomtyping ...
Finished parameter assignment
 Number of rotatable bonds           11
 Using templates for ring conformations.
Glide Extra Precision Mode active.
For Glide Extra Precision mode, will use maxref = 800
 Use grow mode-p
  
 REPORT POSE ANCH_2           1           0           3
 REPORT POSE ANCH_2           2           0           1
 REPORT POSE ANCH_2           3           0           6
 REPORT POSE ANCH_2           4           0           5
 REPORT POSE ANCH_2           5           0           7
 REPORT POSE ANCH_2           6           0           2
 REPORT POSE ANCH_2           7           0          11
 REPORT POSE ANCH_2           8           0          10
 REPORT POSE ANCH_2           9           0           4
    9 poses will be postminimized for this ligand
Reporting postminimized pose   4 GlideScore =     -3.881
GlideScore(   -3.88)+Epik State Penalty(    0.07) =    -3.81 kcal/mol
DOCKING RESULTS FOR LIGAND       18 (Amb35795447)
Best XP pose:     5;  GlideScore =     -3.88 Emodel =    -34.75 E =    -31.43 Eint =    11.36
Calling OPLS3e atomtyping ...
Finished parameter assignment
 Number of rotatable bonds            8
 Using templates for ring conformations.
Glide Extra Precision Mode active.
For Glide Extra Precision mode, will use maxref = 800
 Use grow mode-p
  
 REPORT POSE ANCH_2           1           0           2
 REPORT POSE ANCH_2           2           0           4
 REPORT POSE ANCH_2           3           0          19
 REPORT POSE ANCH_2           4           0          11
 REPORT POSE ANCH_2           5           0           6
 REPORT POSE ANCH_2           6           0          12
 REPORT POSE ANCH_2           7           0          16
 REPORT POSE ANCH_2           8           0           3
 REPORT POSE ANCH_2           9           0          18
    9 poses will be postminimized for this ligand
Reporting postminimized pose   7 GlideScore =     -5.246
GlideScore(   -5.25)+Epik State Penalty(    1.15) =    -4.10 kcal/mol
DOCKING RESULTS FOR LIGAND       19 (Amb35795440)
Best XP pose:    16;  GlideScore =     -5.25 Emodel =    -34.91 E =    -31.74 Eint =     5.63
Calling OPLS3e atomtyping ...
Finished parameter assignment
 Number of rotatable bonds            7
 Using templates for ring conformations.
Glide Extra Precision Mode active.
For Glide Extra Precision mode, will use maxref = 800
 Use grow mode-p
  
 REPORT POSE ANCH_2           1           0          13
 REPORT POSE ANCH_2           2           0           9
 REPORT POSE ANCH_2           3           0          17
 REPORT POSE ANCH_2           4           0           4
 REPORT POSE ANCH_2           5           0           7
 REPORT POSE ANCH_2           6           0           3
 REPORT POSE ANCH_2           7           0           8
 REPORT POSE ANCH_2           8           0           2
 REPORT POSE ANCH_2           9           0          10
 REPORT POSE ANCH_2          10           0           1
   10 poses will be postminimized for this ligand
Reporting postminimized pose   2 GlideScore =     -4.682
GlideScore(   -4.68)+Epik State Penalty(    0.09) =    -4.59 kcal/mol
DOCKING RESULTS FOR LIGAND       20 (Amb35795440)
Best XP pose:     9;  GlideScore =     -4.68 Emodel =    -32.80 E =    -30.61 Eint =     7.09
Calling OPLS3e atomtyping ...
Finished parameter assignment
 Number of rotatable bonds            6
 Using templates for ring conformations.
Glide Extra Precision Mode active.
For Glide Extra Precision mode, will use maxref = 800
 Use grow mode-p
  
 REPORT POSE ANCH_2           1           0           7
 REPORT POSE ANCH_2           2           0          20
    2 poses will be postminimized for this ligand
Reporting postminimized pose   1 GlideScore =     -4.647
GlideScore(   -4.65)+Epik State Penalty(    0.00) =    -4.65 kcal/mol
DOCKING RESULTS FOR LIGAND       21 (Amb35791974)
Best XP pose:     7;  GlideScore =     -4.65 Emodel =    -34.99 E =    -29.78 Eint =     2.46
  
 REPORT OF DOCKED POSES
  
 The ligand structures were written to the file
glide-dock_XP_extrahalf_3-0002_raw.maegz

Exiting Glide
Date: Thursday, September 02 2021, at 12:35:39 India Standard Time
CPU time (s): 1430.6 user, 64.2 system, 1588.4 real
Total elapsed time = 1588 seconds (26 minutes, 28 seconds)
[running at reduced cpu priority]
######## end of glide-dock_XP_extrahalf_3-0002.log #########
