######## begin of glide-dock_XP_5-0001.log #########
Glide version 88139 (mmshare version 51139)
Copyright (c) Schrodinger, LLC.
All Rights Reserved.

--------------------------------------------------------------------------------
JobId          : JovelVargheseJose718-0-6139e274
Name           : glide-dock_XP_5-0001
Program        : Glide
Host           : JovelVargheseJose718
Dir            : C:\Users\hp\AppData\Local\Schrodinger\tmp\glide-dock_XP_5
HostEntry      : localhost
JobHost        : JovelVargheseJose718
JobDir         : C:\Users\hp\AppData\Local\Schrodinger\tmp\glide-dock_XP_5-0001
JobSchrodinger : C:\Program Files\Schrodinger2020-3
Commandline    : C:\Program Files\Schrodinger2020-3\glide.exe -RESTART -serial glide-dock_XP_5-0001.inp -HOST localhost
StartTime      : 2021-09-09-16:01:17
--------------------------------------------------------------------------------

[running at reduced cpu priority]
 VdW radii of ligand atoms scaled by   0.800000000000000     
 Charge cutoff for polarity   0.150000000000000     
 After readscreen, (nx, ny, nz) = (          27 ,           27 ,           27 ).
  Receptor setup: (nsites, nx, ny, nz, bsize)=(         125 ,           27 , 
          27 ,           27 ,    1.00000000000000      ).
 Screening setup finished.
 DOCKMAIN: getting receptor.
  DOCKMAIN after grid: (nx, ny, nz) = (          72 ,           72 , 
          72 ).
 DOCKMAIN: Grid setup finished
Calling OPLS3e atomtyping ...
Finished parameter assignment

Reading torsion control file 'C:\Program Files\Schrodinger2020-3\glide-v8.8\bin\Windows-x64\..\..\data\torcontrol.txt':
  
  Using generalized torsion control 
  
 Number of rotatable bonds           16
 Using templates for ring conformations.
Glide Extra Precision Mode active.

GlideScore version XP5.0 will be used

  
 Buried polar penalty      0.000
 Coulomb vdW cutoff        0.000
 H bond cutoff             0.000
 Metal-ligand cutoff      10.000
Assigning GlideScore XP5.0 parameters
For Glide Extra Precision mode, will use maxref = 800
 Use grow mode-t
  
 REPORT POSE ANCH_2           1           0          27
 REPORT POSE ANCH_2           2           0           7
 REPORT POSE ANCH_2           3           0           5
 REPORT POSE ANCH_2           4           0          40
 REPORT POSE ANCH_2           5           0          35
 REPORT POSE ANCH_2           6           0          39
 REPORT POSE ANCH_2           7           0          32
 REPORT POSE ANCH_2           8           0          20
 REPORT POSE ANCH_2           9           0          41
 REPORT POSE ANCH_2          10           0          42
Full force-field refinement in receptor field for up to   10 poses
   10 poses will be postminimized for this ligand
Reporting postminimized pose   3 GlideScore =     -5.010
GlideScore(   -5.01)+Epik State Penalty(    0.00) =    -5.01 kcal/mol
DOCKING RESULTS FOR LIGAND        1 (Amb17615144)
Best XP pose:     5;  GlideScore =     -5.01 Emodel =    -51.94 E =    -43.31 Eint =     8.04
Calling OPLS3e atomtyping ...
Finished parameter assignment
 Number of rotatable bonds           16
 Using templates for ring conformations.
Glide Extra Precision Mode active.
For Glide Extra Precision mode, will use maxref = 800
 Use grow mode-t
  
 REPORT POSE ANCH_2           1           0           3
 REPORT POSE ANCH_2           2           0          12
 REPORT POSE ANCH_2           3           0          27
 REPORT POSE ANCH_2           4           0          25
 REPORT POSE ANCH_2           5           0          31
 REPORT POSE ANCH_2           6           0          32
    6 poses will be postminimized for this ligand
Reporting postminimized pose   1 GlideScore =     -4.954
GlideScore(   -4.95)+Epik State Penalty(    0.00) =    -4.95 kcal/mol
DOCKING RESULTS FOR LIGAND        2 (Amb17615143)
Best XP pose:     3;  GlideScore =     -4.95 Emodel =    -52.91 E =    -44.65 Eint =    12.90
Calling OPLS3e atomtyping ...
Finished parameter assignment
 Number of rotatable bonds           22
 Using templates for ring conformations.
Glide Extra Precision Mode active.
For Glide Extra Precision mode, will use maxref = 800
 Use grow mode-t
  
 REPORT POSE ANCH_2           1           0          33
 REPORT POSE ANCH_2           2           0          35
 REPORT POSE ANCH_2           3           0          14
 REPORT POSE ANCH_2           4           0          25
 REPORT POSE ANCH_2           5           0          26
 REPORT POSE ANCH_2           6           0          21
 REPORT POSE ANCH_2           7           0          10
 REPORT POSE ANCH_2           8           0          32
 REPORT POSE ANCH_2           9           0          23
 REPORT POSE ANCH_2          10           0          30
   10 poses will be postminimized for this ligand
Reporting original pose   9 GlideScore =     -5.648
GlideScore(   -5.65)+Epik State Penalty(    0.00) =    -5.65 kcal/mol
DOCKING RESULTS FOR LIGAND        3 (Amb17615142)
Best XP pose:    23;  GlideScore =     -5.65 Emodel =    -58.36 E =    -42.76 Eint =     5.31
GLIDE WARNING: The above ligand had one or more atoms outside the grid box during energy evaluation or minimization.
451 out of 29273223 energy evaluations were affected.
  
 REPORT OF DOCKED POSES
  
 The ligand structures were written to the file
glide-dock_XP_5-0001_raw.maegz

Exiting Glide
Date: Thursday, September 09 2021, at 16:36:56 India Standard Time
CPU time (s): 1389.4 user, 75.3 system, 2135.3 real
Total elapsed time = 2135 seconds (35 minutes, 35 seconds)
[running at reduced cpu priority]
######## end of glide-dock_XP_5-0001.log #########
######## begin of glide-dock_XP_5-0002.log #########
Glide version 88139 (mmshare version 51139)
Copyright (c) Schrodinger, LLC.
All Rights Reserved.

--------------------------------------------------------------------------------
JobId          : JovelVargheseJose718-0-6139ead6
Name           : glide-dock_XP_5-0002
Program        : Glide
Host           : JovelVargheseJose718
Dir            : C:\Users\hp\AppData\Local\Schrodinger\tmp\glide-dock_XP_5
HostEntry      : localhost
JobHost        : JovelVargheseJose718
JobDir         : C:\Users\hp\AppData\Local\Schrodinger\tmp\glide-dock_XP_5-0002
JobSchrodinger : C:\Program Files\Schrodinger2020-3
Commandline    : C:\Program Files\Schrodinger2020-3\glide.exe -RESTART -serial glide-dock_XP_5-0002.inp -HOST localhost
StartTime      : 2021-09-09-16:37:03
--------------------------------------------------------------------------------

[running at reduced cpu priority]
Offsetting ligand numbers by 3
 VdW radii of ligand atoms scaled by   0.800000000000000     
 Charge cutoff for polarity   0.150000000000000     
 After readscreen, (nx, ny, nz) = (          27 ,           27 ,           27 ).
  Receptor setup: (nsites, nx, ny, nz, bsize)=(         125 ,           27 , 
          27 ,           27 ,    1.00000000000000      ).
 Screening setup finished.
 DOCKMAIN: getting receptor.
  DOCKMAIN after grid: (nx, ny, nz) = (          72 ,           72 , 
          72 ).
 DOCKMAIN: Grid setup finished
Calling OPLS3e atomtyping ...
Finished parameter assignment

Reading torsion control file 'C:\Program Files\Schrodinger2020-3\glide-v8.8\bin\Windows-x64\..\..\data\torcontrol.txt':
  
  Using generalized torsion control 
  
 Number of rotatable bonds           22
 Using templates for ring conformations.
Glide Extra Precision Mode active.

GlideScore version XP5.0 will be used

  
 Buried polar penalty      0.000
 Coulomb vdW cutoff        0.000
 H bond cutoff             0.000
 Metal-ligand cutoff      10.000
Assigning GlideScore XP5.0 parameters
For Glide Extra Precision mode, will use maxref = 800
 Use grow mode-t
  
 REPORT POSE ANCH_2           1           0          17
 REPORT POSE ANCH_2           2           0          21
 REPORT POSE ANCH_2           3           0           9
 REPORT POSE ANCH_2           4           0          23
 REPORT POSE ANCH_2           5           0          42
 REPORT POSE ANCH_2           6           0          27
 REPORT POSE ANCH_2           7           0          41
 REPORT POSE ANCH_2           8           0          32
 REPORT POSE ANCH_2           9           0          44
 REPORT POSE ANCH_2          10           0          34
Full force-field refinement in receptor field for up to   10 poses
   10 poses will be postminimized for this ligand
Reporting postminimized pose   9 GlideScore =     -3.483
GlideScore(   -3.48)+Epik State Penalty(    0.00) =    -3.48 kcal/mol
DOCKING RESULTS FOR LIGAND        4 (Amb17615141)
Best XP pose:    44;  GlideScore =     -3.48 Emodel =    -49.60 E =    -43.90 Eint =    13.81
GLIDE WARNING: The above ligand had one or more atoms outside the grid box during energy evaluation or minimization.
78 out of 28334810 energy evaluations were affected.
Calling OPLS3e atomtyping ...
Finished parameter assignment
 Number of rotatable bonds           14
 Using templates for ring conformations.
Glide Extra Precision Mode active.
For Glide Extra Precision mode, will use maxref = 800
 Use grow mode-t
  
 REPORT POSE ANCH_2           1           0          27
 REPORT POSE ANCH_2           2           0          22
 REPORT POSE ANCH_2           3           0          32
 REPORT POSE ANCH_2           4           0          29
 REPORT POSE ANCH_2           5           0          23
 REPORT POSE ANCH_2           6           0           3
 REPORT POSE ANCH_2           7           0           5
 REPORT POSE ANCH_2           8           0           9
 REPORT POSE ANCH_2           9           0          39
 REPORT POSE ANCH_2          10           0          10
   10 poses will be postminimized for this ligand
Reporting postminimized pose   2 GlideScore =     -3.913
GlideScore(   -3.91)+Epik State Penalty(    0.00) =    -3.91 kcal/mol
DOCKING RESULTS FOR LIGAND        5 (Amb17614452)
Best XP pose:    22;  GlideScore =     -3.91 Emodel =    -51.24 E =    -43.95 Eint =     8.76
GLIDE WARNING: The above ligand had one or more atoms outside the grid box during energy evaluation or minimization.
1 out of 29627627 energy evaluations were affected.
  
 REPORT OF DOCKED POSES
  
 The ligand structures were written to the file
glide-dock_XP_5-0002_raw.maegz

Exiting Glide
Date: Thursday, September 09 2021, at 17:07:33 India Standard Time
CPU time (s): 936.2 user, 53.1 system, 1827.9 real
Total elapsed time = 1828 seconds (30 minutes, 28 seconds)
[running at reduced cpu priority]
######## end of glide-dock_XP_5-0002.log #########
