--------------------------------------------------------------------------------
JobId          : JovelVargheseJose718-0-613843dd
Name           : ligprep_1
Program        : LigPrep
Host           : JovelVargheseJose718
Dir            : C:\Users\hp\Desktop\Hackbio\docking\6gh8_acetylcysteine and similar compounds\ligprep_1
HostEntry      : localhost
JobHost        : JovelVargheseJose718
JobDir         : C:\Users\hp\AppData\Local\Schrodinger\tmp\ligprep_1
JobSchrodinger : C:\Program Files\Schrodinger2020-3
Commandline    : C:\Program Files\Schrodinger2020-3\ligprep.exe -inp ligprep_1.inp -HOST localhost:1 -NJOBS 1 -PROJ C:\Users\hp\AppData\Local\Schrodinger\tmp\Tmp_08Sep2021_1023_24283 -DISP append -VIEWNAME ligprep_gui.LigPrepPanel -TMPLAUNCHDIR
StartTime      : 2021-09-08-10:32:22
--------------------------------------------------------------------------------
LigPrep (version 55139). Copyright Schrodinger, LLC. All rights reserved.

LigPrep command:
$SCHRODINGER/ligprep -bff 16 -epik -s 1 -imae ligprep_1.maegz -omae ligprep_1-out.maegz

Processing steps:
$DO.sdstereoexpander -add_hydrogens -max_output 1 -max_generated 32 <infile.mae> <outfile.mae>
$DO.htreat -t All-None -a all -s -l 200 <infile.mae> <outfile.mae>
$DO.desalter <infile.mae> <outfile.mae>
$DO.neutralizer -m 200 <infile.mae> <outfile.mae>
$DO.epik.py -ph 7.0 -tn 8 -ma 200 -imae <infile.mae> -omae <outfile.mae>
$DO.guard <infile.mae> <outfile.mae>
$DO.stereoizer -label_specified_chiralities -n 1 <infile.mae> <outfile.mae>
$DO.cgx -optimize -ffld 16 -epsilon 10.0 <infile.mae> <outfile.mae>
$DO.filterstereo -max_stereo 1 <infile.mae> <outfile.mae>

DO=$SCHRODINGER\run python3 -m schrodinger.application.macromodel.packages.ligprep3

# counts of output and dropped structures after processing steps
# index  sdstex  htreat  desalt  neutra   epik    guard  stereo    cgx   filter  title
       1   1/0     1/0     1/0     1/0     1/0     1/0     1/0     1/0     1/0   '12035'

# of processed structures in "ligprep_1-out.maegz" : 1
# of dropped structures in "ligprep_1-dropped.maegz" : 0

backend run time: 0 hours 0 minutes 6.031 seconds
