######## begin of glide-dock_XP_38139559-0001.log #########
Glide version 88139 (mmshare version 51139)
Copyright (c) Schrodinger, LLC.
All Rights Reserved.

--------------------------------------------------------------------------------
JobId          : JovelVargheseJose718-0-613130ea
Name           : glide-dock_XP_38139559-0001
Program        : Glide
Host           : JovelVargheseJose718
Dir            : C:\Users\hp\AppData\Local\Schrodinger\tmp\glide-dock_XP_38139559
HostEntry      : localhost
JobHost        : JovelVargheseJose718
JobDir         : C:\Users\hp\AppData\Local\Schrodinger\tmp\glide-dock_XP_38139559-0
JobSchrodinger : C:\Program Files\Schrodinger2020-3
Commandline    : C:\Program Files\Schrodinger2020-3\glide.exe -RESTART -serial glide-dock_XP_38139559-0001.inp -HOST localhost
StartTime      : 2021-09-03-01:45:39
--------------------------------------------------------------------------------

[running at reduced cpu priority]
 VdW radii of ligand atoms scaled by   0.800000000000000     
 Charge cutoff for polarity   0.150000000000000     
 After readscreen, (nx, ny, nz) = (          27 ,           27 ,           27 ).
  Receptor setup: (nsites, nx, ny, nz, bsize)=(         125 ,           27 , 
          27 ,           27 ,    1.00000000000000      ).
 Screening setup finished.
 DOCKMAIN: getting receptor.
  DOCKMAIN after grid: (nx, ny, nz) = (          72 ,           72 , 
          72 ).
 DOCKMAIN: Grid setup finished
Calling OPLS3e atomtyping ...
Finished parameter assignment

Reading torsion control file 'C:\Program Files\Schrodinger2020-3\glide-v8.8\bin\Windows-x64\..\..\data\torcontrol.txt':
  
  Using generalized torsion control 
  
 Number of rotatable bonds            6
 Using templates for ring conformations.
Glide Extra Precision Mode active.

GlideScore version XP5.0 will be used

  
 Buried polar penalty      0.000
 Coulomb vdW cutoff        0.000
 H bond cutoff             0.000
 Metal-ligand cutoff      10.000
Assigning GlideScore XP5.0 parameters
For Glide Extra Precision mode, will use maxref = 800
 Use grow mode-p
  
 REPORT POSE ANCH_2           1           0           2
 REPORT POSE ANCH_2           2           0           7
 REPORT POSE ANCH_2           3           0          16
Full force-field refinement in receptor field for up to   10 poses
    3 poses will be postminimized for this ligand
Reporting postminimized pose   1 GlideScore =     -4.019
GlideScore(   -4.02)+Epik State Penalty(    0.00) =    -4.02 kcal/mol
DOCKING RESULTS FOR LIGAND        1 (Amb38139559)
Best XP pose:     2;  GlideScore =     -4.02 Emodel =    -37.09 E =    -30.67 Eint =     3.43
Calling OPLS3e atomtyping ...
Finished parameter assignment
 Number of rotatable bonds            6
 Using templates for ring conformations.
Glide Extra Precision Mode active.
For Glide Extra Precision mode, will use maxref = 800
 Use grow mode-p
  
 REPORT POSE ANCH_2           1           0           3
 REPORT POSE ANCH_2           2           0          10
 REPORT POSE ANCH_2           3           0           6
 REPORT POSE ANCH_2           4           0           1
    4 poses will be postminimized for this ligand
Reporting postminimized pose   4 GlideScore =     -3.542
GlideScore(   -3.54)+Epik State Penalty(    0.00) =    -3.54 kcal/mol
DOCKING RESULTS FOR LIGAND        2 (Amb38139559)
Best XP pose:     1;  GlideScore =     -3.54 Emodel =    -35.79 E =    -30.62 Eint =     4.59
Calling OPLS3e atomtyping ...
Finished parameter assignment
 Number of rotatable bonds            6
 Using templates for ring conformations.
Glide Extra Precision Mode active.
For Glide Extra Precision mode, will use maxref = 800
 Use grow mode-p
  
 REPORT POSE ANCH_2           1           0           7
 REPORT POSE ANCH_2           2           0           4
 REPORT POSE ANCH_2           3           0          12
 REPORT POSE ANCH_2           4           0           3
 REPORT POSE ANCH_2           5           0          16
 REPORT POSE ANCH_2           6           0           1
 REPORT POSE ANCH_2           7           0          11
 REPORT POSE ANCH_2           8           0          18
 REPORT POSE ANCH_2           9           0          17
    9 poses will be postminimized for this ligand
Reporting postminimized pose   2 GlideScore =     -3.944
GlideScore(   -3.94)+Epik State Penalty(    0.00) =    -3.94 kcal/mol
DOCKING RESULTS FOR LIGAND        3 (Amb38139559)
Best XP pose:     4;  GlideScore =     -3.94 Emodel =    -30.33 E =    -31.74 Eint =     3.68
Calling OPLS3e atomtyping ...
Finished parameter assignment
 Number of rotatable bonds            6
 Using templates for ring conformations.
Glide Extra Precision Mode active.
For Glide Extra Precision mode, will use maxref = 800
 Use grow mode-p
  
 REPORT POSE ANCH_2           1           0           2
 REPORT POSE ANCH_2           2           0          13
 REPORT POSE ANCH_2           3           0          17
 REPORT POSE ANCH_2           4           0          16
    4 poses will be postminimized for this ligand
Reporting postminimized pose   1 GlideScore =     -3.737
GlideScore(   -3.74)+Epik State Penalty(    0.00) =    -3.74 kcal/mol
DOCKING RESULTS FOR LIGAND        4 (Amb38139559)
Best XP pose:     2;  GlideScore =     -3.74 Emodel =    -36.41 E =    -28.97 Eint =     4.80
Calling OPLS3e atomtyping ...
Finished parameter assignment
 Number of rotatable bonds            6
 Using templates for ring conformations.
Glide Extra Precision Mode active.
For Glide Extra Precision mode, will use maxref = 800
 Use grow mode-p
  
 REPORT POSE ANCH_2           1           0           2
 REPORT POSE ANCH_2           2           0           5
 REPORT POSE ANCH_2           3           0           3
    3 poses will be postminimized for this ligand
Reporting original pose   1 GlideScore =     -4.746
GlideScore(   -4.75)+Epik State Penalty(    0.00) =    -4.75 kcal/mol
DOCKING RESULTS FOR LIGAND        5 (Amb38139559)
Best XP pose:     2;  GlideScore =     -4.75 Emodel =    -34.37 E =    -29.19 Eint =     9.16
Calling OPLS3e atomtyping ...
Finished parameter assignment
 Number of rotatable bonds            6
 Using templates for ring conformations.
Glide Extra Precision Mode active.
For Glide Extra Precision mode, will use maxref = 800
 Use grow mode-p
  
 REPORT POSE ANCH_2           1           0           2
 REPORT POSE ANCH_2           2           0          15
 REPORT POSE ANCH_2           3           0           5
 REPORT POSE ANCH_2           4           0           8
 REPORT POSE ANCH_2           5           0          16
 REPORT POSE ANCH_2           6           0           1
 REPORT POSE ANCH_2           7           0          13
 REPORT POSE ANCH_2           8           0          12
 REPORT POSE ANCH_2           9           0          10
 REPORT POSE ANCH_2          10           0           4
   10 poses will be postminimized for this ligand
Reporting postminimized pose   9 GlideScore =     -4.240
GlideScore(   -4.24)+Epik State Penalty(    0.00) =    -4.24 kcal/mol
DOCKING RESULTS FOR LIGAND        6 (Amb38139559)
Best XP pose:    10;  GlideScore =     -4.24 Emodel =    -32.58 E =    -30.35 Eint =     2.11
Calling OPLS3e atomtyping ...
Finished parameter assignment
 Number of rotatable bonds            6
 Using templates for ring conformations.
Glide Extra Precision Mode active.
For Glide Extra Precision mode, will use maxref = 800
 Use grow mode-p
  
 REPORT POSE ANCH_2           1           0           6
 REPORT POSE ANCH_2           2           0           8
 REPORT POSE ANCH_2           3           0          14
 REPORT POSE ANCH_2           4           0          10
 REPORT POSE ANCH_2           5           0           3
 REPORT POSE ANCH_2           6           0          13
 REPORT POSE ANCH_2           7           0          11
 REPORT POSE ANCH_2           8           0          12
 REPORT POSE ANCH_2           9           0          15
    9 poses will be postminimized for this ligand
Reporting postminimized pose   6 GlideScore =     -3.958
GlideScore(   -3.96)+Epik State Penalty(    0.00) =    -3.96 kcal/mol
DOCKING RESULTS FOR LIGAND        7 (Amb38139559)
Best XP pose:    13;  GlideScore =     -3.96 Emodel =    -33.89 E =    -31.51 Eint =     3.75
Calling OPLS3e atomtyping ...
Finished parameter assignment
 Number of rotatable bonds            6
 Using templates for ring conformations.
Glide Extra Precision Mode active.
For Glide Extra Precision mode, will use maxref = 800
 Use grow mode-p
  
 REPORT POSE ANCH_2           1           0          13
 REPORT POSE ANCH_2           2           0          18
 REPORT POSE ANCH_2           3           0           3
 REPORT POSE ANCH_2           4           0           9
 REPORT POSE ANCH_2           5           0          12
 REPORT POSE ANCH_2           6           0           7
 REPORT POSE ANCH_2           7           0          16
 REPORT POSE ANCH_2           8           0          19
 REPORT POSE ANCH_2           9           0           4
 REPORT POSE ANCH_2          10           0           2
   10 poses will be postminimized for this ligand
Reporting postminimized pose  10 GlideScore =     -4.021
GlideScore(   -4.02)+Epik State Penalty(    0.00) =    -4.02 kcal/mol
DOCKING RESULTS FOR LIGAND        8 (Amb38139559)
Best XP pose:     2;  GlideScore =     -4.02 Emodel =    -32.92 E =    -24.25 Eint =     2.68
  
 REPORT OF DOCKED POSES
  
 The ligand structures were written to the file
glide-dock_XP_38139559-0001_raw.maegz

Exiting Glide
Date: Friday, September 03 2021, at 01:54:39 India Standard Time
CPU time (s): 513.1 user, 3.3 system, 537.5 real
Total elapsed time = 537 seconds (8 minutes, 57 seconds)
[running at reduced cpu priority]
######## end of glide-dock_XP_38139559-0001.log #########
######## begin of glide-dock_XP_38139559-0002.log #########
Glide version 88139 (mmshare version 51139)
Copyright (c) Schrodinger, LLC.
All Rights Reserved.

--------------------------------------------------------------------------------
JobId          : JovelVargheseJose718-0-6131330b
Name           : glide-dock_XP_38139559-0002
Program        : Glide
Host           : JovelVargheseJose718
Dir            : C:\Users\hp\AppData\Local\Schrodinger\tmp\glide-dock_XP_38139559
HostEntry      : localhost
JobHost        : JovelVargheseJose718
JobDir         : C:\Users\hp\AppData\Local\Schrodinger\tmp\glide-dock_XP_38139559-0
JobSchrodinger : C:\Program Files\Schrodinger2020-3
Commandline    : C:\Program Files\Schrodinger2020-3\glide.exe -RESTART -serial glide-dock_XP_38139559-0002.inp -HOST localhost
StartTime      : 2021-09-03-01:54:44
--------------------------------------------------------------------------------

[running at reduced cpu priority]
Offsetting ligand numbers by 8
 VdW radii of ligand atoms scaled by   0.800000000000000     
 Charge cutoff for polarity   0.150000000000000     
 After readscreen, (nx, ny, nz) = (          27 ,           27 ,           27 ).
  Receptor setup: (nsites, nx, ny, nz, bsize)=(         125 ,           27 , 
          27 ,           27 ,    1.00000000000000      ).
 Screening setup finished.
 DOCKMAIN: getting receptor.
  DOCKMAIN after grid: (nx, ny, nz) = (          72 ,           72 , 
          72 ).
 DOCKMAIN: Grid setup finished
Calling OPLS3e atomtyping ...
Finished parameter assignment

Reading torsion control file 'C:\Program Files\Schrodinger2020-3\glide-v8.8\bin\Windows-x64\..\..\data\torcontrol.txt':
  
  Using generalized torsion control 
  
 Number of rotatable bonds            6
 Using templates for ring conformations.
Glide Extra Precision Mode active.

GlideScore version XP5.0 will be used

  
 Buried polar penalty      0.000
 Coulomb vdW cutoff        0.000
 H bond cutoff             0.000
 Metal-ligand cutoff      10.000
Assigning GlideScore XP5.0 parameters
For Glide Extra Precision mode, will use maxref = 800
 Use grow mode-p
  
 REPORT POSE ANCH_2           1           0           3
 REPORT POSE ANCH_2           2           0           7
 REPORT POSE ANCH_2           3           0          12
 REPORT POSE ANCH_2           4           0           4
 REPORT POSE ANCH_2           5           0          13
 REPORT POSE ANCH_2           6           0          11
 REPORT POSE ANCH_2           7           0          10
 REPORT POSE ANCH_2           8           0           2
Full force-field refinement in receptor field for up to   10 poses
    8 poses will be postminimized for this ligand
Reporting postminimized pose   8 GlideScore =     -4.406
GlideScore(   -4.41)+Epik State Penalty(    0.00) =    -4.41 kcal/mol
DOCKING RESULTS FOR LIGAND        9 (Amb38139559)
Best XP pose:     2;  GlideScore =     -4.41 Emodel =    -36.99 E =    -30.74 Eint =     7.73
Calling OPLS3e atomtyping ...
Finished parameter assignment
 Number of rotatable bonds            6
 Using templates for ring conformations.
Glide Extra Precision Mode active.
For Glide Extra Precision mode, will use maxref = 800
 Use grow mode-p
  
 REPORT POSE ANCH_2           1           0          13
 REPORT POSE ANCH_2           2           0          15
 REPORT POSE ANCH_2           3           0          17
 REPORT POSE ANCH_2           4           0          16
 REPORT POSE ANCH_2           5           0          18
    5 poses will be postminimized for this ligand
Reporting postminimized pose   2 GlideScore =     -4.181
GlideScore(   -4.18)+Epik State Penalty(    0.00) =    -4.18 kcal/mol
DOCKING RESULTS FOR LIGAND       10 (Amb38139559)
Best XP pose:    15;  GlideScore =     -4.18 Emodel =    -29.25 E =    -25.39 Eint =     2.34
Calling OPLS3e atomtyping ...
Finished parameter assignment
 Number of rotatable bonds            6
 Using templates for ring conformations.
Glide Extra Precision Mode active.
For Glide Extra Precision mode, will use maxref = 800
 Use grow mode-p
  
 REPORT POSE ANCH_2           1           0          12
 REPORT POSE ANCH_2           2           0           9
 REPORT POSE ANCH_2           3           0          14
 REPORT POSE ANCH_2           4           0          11
 REPORT POSE ANCH_2           5           0           6
 REPORT POSE ANCH_2           6           0           2
 REPORT POSE ANCH_2           7           0           8
 REPORT POSE ANCH_2           8           0          16
 REPORT POSE ANCH_2           9           0          15
 REPORT POSE ANCH_2          10           0           3
   10 poses will be postminimized for this ligand
Reporting postminimized pose   1 GlideScore =     -4.416
GlideScore(   -4.42)+Epik State Penalty(    0.00) =    -4.42 kcal/mol
DOCKING RESULTS FOR LIGAND       11 (Amb38139559)
Best XP pose:    12;  GlideScore =     -4.42 Emodel =    -30.07 E =    -27.25 Eint =     4.02
Calling OPLS3e atomtyping ...
Finished parameter assignment
 Number of rotatable bonds            6
 Using templates for ring conformations.
Glide Extra Precision Mode active.
For Glide Extra Precision mode, will use maxref = 800
 Use grow mode-p
  
 REPORT POSE ANCH_2           1           0          14
 REPORT POSE ANCH_2           2           0           5
 REPORT POSE ANCH_2           3           0          15
    3 poses will be postminimized for this ligand
Reporting postminimized pose   2 GlideScore =     -4.043
GlideScore(   -4.04)+Epik State Penalty(    0.00) =    -4.04 kcal/mol
DOCKING RESULTS FOR LIGAND       12 (Amb38139559)
Best XP pose:     5;  GlideScore =     -4.04 Emodel =    -35.25 E =    -29.25 Eint =     3.50
Calling OPLS3e atomtyping ...
Finished parameter assignment
 Number of rotatable bonds            6
 Using templates for ring conformations.
Glide Extra Precision Mode active.
For Glide Extra Precision mode, will use maxref = 800
 Use grow mode-p
  
 REPORT POSE ANCH_2           1           0          10
 REPORT POSE ANCH_2           2           0          11
 REPORT POSE ANCH_2           3           0           4
 REPORT POSE ANCH_2           4           0          13
    4 poses will be postminimized for this ligand
Reporting postminimized pose   3 GlideScore =     -4.303
GlideScore(   -4.30)+Epik State Penalty(    0.00) =    -4.30 kcal/mol
DOCKING RESULTS FOR LIGAND       13 (Amb38139559)
Best XP pose:     4;  GlideScore =     -4.30 Emodel =    -24.99 E =    -22.97 Eint =     1.25
Calling OPLS3e atomtyping ...
Finished parameter assignment
 Number of rotatable bonds            6
 Using templates for ring conformations.
Glide Extra Precision Mode active.
For Glide Extra Precision mode, will use maxref = 800
 Use grow mode-p
  
 REPORT POSE ANCH_2           1           0           7
 REPORT POSE ANCH_2           2           0           3
 REPORT POSE ANCH_2           3           0           1
    3 poses will be postminimized for this ligand
Reporting postminimized pose   1 GlideScore =     -3.934
GlideScore(   -3.93)+Epik State Penalty(    0.00) =    -3.93 kcal/mol
DOCKING RESULTS FOR LIGAND       14 (Amb38139559)
Best XP pose:     7;  GlideScore =     -3.93 Emodel =    -34.13 E =    -27.71 Eint =     1.12
Calling OPLS3e atomtyping ...
Finished parameter assignment
 Number of rotatable bonds            6
 Using templates for ring conformations.
Glide Extra Precision Mode active.
For Glide Extra Precision mode, will use maxref = 800
 Use grow mode-p
  
 REPORT POSE ANCH_2           1           0          20
 REPORT POSE ANCH_2           2           0           1
 REPORT POSE ANCH_2           3           0          19
    3 poses will be postminimized for this ligand
Reporting postminimized pose   3 GlideScore =     -3.904
GlideScore(   -3.90)+Epik State Penalty(    0.00) =    -3.90 kcal/mol
DOCKING RESULTS FOR LIGAND       15 (Amb38139559)
Best XP pose:    19;  GlideScore =     -3.90 Emodel =    -33.31 E =    -30.16 Eint =     1.86
Calling OPLS3e atomtyping ...
Finished parameter assignment
 Number of rotatable bonds            6
 Using templates for ring conformations.
Glide Extra Precision Mode active.
For Glide Extra Precision mode, will use maxref = 800
 Use grow mode-p
  
 REPORT POSE ANCH_2           1           0           3
 REPORT POSE ANCH_2           2           0           2
 REPORT POSE ANCH_2           3           0          19
 REPORT POSE ANCH_2           4           0           1
    4 poses will be postminimized for this ligand
Reporting postminimized pose   2 GlideScore =     -4.272
GlideScore(   -4.27)+Epik State Penalty(    0.00) =    -4.27 kcal/mol
DOCKING RESULTS FOR LIGAND       16 (Amb38139559)
Best XP pose:     2;  GlideScore =     -4.27 Emodel =    -36.73 E =    -29.11 Eint =     4.43
  
 REPORT OF DOCKED POSES
  
 The ligand structures were written to the file
glide-dock_XP_38139559-0002_raw.maegz

Exiting Glide
Date: Friday, September 03 2021, at 02:03:24 India Standard Time
CPU time (s): 486.5 user, 3.9 system, 517.4 real
Total elapsed time = 517 seconds (8 minutes, 37 seconds)
[running at reduced cpu priority]
######## end of glide-dock_XP_38139559-0002.log #########
