######## begin of glide-dock_XP_17621280-0001.log #########
Glide version 88139 (mmshare version 51139)
Copyright (c) Schrodinger, LLC.
All Rights Reserved.

--------------------------------------------------------------------------------
JobId          : JovelVargheseJose718-0-612fb385
Name           : glide-dock_XP_17621280-0001
Program        : Glide
Host           : JovelVargheseJose718
Dir            : C:\Users\hp\AppData\Local\Schrodinger\tmp\glide-dock_XP_17621280
HostEntry      : localhost
JobHost        : JovelVargheseJose718
JobDir         : C:\Users\hp\AppData\Local\Schrodinger\tmp\glide-dock_XP_17621280-0
JobSchrodinger : C:\Program Files\Schrodinger2020-3
Commandline    : C:\Program Files\Schrodinger2020-3\glide.exe -RESTART -serial glide-dock_XP_17621280-0001.inp -HOST localhost
StartTime      : 2021-09-01-22:38:22
--------------------------------------------------------------------------------

[running at reduced cpu priority]
 VdW radii of ligand atoms scaled by   0.800000000000000     
 Charge cutoff for polarity   0.150000000000000     
 After readscreen, (nx, ny, nz) = (          27 ,           27 ,           27 ).
  Receptor setup: (nsites, nx, ny, nz, bsize)=(         125 ,           27 , 
          27 ,           27 ,    1.00000000000000      ).
 Screening setup finished.
 DOCKMAIN: getting receptor.
  DOCKMAIN after grid: (nx, ny, nz) = (          72 ,           72 , 
          72 ).
 DOCKMAIN: Grid setup finished
Calling OPLS3e atomtyping ...
Finished parameter assignment

Reading torsion control file 'C:\Program Files\Schrodinger2020-3\glide-v8.8\bin\Windows-x64\..\..\data\torcontrol.txt':
  
  Using generalized torsion control 
  
 Number of rotatable bonds            6
 Using templates for ring conformations.
Glide Extra Precision Mode active.

GlideScore version XP5.0 will be used

  
 Buried polar penalty      0.000
 Coulomb vdW cutoff        0.000
 H bond cutoff             0.000
 Metal-ligand cutoff      10.000
Assigning GlideScore XP5.0 parameters
For Glide Extra Precision mode, will use maxref = 800
 Use grow mode-p
  
 REPORT POSE ANCH_2           1           0           6
 REPORT POSE ANCH_2           2           0           3
 REPORT POSE ANCH_2           3           0          14
 REPORT POSE ANCH_2           4           0           7
 REPORT POSE ANCH_2           5           0          15
 REPORT POSE ANCH_2           6           0          12
 REPORT POSE ANCH_2           7           0          16
Full force-field refinement in receptor field for up to   10 poses
    7 poses will be postminimized for this ligand
Reporting postminimized pose   1 GlideScore =     -4.251
GlideScore(   -4.25)+Epik State Penalty(    2.61) =    -1.64 kcal/mol
DOCKING RESULTS FOR LIGAND        1 (Amb17621280)
Best XP pose:     6;  GlideScore =     -4.25 Emodel =    -34.67 E =    -29.32 Eint =     4.56
Calling OPLS3e atomtyping ...
Finished parameter assignment
 Number of rotatable bonds            6
 Using templates for ring conformations.
Glide Extra Precision Mode active.
For Glide Extra Precision mode, will use maxref = 800
 Use grow mode-p
  
 REPORT POSE ANCH_2           1           0           5
 REPORT POSE ANCH_2           2           0           3
 REPORT POSE ANCH_2           3           0          11
 REPORT POSE ANCH_2           4           0           1
 REPORT POSE ANCH_2           5           0           2
    5 poses will be postminimized for this ligand
Reporting postminimized pose   1 GlideScore =     -4.544
GlideScore(   -4.54)+Epik State Penalty(    2.61) =    -1.93 kcal/mol
DOCKING RESULTS FOR LIGAND        2 (Amb17621280)
Best XP pose:     5;  GlideScore =     -4.54 Emodel =    -33.08 E =    -27.69 Eint =     0.00
Calling OPLS3e atomtyping ...
Finished parameter assignment
 Number of rotatable bonds            6
 Using templates for ring conformations.
Glide Extra Precision Mode active.
For Glide Extra Precision mode, will use maxref = 800
 Use grow mode-p
  
 REPORT POSE ANCH_2           1           0          14
 REPORT POSE ANCH_2           2           0           1
 REPORT POSE ANCH_2           3           0           4
 REPORT POSE ANCH_2           4           0          10
 REPORT POSE ANCH_2           5           0          12
 REPORT POSE ANCH_2           6           0          13
 REPORT POSE ANCH_2           7           0           2
 REPORT POSE ANCH_2           8           0           5
 REPORT POSE ANCH_2           9           0           3
    9 poses will be postminimized for this ligand
Reporting original pose   7 GlideScore =     -4.360
GlideScore(   -4.36)+Epik State Penalty(    2.61) =    -1.75 kcal/mol
DOCKING RESULTS FOR LIGAND        3 (Amb17621280)
Best XP pose:     2;  GlideScore =     -4.36 Emodel =    -29.85 E =    -25.02 Eint =     6.42
Calling OPLS3e atomtyping ...
Finished parameter assignment
 Number of rotatable bonds            6
 Using templates for ring conformations.
Glide Extra Precision Mode active.
For Glide Extra Precision mode, will use maxref = 800
 Use grow mode-p
  
 REPORT POSE ANCH_2           1           0          12
 REPORT POSE ANCH_2           2           0           1
 REPORT POSE ANCH_2           3           0          14
 REPORT POSE ANCH_2           4           0           7
 REPORT POSE ANCH_2           5           0          13
 REPORT POSE ANCH_2           6           0           6
 REPORT POSE ANCH_2           7           0           4
    7 poses will be postminimized for this ligand
Reporting postminimized pose   5 GlideScore =     -4.069
GlideScore(   -4.07)+Epik State Penalty(    2.61) =    -1.46 kcal/mol
DOCKING RESULTS FOR LIGAND        4 (Amb17621280)
Best XP pose:    13;  GlideScore =     -4.07 Emodel =    -30.80 E =    -28.48 Eint =     5.59
  
 REPORT OF DOCKED POSES
  
 The ligand structures were written to the file
glide-dock_XP_17621280-0001_raw.maegz

Exiting Glide
Date: Wednesday, September 01 2021, at 22:41:23 India Standard Time
CPU time (s): 174.4 user, 1.1 system, 177.7 real
Total elapsed time = 178 seconds (2 minutes, 58 seconds)
[running at reduced cpu priority]
######## end of glide-dock_XP_17621280-0001.log #########
######## begin of glide-dock_XP_17621280-0002.log #########
Glide version 88139 (mmshare version 51139)
Copyright (c) Schrodinger, LLC.
All Rights Reserved.

--------------------------------------------------------------------------------
JobId          : JovelVargheseJose718-0-612fb440
Name           : glide-dock_XP_17621280-0002
Program        : Glide
Host           : JovelVargheseJose718
Dir            : C:\Users\hp\AppData\Local\Schrodinger\tmp\glide-dock_XP_17621280
HostEntry      : localhost
JobHost        : JovelVargheseJose718
JobDir         : C:\Users\hp\AppData\Local\Schrodinger\tmp\glide-dock_XP_17621280-0
JobSchrodinger : C:\Program Files\Schrodinger2020-3
Commandline    : C:\Program Files\Schrodinger2020-3\glide.exe -RESTART -serial glide-dock_XP_17621280-0002.inp -HOST localhost
StartTime      : 2021-09-01-22:41:29
--------------------------------------------------------------------------------

[running at reduced cpu priority]
Offsetting ligand numbers by 4
 VdW radii of ligand atoms scaled by   0.800000000000000     
 Charge cutoff for polarity   0.150000000000000     
 After readscreen, (nx, ny, nz) = (          27 ,           27 ,           27 ).
  Receptor setup: (nsites, nx, ny, nz, bsize)=(         125 ,           27 , 
          27 ,           27 ,    1.00000000000000      ).
 Screening setup finished.
 DOCKMAIN: getting receptor.
  DOCKMAIN after grid: (nx, ny, nz) = (          72 ,           72 , 
          72 ).
 DOCKMAIN: Grid setup finished
Calling OPLS3e atomtyping ...
Finished parameter assignment

Reading torsion control file 'C:\Program Files\Schrodinger2020-3\glide-v8.8\bin\Windows-x64\..\..\data\torcontrol.txt':
  
  Using generalized torsion control 
  
 Number of rotatable bonds            6
 Using templates for ring conformations.
Glide Extra Precision Mode active.

GlideScore version XP5.0 will be used

  
 Buried polar penalty      0.000
 Coulomb vdW cutoff        0.000
 H bond cutoff             0.000
 Metal-ligand cutoff      10.000
Assigning GlideScore XP5.0 parameters
For Glide Extra Precision mode, will use maxref = 800
 Use grow mode-p
  
 REPORT POSE ANCH_2           1           0           2
 REPORT POSE ANCH_2           2           0          14
 REPORT POSE ANCH_2           3           0          12
 REPORT POSE ANCH_2           4           0           4
 REPORT POSE ANCH_2           5           0          10
 REPORT POSE ANCH_2           6           0          11
 REPORT POSE ANCH_2           7           0           1
 REPORT POSE ANCH_2           8           0          13
Full force-field refinement in receptor field for up to   10 poses
    8 poses will be postminimized for this ligand
Reporting postminimized pose   1 GlideScore =     -5.192
GlideScore(   -5.19)+Epik State Penalty(    0.01) =    -5.18 kcal/mol
DOCKING RESULTS FOR LIGAND        5 (Amb17621280)
Best XP pose:     2;  GlideScore =     -5.19 Emodel =    -26.71 E =    -29.66 Eint =     3.28
Calling OPLS3e atomtyping ...
Finished parameter assignment
 Number of rotatable bonds            6
 Using templates for ring conformations.
Glide Extra Precision Mode active.
For Glide Extra Precision mode, will use maxref = 800
 Use grow mode-p
  
 REPORT POSE ANCH_2           1           0          16
 REPORT POSE ANCH_2           2           0           5
 REPORT POSE ANCH_2           3           0          14
 REPORT POSE ANCH_2           4           0           2
    4 poses will be postminimized for this ligand
Reporting postminimized pose   3 GlideScore =     -4.595
GlideScore(   -4.59)+Epik State Penalty(    0.01) =    -4.58 kcal/mol
DOCKING RESULTS FOR LIGAND        6 (Amb17621280)
Best XP pose:    14;  GlideScore =     -4.59 Emodel =    -33.53 E =    -32.58 Eint =     2.26
impmm_post_process_ligand(): input structure has 7346 atoms, maximum allowed is 1000.
GLIDE WARNING: Too many atoms or bonds for structure in: glide-dock_XP_17621280-0002_in.maegz
SKIP LIG        7 (sitemap_1_protein): STRUCTURE HAS TOO MANY ATOMS OR BONDS
GLIDE WARNING: Will skip atomtyping, docking.
Glide Extra Precision Mode active.
  
 REPORT OF DOCKED POSES
  
 The ligand structures were written to the file
glide-dock_XP_17621280-0002_raw.maegz

Exiting Glide
Date: Wednesday, September 01 2021, at 22:43:05 India Standard Time
CPU time (s): 90.7 user, 0.6 system, 92.2 real
Total elapsed time = 92 seconds (1 minutes, 32 seconds)
[running at reduced cpu priority]
######## end of glide-dock_XP_17621280-0002.log #########
