
====================================
            Glide Script            
====================================

--------------------------------------------------------------------------------
JobId          : JovelVargheseJose718-0-613844ff
Name           : glide-dock_XP_1
Program        : Glide
Host           : JovelVargheseJose718
Dir            : C:\Users\hp\Desktop\Hackbio\docking\6gh8_acetylcysteine and similar compounds\glide-dock_XP_1
HostEntry      : localhost
JobHost        : JovelVargheseJose718
JobDir         : C:\Users\hp\AppData\Local\Schrodinger\tmp\glide-dock_XP_1
JobSchrodinger : C:\Program Files\Schrodinger2020-3
Commandline    : C:\Program Files\Schrodinger2020-3\glide.exe glide-dock_XP_1.in -OVERWRITE -adjust -HOST localhost:1 -PROJ C:\Users\hp\AppData\Local\Schrodinger\tmp\Tmp_08Sep2021_1023_24283 -DISP append -VIEWNAME glide_docking_gui.DockingPanel -TMPLAUNCHDIR
StartTime      : 2021-09-08-10:37:12
--------------------------------------------------------------------------------

Running locally: False
Max retries: 2
Input file: glide-dock_XP_1.in

Setting up docking job
Separating ligands...
Number of structures that are to be docked: 1
Setting up Glide docking jobs...

Running subjobs on hosts:
  localhost (Max: 1)
Number of jobs:       1
Max retries per job:  2
Max allowed failures: unlimited
Run with -LOCAL:      False
Verbosity:            normal

Starting JobDJ...

Keep one job on driver host: False
JobDJ columns:
  C: Number of completed subjobs
  A: Number of active subjobs (e.g., submitted, running)
  W: Number of waiting/pending subjobs

C A W | Activity  JobId  JobName  JobHost
- - - | --------- -----------------------
0 1 0 | launched  JovelVargheseJose718-0-61384506 glide-dock_XP_1-0001 localhost [JovelVargheseJose718]
1 0 0 | finished  JovelVargheseJose718-0-61384506 glide-dock_XP_1-0001 localhost [JovelVargheseJose718]

All jobs have completed.

1 of 1 job(s) succeeded; 0 job(s) failed.

All jobs succeeded: 1 ligands done.
Writing poses to glide-dock_XP_1_pv.maegz
Combining log files to glide-dock_XP_1_subjobs.log
Archiving subjob pose files in glide-dock_XP_1_subjob_poses.zip
Archiving subjob input and log files in glide-dock_XP_1_subjobs.tar.gz
Cleaning up...

Elapsed times:
- preprocessing: 0.1 s
- running subjobs: 34.3 s
- postprocessing: 0.2 s
- cleanup: 0.0 s

All Glide docking subjobs: Total CPU time = 26 seconds

Finished at: Wed Sep  8 10:37:50 2021
Total elapsed time for Glide script = 34 seconds
[running at reduced cpu priority]
